2020-01-05 14:40:18,370 ERROR 10676 nodejs.ClusterClientNoResponseError: client no response in 5827524ms exceeding maxIdleTime 60000ms, maybe the connection is close on other side.
    at Timeout._onTimeout (C:\Users\Administrator\Desktop\shopping-master\server\node_modules\_cluster-client@3.0.1@cluster-client\lib\leader.js:77:23)
    at listOnTimeout (internal/timers.js:537:17)
    at processTimers (internal/timers.js:481:7)
name: "ClusterClientNoResponseError"
pid: 10676
hostname: Win10-2020RHOZL

2020-01-05 17:19:54,146 ERROR 9432 [-/127.0.0.1/-/22ms POST /v1/collection] nodejs.TypeError: Cannot read property 'id' of null
    at OperatingGoodsController.collection (C:\Users\Administrator\Desktop\shopping-master\server\app\controller\api\operatingGoods.js:16:24)
    at runMicrotasks (<anonymous>)
    at processTicksAndRejections (internal/process/task_queues.js:97:5)
    at async C:\Users\Administrator\Desktop\shopping-master\server\app\middleware\isLogin.js:15:13
    at async C:\Users\Administrator\Desktop\shopping-master\server\node_modules\_egg-development@2.4.3@egg-development\app\middleware\egg_loader_trace.js:9:50
    at async xframe (C:\Users\Administrator\Desktop\shopping-master\server\node_modules\_egg-security@2.7.1@egg-security\lib\middlewares\xframe.js:7:5)
    at async xssProtection (C:\Users\Administrator\Desktop\shopping-master\server\node_modules\_egg-security@2.7.1@egg-security\lib\middlewares\xssProtection.js:7:5)
    at async nosniff (C:\Users\Administrator\Desktop\shopping-master\server\node_modules\_egg-security@2.7.1@egg-security\lib\middlewares\nosniff.js:8:5)
    at async noopen (C:\Users\Administrator\Desktop\shopping-master\server\node_modules\_egg-security@2.7.1@egg-security\lib\middlewares\noopen.js:8:5)
    at async session (C:\Users\Administrator\Desktop\shopping-master\server\node_modules\_koa-session@5.12.3@koa-session\index.js:41:7)
    at async bodyParser (C:\Users\Administrator\Desktop\shopping-master\server\node_modules\_koa-bodyparser@4.2.1@koa-bodyparser\index.js:86:5)
    at async C:\Users\Administrator\Desktop\shopping-master\server\node_modules\_koa-static-cache@5.1.2@koa-static-cache\index.js:51:63
    at async notfound (C:\Users\Administrator\Desktop\shopping-master\server\node_modules\_egg@2.26.0@egg\app\middleware\notfound.js:5:5)
    at async meta (C:\Users\Administrator\Desktop\shopping-master\server\node_modules\_egg@2.26.0@egg\app\middleware\meta.js:12:5)

pid: 9432
hostname: Win10-2020RHOZL

2020-01-05 17:19:59,849 ERROR 9432 [-/127.0.0.1/-/3ms POST /v1/collection] nodejs.TypeError: Cannot read property 'id' of null
    at OperatingGoodsController.collection (C:\Users\Administrator\Desktop\shopping-master\server\app\controller\api\operatingGoods.js:16:24)
    at runMicrotasks (<anonymous>)
    at processTicksAndRejections (internal/process/task_queues.js:97:5)
    at async C:\Users\Administrator\Desktop\shopping-master\server\app\middleware\isLogin.js:15:13
    at async C:\Users\Administrator\Desktop\shopping-master\server\node_modules\_egg-development@2.4.3@egg-development\app\middleware\egg_loader_trace.js:9:50
    at async xframe (C:\Users\Administrator\Desktop\shopping-master\server\node_modules\_egg-security@2.7.1@egg-security\lib\middlewares\xframe.js:7:5)
    at async xssProtection (C:\Users\Administrator\Desktop\shopping-master\server\node_modules\_egg-security@2.7.1@egg-security\lib\middlewares\xssProtection.js:7:5)
    at async nosniff (C:\Users\Administrator\Desktop\shopping-master\server\node_modules\_egg-security@2.7.1@egg-security\lib\middlewares\nosniff.js:8:5)
    at async noopen (C:\Users\Administrator\Desktop\shopping-master\server\node_modules\_egg-security@2.7.1@egg-security\lib\middlewares\noopen.js:8:5)
    at async session (C:\Users\Administrator\Desktop\shopping-master\server\node_modules\_koa-session@5.12.3@koa-session\index.js:41:7)
    at async bodyParser (C:\Users\Administrator\Desktop\shopping-master\server\node_modules\_koa-bodyparser@4.2.1@koa-bodyparser\index.js:86:5)
    at async C:\Users\Administrator\Desktop\shopping-master\server\node_modules\_koa-static-cache@5.1.2@koa-static-cache\index.js:51:63
    at async notfound (C:\Users\Administrator\Desktop\shopping-master\server\node_modules\_egg@2.26.0@egg\app\middleware\notfound.js:5:5)
    at async meta (C:\Users\Administrator\Desktop\shopping-master\server\node_modules\_egg@2.26.0@egg\app\middleware\meta.js:12:5)

pid: 9432
hostname: Win10-2020RHOZL

