2019-04-26 21:53:24,619 INFO 12066 [egg-schedule]: register schedule /Users/lp1/Downloads/Vue-shopping-master/egg/node_modules/_egg-logrotator@3.1.0@egg-logrotator/app/schedule/clean_log.js
2019-04-26 21:53:24,619 INFO 12066 [egg-schedule]: register schedule /Users/lp1/Downloads/Vue-shopping-master/egg/node_modules/_egg-logrotator@3.1.0@egg-logrotator/app/schedule/rotate_by_file.js
2019-04-26 21:53:25,133 INFO 12060 [Timer] /Users/lp1/Downloads/Vue-shopping-master/egg/node_modules/_egg-logrotator@3.1.0@egg-logrotator/app/schedule/clean_log.js next time will execute after 7594868ms at 2019-04-27 00:00:00.001
2019-04-26 21:53:25,134 INFO 12060 [Timer] /Users/lp1/Downloads/Vue-shopping-master/egg/node_modules/_egg-logrotator@3.1.0@egg-logrotator/app/schedule/rotate_by_file.js next time will execute after 7595867ms at 2019-04-27 00:00:01.001
2019-04-27 08:36:27,870 INFO 6732 [egg-schedule]: register schedule C:\Users\Administrator\Desktop\shop\server\node_modules\egg-logrotator\app\schedule\clean_log.js
2019-04-27 08:36:27,870 INFO 6732 [egg-schedule]: register schedule C:\Users\Administrator\Desktop\shop\server\node_modules\egg-logrotator\app\schedule\rotate_by_file.js
2019-04-27 08:36:28,544 INFO 2016 [Timer] C:\Users\Administrator\Desktop\shop\server\node_modules\egg-logrotator\app\schedule\clean_log.js next time will execute after 55411458ms at 2019-04-28 00:00:00.002
2019-04-27 08:36:28,545 INFO 2016 [Timer] C:\Users\Administrator\Desktop\shop\server\node_modules\egg-logrotator\app\schedule\rotate_by_file.js next time will execute after 55412456ms at 2019-04-28 00:00:01.001
2019-04-27 10:25:49,289 INFO 3124 [egg-schedule]: register schedule C:\Users\Administrator\Desktop\shop\server\node_modules\egg-logrotator\app\schedule\clean_log.js
2019-04-27 10:25:49,289 INFO 3124 [egg-schedule]: register schedule C:\Users\Administrator\Desktop\shop\server\node_modules\egg-logrotator\app\schedule\rotate_by_file.js
2019-04-27 10:25:50,207 INFO 4408 [Timer] C:\Users\Administrator\Desktop\shop\server\node_modules\egg-logrotator\app\schedule\clean_log.js next time will execute after 48849796ms at 2019-04-28 00:00:00.003
2019-04-27 10:25:50,208 INFO 4408 [Timer] C:\Users\Administrator\Desktop\shop\server\node_modules\egg-logrotator\app\schedule\rotate_by_file.js next time will execute after 48850793ms at 2019-04-28 00:00:01.001
2019-04-30 13:56:42,574 INFO 7004 [egg-schedule]: register schedule C:\Users\Administrator\Desktop\shop\server\node_modules\_egg-logrotator@3.1.0@egg-logrotator\app\schedule\clean_log.js
2019-04-30 13:56:42,574 INFO 7004 [egg-schedule]: register schedule C:\Users\Administrator\Desktop\shop\server\node_modules\_egg-logrotator@3.1.0@egg-logrotator\app\schedule\rotate_by_file.js
2019-04-30 13:56:43,566 INFO 7296 [Timer] C:\Users\Administrator\Desktop\shop\server\node_modules\_egg-logrotator@3.1.0@egg-logrotator\app\schedule\clean_log.js next time will execute after 36196437ms at 2019-05-01 00:00:00.003
2019-04-30 13:56:43,566 INFO 7296 [Timer] C:\Users\Administrator\Desktop\shop\server\node_modules\_egg-logrotator@3.1.0@egg-logrotator\app\schedule\rotate_by_file.js next time will execute after 36197434ms at 2019-05-01 00:00:01.000
2019-04-30 14:03:27,981 INFO 1108 [egg-schedule]: register schedule C:\Users\Administrator\Desktop\shop\server\node_modules\_egg-logrotator@3.1.0@egg-logrotator\app\schedule\clean_log.js
2019-04-30 14:03:27,981 INFO 1108 [egg-schedule]: register schedule C:\Users\Administrator\Desktop\shop\server\node_modules\_egg-logrotator@3.1.0@egg-logrotator\app\schedule\rotate_by_file.js
2019-04-30 14:03:28,965 INFO 7224 [Timer] C:\Users\Administrator\Desktop\shop\server\node_modules\_egg-logrotator@3.1.0@egg-logrotator\app\schedule\clean_log.js next time will execute after 35791037ms at 2019-05-01 00:00:00.002
2019-04-30 14:03:28,965 INFO 7224 [Timer] C:\Users\Administrator\Desktop\shop\server\node_modules\_egg-logrotator@3.1.0@egg-logrotator\app\schedule\rotate_by_file.js next time will execute after 35792035ms at 2019-05-01 00:00:01.000
2019-04-30 15:00:05,800 INFO 6380 [egg-schedule]: register schedule C:\Users\Administrator\Desktop\shop\server\node_modules\_egg-logrotator@3.1.0@egg-logrotator\app\schedule\clean_log.js
2019-04-30 15:00:05,800 INFO 6380 [egg-schedule]: register schedule C:\Users\Administrator\Desktop\shop\server\node_modules\_egg-logrotator@3.1.0@egg-logrotator\app\schedule\rotate_by_file.js
2019-04-30 15:01:10,434 INFO 6940 [egg-schedule]: register schedule C:\Users\Administrator\Desktop\shop\server\node_modules\_egg-logrotator@3.1.0@egg-logrotator\app\schedule\clean_log.js
2019-04-30 15:01:10,434 INFO 6940 [egg-schedule]: register schedule C:\Users\Administrator\Desktop\shop\server\node_modules\_egg-logrotator@3.1.0@egg-logrotator\app\schedule\rotate_by_file.js
2019-04-30 15:10:23,300 INFO 1588 [egg-schedule]: register schedule C:\Users\Administrator\Desktop\shop\server\node_modules\_egg-logrotator@3.1.0@egg-logrotator\app\schedule\clean_log.js
2019-04-30 15:10:23,300 INFO 1588 [egg-schedule]: register schedule C:\Users\Administrator\Desktop\shop\server\node_modules\_egg-logrotator@3.1.0@egg-logrotator\app\schedule\rotate_by_file.js
2019-04-30 16:00:35,805 INFO 8096 [Timer] C:\Users\Administrator\Desktop\shop\server\node_modules\_egg-logrotator@3.1.0@egg-logrotator\app\schedule\clean_log.js next time will execute after 28764197ms at 2019-05-01 00:00:00.002
2019-04-30 16:00:35,806 INFO 8096 [Timer] C:\Users\Administrator\Desktop\shop\server\node_modules\_egg-logrotator@3.1.0@egg-logrotator\app\schedule\rotate_by_file.js next time will execute after 28765194ms at 2019-05-01 00:00:01.000
2019-04-30 16:00:34,907 INFO 2516 [egg-schedule]: register schedule C:\Users\Administrator\Desktop\shop\server\node_modules\_egg-logrotator@3.1.0@egg-logrotator\app\schedule\clean_log.js
2019-04-30 16:00:34,907 INFO 2516 [egg-schedule]: register schedule C:\Users\Administrator\Desktop\shop\server\node_modules\_egg-logrotator@3.1.0@egg-logrotator\app\schedule\rotate_by_file.js
2019-04-30 16:27:59,003 INFO 1652 [egg-schedule]: register schedule C:\Users\Administrator\Desktop\shop\server\node_modules\_egg-logrotator@3.1.0@egg-logrotator\app\schedule\clean_log.js
2019-04-30 16:27:59,003 INFO 1652 [egg-schedule]: register schedule C:\Users\Administrator\Desktop\shop\server\node_modules\_egg-logrotator@3.1.0@egg-logrotator\app\schedule\rotate_by_file.js
2019-04-30 16:27:59,901 INFO 3480 [Timer] C:\Users\Administrator\Desktop\shop\server\node_modules\_egg-logrotator@3.1.0@egg-logrotator\app\schedule\clean_log.js next time will execute after 27120102ms at 2019-05-01 00:00:00.003
2019-04-30 16:27:59,902 INFO 3480 [Timer] C:\Users\Administrator\Desktop\shop\server\node_modules\_egg-logrotator@3.1.0@egg-logrotator\app\schedule\rotate_by_file.js next time will execute after 27121098ms at 2019-05-01 00:00:01.000
2019-05-08 11:13:01,316 INFO 7920 [egg-schedule]: register schedule C:\Users\Administrator\Desktop\shop\server\node_modules\_egg-logrotator@3.1.0@egg-logrotator\app\schedule\clean_log.js
2019-05-08 11:13:01,316 INFO 7920 [egg-schedule]: register schedule C:\Users\Administrator\Desktop\shop\server\node_modules\_egg-logrotator@3.1.0@egg-logrotator\app\schedule\rotate_by_file.js
2019-05-08 11:13:02,273 INFO 7520 [Timer] C:\Users\Administrator\Desktop\shop\server\node_modules\_egg-logrotator@3.1.0@egg-logrotator\app\schedule\clean_log.js next time will execute after 46017730ms at 2019-05-09 00:00:00.003
2019-05-08 11:13:02,273 INFO 7520 [Timer] C:\Users\Administrator\Desktop\shop\server\node_modules\_egg-logrotator@3.1.0@egg-logrotator\app\schedule\rotate_by_file.js next time will execute after 46018727ms at 2019-05-09 00:00:01.000
2019-05-08 16:19:35,394 INFO 6608 [egg-schedule]: register schedule C:\Users\Administrator\Desktop\shop\server\node_modules\_egg-logrotator@3.1.0@egg-logrotator\app\schedule\clean_log.js
2019-05-08 16:19:35,394 INFO 6608 [egg-schedule]: register schedule C:\Users\Administrator\Desktop\shop\server\node_modules\_egg-logrotator@3.1.0@egg-logrotator\app\schedule\rotate_by_file.js
2019-05-08 16:19:36,932 INFO 3768 [Timer] C:\Users\Administrator\Desktop\shop\server\node_modules\_egg-logrotator@3.1.0@egg-logrotator\app\schedule\clean_log.js next time will execute after 27623072ms at 2019-05-09 00:00:00.004
2019-05-08 16:19:36,934 INFO 3768 [Timer] C:\Users\Administrator\Desktop\shop\server\node_modules\_egg-logrotator@3.1.0@egg-logrotator\app\schedule\rotate_by_file.js next time will execute after 27624067ms at 2019-05-09 00:00:01.001
2019-05-10 08:53:01,790 INFO 3636 [egg-schedule]: register schedule C:\Users\Administrator\Desktop\shop\server\node_modules\_egg-logrotator@3.1.0@egg-logrotator\app\schedule\clean_log.js
2019-05-10 08:53:01,790 INFO 3636 [egg-schedule]: register schedule C:\Users\Administrator\Desktop\shop\server\node_modules\_egg-logrotator@3.1.0@egg-logrotator\app\schedule\rotate_by_file.js
2019-05-10 08:53:02,667 INFO 7236 [Timer] C:\Users\Administrator\Desktop\shop\server\node_modules\_egg-logrotator@3.1.0@egg-logrotator\app\schedule\clean_log.js next time will execute after 54417335ms at 2019-05-11 00:00:00.002
2019-05-10 08:53:02,670 INFO 7236 [Timer] C:\Users\Administrator\Desktop\shop\server\node_modules\_egg-logrotator@3.1.0@egg-logrotator\app\schedule\rotate_by_file.js next time will execute after 54418333ms at 2019-05-11 00:00:01.002
2019-05-10 08:53:17,483 INFO 7048 [egg-schedule]: register schedule C:\Users\Administrator\Desktop\shop\server\node_modules\_egg-logrotator@3.1.0@egg-logrotator\app\schedule\clean_log.js
2019-05-10 08:53:17,483 INFO 7048 [egg-schedule]: register schedule C:\Users\Administrator\Desktop\shop\server\node_modules\_egg-logrotator@3.1.0@egg-logrotator\app\schedule\rotate_by_file.js
2019-05-10 08:53:18,095 INFO 7848 [Timer] C:\Users\Administrator\Desktop\shop\server\node_modules\_egg-logrotator@3.1.0@egg-logrotator\app\schedule\clean_log.js next time will execute after 54401907ms at 2019-05-11 00:00:00.002
2019-05-10 08:53:18,096 INFO 7848 [Timer] C:\Users\Administrator\Desktop\shop\server\node_modules\_egg-logrotator@3.1.0@egg-logrotator\app\schedule\rotate_by_file.js next time will execute after 54402904ms at 2019-05-11 00:00:01.000
2019-07-01 09:48:44,453 INFO 6592 [Timer] C:\Users\Administrator\Desktop\vue商城项目\server\node_modules\egg-multipart\app\schedule\clean_tmpdir.js next time will execute after 67275550ms at 2019-07-02 04:30:00.003
2019-07-01 09:48:44,453 INFO 6592 [Timer] C:\Users\Administrator\Desktop\vue商城项目\server\node_modules\egg-logrotator\app\schedule\clean_log.js next time will execute after 51075547ms at 2019-07-02 00:00:00.000
2019-07-01 09:48:44,453 INFO 6592 [Timer] C:\Users\Administrator\Desktop\vue商城项目\server\node_modules\egg-logrotator\app\schedule\rotate_by_file.js next time will execute after 51076547ms at 2019-07-02 00:00:01.000
2019-07-01 09:48:43,807 INFO 404 [egg-schedule]: register schedule C:\Users\Administrator\Desktop\vue商城项目\server\node_modules\egg-multipart\app\schedule\clean_tmpdir.js
2019-07-01 09:48:43,807 INFO 404 [egg-schedule]: register schedule C:\Users\Administrator\Desktop\vue商城项目\server\node_modules\egg-logrotator\app\schedule\clean_log.js
2019-07-01 09:48:43,807 INFO 404 [egg-schedule]: register schedule C:\Users\Administrator\Desktop\vue商城项目\server\node_modules\egg-logrotator\app\schedule\rotate_by_file.js
2019-07-03 14:42:37,687 INFO 9404 [egg-schedule]: register schedule C:\Users\Administrator\Desktop\vue商城项目\server\node_modules\egg-multipart\app\schedule\clean_tmpdir.js
2019-07-03 14:42:37,687 INFO 9404 [egg-schedule]: register schedule C:\Users\Administrator\Desktop\vue商城项目\server\node_modules\egg-logrotator\app\schedule\clean_log.js
2019-07-03 14:42:37,687 INFO 9404 [egg-schedule]: register schedule C:\Users\Administrator\Desktop\vue商城项目\server\node_modules\egg-logrotator\app\schedule\rotate_by_file.js
2019-07-03 14:42:38,972 INFO 7312 [Timer] C:\Users\Administrator\Desktop\vue商城项目\server\node_modules\egg-multipart\app\schedule\clean_tmpdir.js next time will execute after 49641031ms at 2019-07-04 04:30:00.003
2019-07-03 14:42:38,973 INFO 7312 [Timer] C:\Users\Administrator\Desktop\vue商城项目\server\node_modules\egg-logrotator\app\schedule\clean_log.js next time will execute after 33441027ms at 2019-07-04 00:00:00.000
2019-07-03 14:42:38,973 INFO 7312 [Timer] C:\Users\Administrator\Desktop\vue商城项目\server\node_modules\egg-logrotator\app\schedule\rotate_by_file.js next time will execute after 33442027ms at 2019-07-04 00:00:01.000
2019-07-03 15:24:23,579 INFO 10252 [egg-schedule]: register schedule C:\Users\Administrator\Desktop\vue商城项目\server\node_modules\egg-multipart\app\schedule\clean_tmpdir.js
2019-07-03 15:24:23,579 INFO 10252 [egg-schedule]: register schedule C:\Users\Administrator\Desktop\vue商城项目\server\node_modules\egg-logrotator\app\schedule\clean_log.js
2019-07-03 15:24:23,579 INFO 10252 [egg-schedule]: register schedule C:\Users\Administrator\Desktop\vue商城项目\server\node_modules\egg-logrotator\app\schedule\rotate_by_file.js
2019-07-03 15:24:24,757 INFO 6160 [Timer] C:\Users\Administrator\Desktop\vue商城项目\server\node_modules\egg-multipart\app\schedule\clean_tmpdir.js next time will execute after 47135246ms at 2019-07-04 04:30:00.003
2019-07-03 15:24:24,758 INFO 6160 [Timer] C:\Users\Administrator\Desktop\vue商城项目\server\node_modules\egg-logrotator\app\schedule\clean_log.js next time will execute after 30935243ms at 2019-07-04 00:00:00.001
2019-07-03 15:24:24,758 INFO 6160 [Timer] C:\Users\Administrator\Desktop\vue商城项目\server\node_modules\egg-logrotator\app\schedule\rotate_by_file.js next time will execute after 30936242ms at 2019-07-04 00:00:01.000
2019-12-28 14:37:21,016 INFO 2636 [egg-schedule]: register schedule C:\Users\Administrator\Desktop\Shopping Mall\server\node_modules\egg-multipart\app\schedule\clean_tmpdir.js
2019-12-28 14:37:21,016 INFO 2636 [egg-schedule]: register schedule C:\Users\Administrator\Desktop\Shopping Mall\server\node_modules\egg-logrotator\app\schedule\clean_log.js
2019-12-28 14:37:21,017 INFO 2636 [egg-schedule]: register schedule C:\Users\Administrator\Desktop\Shopping Mall\server\node_modules\egg-logrotator\app\schedule\rotate_by_file.js
2019-12-28 14:37:21,888 INFO 6948 [Timer] C:\Users\Administrator\Desktop\Shopping Mall\server\node_modules\egg-multipart\app\schedule\clean_tmpdir.js next time will execute after 49958114ms at 2019-12-29 04:30:00.002
2019-12-28 14:37:21,888 INFO 6948 [Timer] C:\Users\Administrator\Desktop\Shopping Mall\server\node_modules\egg-logrotator\app\schedule\clean_log.js next time will execute after 33758112ms at 2019-12-29 00:00:00.000
2019-12-28 14:37:21,888 INFO 6948 [Timer] C:\Users\Administrator\Desktop\Shopping Mall\server\node_modules\egg-logrotator\app\schedule\rotate_by_file.js next time will execute after 33759112ms at 2019-12-29 00:00:01.000
2019-12-28 15:59:00,879 INFO 9356 [egg-schedule]: register schedule C:\Users\Administrator\Desktop\shopping\server\node_modules\egg-multipart\app\schedule\clean_tmpdir.js
2019-12-28 15:59:00,879 INFO 9356 [egg-schedule]: register schedule C:\Users\Administrator\Desktop\shopping\server\node_modules\egg-logrotator\app\schedule\clean_log.js
2019-12-28 15:59:00,879 INFO 9356 [egg-schedule]: register schedule C:\Users\Administrator\Desktop\shopping\server\node_modules\egg-logrotator\app\schedule\rotate_by_file.js
2019-12-28 15:59:02,712 INFO 9268 [Timer] C:\Users\Administrator\Desktop\shopping\server\node_modules\egg-multipart\app\schedule\clean_tmpdir.js next time will execute after 45057293ms at 2019-12-29 04:30:00.005
2019-12-28 15:59:02,713 INFO 9268 [Timer] C:\Users\Administrator\Desktop\shopping\server\node_modules\egg-logrotator\app\schedule\clean_log.js next time will execute after 28857288ms at 2019-12-29 00:00:00.001
2019-12-28 15:59:02,714 INFO 9268 [Timer] C:\Users\Administrator\Desktop\shopping\server\node_modules\egg-logrotator\app\schedule\rotate_by_file.js next time will execute after 28858287ms at 2019-12-29 00:00:01.001
2019-12-30 09:24:15,304 INFO 3364 [egg-schedule]: register schedule C:\Users\Administrator\Desktop\shopping\server\node_modules\egg-multipart\app\schedule\clean_tmpdir.js
2019-12-30 09:24:15,304 INFO 3364 [egg-schedule]: register schedule C:\Users\Administrator\Desktop\shopping\server\node_modules\egg-logrotator\app\schedule\clean_log.js
2019-12-30 09:24:15,304 INFO 3364 [egg-schedule]: register schedule C:\Users\Administrator\Desktop\shopping\server\node_modules\egg-logrotator\app\schedule\rotate_by_file.js
2019-12-30 09:24:16,585 INFO 2768 [Timer] C:\Users\Administrator\Desktop\shopping\server\node_modules\egg-multipart\app\schedule\clean_tmpdir.js next time will execute after 68743418ms at 2019-12-31 04:30:00.003
2019-12-30 09:24:16,585 INFO 2768 [Timer] C:\Users\Administrator\Desktop\shopping\server\node_modules\egg-logrotator\app\schedule\clean_log.js next time will execute after 52543415ms at 2019-12-31 00:00:00.000
2019-12-30 09:24:16,586 INFO 2768 [Timer] C:\Users\Administrator\Desktop\shopping\server\node_modules\egg-logrotator\app\schedule\rotate_by_file.js next time will execute after 52544415ms at 2019-12-31 00:00:01.001
2019-12-31 10:54:54,407 INFO 5144 [egg-schedule]: register schedule C:\Users\Administrator\Desktop\shopping\server\node_modules\egg-multipart\app\schedule\clean_tmpdir.js
2019-12-31 10:54:54,407 INFO 5144 [egg-schedule]: register schedule C:\Users\Administrator\Desktop\shopping\server\node_modules\egg-logrotator\app\schedule\clean_log.js
2019-12-31 10:54:54,407 INFO 5144 [egg-schedule]: register schedule C:\Users\Administrator\Desktop\shopping\server\node_modules\egg-logrotator\app\schedule\rotate_by_file.js
2019-12-31 10:54:55,662 INFO 972 [Timer] C:\Users\Administrator\Desktop\shopping\server\node_modules\egg-multipart\app\schedule\clean_tmpdir.js next time will execute after 63304341ms at 2020-01-01 04:30:00.003
2019-12-31 10:54:55,662 INFO 972 [Timer] C:\Users\Administrator\Desktop\shopping\server\node_modules\egg-logrotator\app\schedule\clean_log.js next time will execute after 47104338ms at 2020-01-01 00:00:00.000
2019-12-31 10:54:55,662 INFO 972 [Timer] C:\Users\Administrator\Desktop\shopping\server\node_modules\egg-logrotator\app\schedule\rotate_by_file.js next time will execute after 47105338ms at 2020-01-01 00:00:01.000
2019-12-31 14:10:52,444 INFO 7444 [egg-schedule]: register schedule C:\Users\Administrator\Desktop\shopping\server\node_modules\egg-multipart\app\schedule\clean_tmpdir.js
2019-12-31 14:10:52,444 INFO 7444 [egg-schedule]: register schedule C:\Users\Administrator\Desktop\shopping\server\node_modules\egg-logrotator\app\schedule\clean_log.js
2019-12-31 14:10:52,444 INFO 7444 [egg-schedule]: register schedule C:\Users\Administrator\Desktop\shopping\server\node_modules\egg-logrotator\app\schedule\rotate_by_file.js
2019-12-31 14:10:53,623 INFO 9248 [Timer] C:\Users\Administrator\Desktop\shopping\server\node_modules\egg-multipart\app\schedule\clean_tmpdir.js next time will execute after 51546379ms at 2020-01-01 04:30:00.002
2019-12-31 14:10:53,623 INFO 9248 [Timer] C:\Users\Administrator\Desktop\shopping\server\node_modules\egg-logrotator\app\schedule\clean_log.js next time will execute after 35346377ms at 2020-01-01 00:00:00.000
2019-12-31 14:10:53,624 INFO 9248 [Timer] C:\Users\Administrator\Desktop\shopping\server\node_modules\egg-logrotator\app\schedule\rotate_by_file.js next time will execute after 35347377ms at 2020-01-01 00:00:01.001
2020-01-02 08:30:24,838 INFO 5904 [egg-schedule]: register schedule C:\Users\Administrator\Desktop\shopping\server\node_modules\egg-multipart\app\schedule\clean_tmpdir.js
2020-01-02 08:30:24,838 INFO 5904 [egg-schedule]: register schedule C:\Users\Administrator\Desktop\shopping\server\node_modules\egg-logrotator\app\schedule\clean_log.js
2020-01-02 08:30:24,838 INFO 5904 [egg-schedule]: register schedule C:\Users\Administrator\Desktop\shopping\server\node_modules\egg-logrotator\app\schedule\rotate_by_file.js
2020-01-02 08:30:25,994 INFO 5812 [Timer] C:\Users\Administrator\Desktop\shopping\server\node_modules\egg-multipart\app\schedule\clean_tmpdir.js next time will execute after 71974008ms at 2020-01-03 04:30:00.002
2020-01-02 08:30:25,995 INFO 5812 [Timer] C:\Users\Administrator\Desktop\shopping\server\node_modules\egg-logrotator\app\schedule\clean_log.js next time will execute after 55774005ms at 2020-01-03 00:00:00.000
2020-01-02 08:30:25,995 INFO 5812 [Timer] C:\Users\Administrator\Desktop\shopping\server\node_modules\egg-logrotator\app\schedule\rotate_by_file.js next time will execute after 55775005ms at 2020-01-03 00:00:01.000
2020-01-03 08:33:54,716 INFO 6016 [egg-schedule]: register schedule C:\Users\Administrator\Desktop\shopping\server\node_modules\egg-multipart\app\schedule\clean_tmpdir.js
2020-01-03 08:33:54,716 INFO 6016 [egg-schedule]: register schedule C:\Users\Administrator\Desktop\shopping\server\node_modules\egg-logrotator\app\schedule\clean_log.js
2020-01-03 08:33:54,716 INFO 6016 [egg-schedule]: register schedule C:\Users\Administrator\Desktop\shopping\server\node_modules\egg-logrotator\app\schedule\rotate_by_file.js
2020-01-03 08:33:55,967 INFO 6256 [Timer] C:\Users\Administrator\Desktop\shopping\server\node_modules\egg-multipart\app\schedule\clean_tmpdir.js next time will execute after 71764035ms at 2020-01-04 04:30:00.002
2020-01-03 08:33:55,968 INFO 6256 [Timer] C:\Users\Administrator\Desktop\shopping\server\node_modules\egg-logrotator\app\schedule\clean_log.js next time will execute after 55564032ms at 2020-01-04 00:00:00.000
2020-01-03 08:33:55,968 INFO 6256 [Timer] C:\Users\Administrator\Desktop\shopping\server\node_modules\egg-logrotator\app\schedule\rotate_by_file.js next time will execute after 55565032ms at 2020-01-04 00:00:01.000
2020-01-04 21:09:58,092 INFO 7344 [egg-schedule]: register schedule C:\Users\Administrator\Desktop\shopping-master\server\node_modules\_egg-multipart@2.10.1@egg-multipart\app\schedule\clean_tmpdir.js
2020-01-04 21:09:58,092 INFO 7344 [egg-schedule]: register schedule C:\Users\Administrator\Desktop\shopping-master\server\node_modules\_egg-logrotator@3.1.0@egg-logrotator\app\schedule\clean_log.js
2020-01-04 21:09:58,092 INFO 7344 [egg-schedule]: register schedule C:\Users\Administrator\Desktop\shopping-master\server\node_modules\_egg-logrotator@3.1.0@egg-logrotator\app\schedule\rotate_by_file.js
2020-01-04 21:10:00,817 INFO 13292 [Timer] C:\Users\Administrator\Desktop\shopping-master\server\node_modules\_egg-multipart@2.10.1@egg-multipart\app\schedule\clean_tmpdir.js next time will execute after 26399188ms at 2020-01-05 04:30:00.004
2020-01-04 21:10:00,817 INFO 13292 [Timer] C:\Users\Administrator\Desktop\shopping-master\server\node_modules\_egg-logrotator@3.1.0@egg-logrotator\app\schedule\clean_log.js next time will execute after 10199183ms at 2020-01-05 00:00:00.000
2020-01-04 21:10:00,818 INFO 13292 [Timer] C:\Users\Administrator\Desktop\shopping-master\server\node_modules\_egg-logrotator@3.1.0@egg-logrotator\app\schedule\rotate_by_file.js next time will execute after 10200183ms at 2020-01-05 00:00:01.001
2020-01-05 10:07:10,083 INFO 10676 [Timer] C:\Users\Administrator\Desktop\shopping-master\server\node_modules\_egg-multipart@2.10.1@egg-multipart\app\schedule\clean_tmpdir.js next time will execute after 66169922ms at 2020-01-06 04:30:00.005
2020-01-05 10:07:10,084 INFO 10676 [Timer] C:\Users\Administrator\Desktop\shopping-master\server\node_modules\_egg-logrotator@3.1.0@egg-logrotator\app\schedule\clean_log.js next time will execute after 49969917ms at 2020-01-06 00:00:00.001
2020-01-05 10:07:10,084 INFO 10676 [Timer] C:\Users\Administrator\Desktop\shopping-master\server\node_modules\_egg-logrotator@3.1.0@egg-logrotator\app\schedule\rotate_by_file.js next time will execute after 49970916ms at 2020-01-06 00:00:01.000
2020-01-05 10:07:09,232 INFO 9432 [egg-schedule]: register schedule C:\Users\Administrator\Desktop\shopping-master\server\node_modules\_egg-multipart@2.10.1@egg-multipart\app\schedule\clean_tmpdir.js
2020-01-05 10:07:09,232 INFO 9432 [egg-schedule]: register schedule C:\Users\Administrator\Desktop\shopping-master\server\node_modules\_egg-logrotator@3.1.0@egg-logrotator\app\schedule\clean_log.js
2020-01-05 10:07:09,232 INFO 9432 [egg-schedule]: register schedule C:\Users\Administrator\Desktop\shopping-master\server\node_modules\_egg-logrotator@3.1.0@egg-logrotator\app\schedule\rotate_by_file.js
2020-01-05 18:16:09,091 INFO 8636 [egg-schedule]: register schedule C:\Users\Administrator\Desktop\shopping-master\server\node_modules\_egg-multipart@2.10.1@egg-multipart\app\schedule\clean_tmpdir.js
2020-01-05 18:16:09,091 INFO 8636 [egg-schedule]: register schedule C:\Users\Administrator\Desktop\shopping-master\server\node_modules\_egg-logrotator@3.1.0@egg-logrotator\app\schedule\clean_log.js
2020-01-05 18:16:09,092 INFO 8636 [egg-schedule]: register schedule C:\Users\Administrator\Desktop\shopping-master\server\node_modules\_egg-logrotator@3.1.0@egg-logrotator\app\schedule\rotate_by_file.js
2020-01-05 18:16:12,875 INFO 1872 [Timer] C:\Users\Administrator\Desktop\shopping-master\server\node_modules\_egg-multipart@2.10.1@egg-multipart\app\schedule\clean_tmpdir.js next time will execute after 36827129ms at 2020-01-06 04:30:00.004
2020-01-05 18:16:12,876 INFO 1872 [Timer] C:\Users\Administrator\Desktop\shopping-master\server\node_modules\_egg-logrotator@3.1.0@egg-logrotator\app\schedule\clean_log.js next time will execute after 20627124ms at 2020-01-06 00:00:00.000
2020-01-05 18:16:12,876 INFO 1872 [Timer] C:\Users\Administrator\Desktop\shopping-master\server\node_modules\_egg-logrotator@3.1.0@egg-logrotator\app\schedule\rotate_by_file.js next time will execute after 20628124ms at 2020-01-06 00:00:01.000
2020-01-05 20:15:52,139 INFO 10792 [egg-schedule]: register schedule C:\Users\Administrator\Desktop\shopping-master\server\node_modules\_egg-multipart@2.10.1@egg-multipart\app\schedule\clean_tmpdir.js
2020-01-05 20:15:52,139 INFO 10792 [egg-schedule]: register schedule C:\Users\Administrator\Desktop\shopping-master\server\node_modules\_egg-logrotator@3.1.0@egg-logrotator\app\schedule\clean_log.js
2020-01-05 20:15:52,139 INFO 10792 [egg-schedule]: register schedule C:\Users\Administrator\Desktop\shopping-master\server\node_modules\_egg-logrotator@3.1.0@egg-logrotator\app\schedule\rotate_by_file.js
2020-01-05 20:15:54,790 INFO 3232 [Timer] C:\Users\Administrator\Desktop\shopping-master\server\node_modules\_egg-multipart@2.10.1@egg-multipart\app\schedule\clean_tmpdir.js next time will execute after 29645215ms at 2020-01-06 04:30:00.005
2020-01-05 20:15:54,791 INFO 3232 [Timer] C:\Users\Administrator\Desktop\shopping-master\server\node_modules\_egg-logrotator@3.1.0@egg-logrotator\app\schedule\clean_log.js next time will execute after 13445210ms at 2020-01-06 00:00:00.001
2020-01-05 20:15:54,791 INFO 3232 [Timer] C:\Users\Administrator\Desktop\shopping-master\server\node_modules\_egg-logrotator@3.1.0@egg-logrotator\app\schedule\rotate_by_file.js next time will execute after 13446209ms at 2020-01-06 00:00:01.000
2020-01-06 08:42:42,517 INFO 5172 [egg-schedule]: register schedule C:\Users\Administrator\Desktop\shoppingcar\server\node_modules\_egg-multipart@2.10.1@egg-multipart\app\schedule\clean_tmpdir.js
2020-01-06 08:42:42,517 INFO 5172 [egg-schedule]: register schedule C:\Users\Administrator\Desktop\shoppingcar\server\node_modules\_egg-logrotator@3.1.0@egg-logrotator\app\schedule\clean_log.js
2020-01-06 08:42:42,517 INFO 5172 [egg-schedule]: register schedule C:\Users\Administrator\Desktop\shoppingcar\server\node_modules\_egg-logrotator@3.1.0@egg-logrotator\app\schedule\rotate_by_file.js
2020-01-06 08:42:48,427 INFO 6052 [Timer] C:\Users\Administrator\Desktop\shoppingcar\server\node_modules\_egg-multipart@2.10.1@egg-multipart\app\schedule\clean_tmpdir.js next time will execute after 71231576ms at 2020-01-07 04:30:00.003
2020-01-06 08:42:48,428 INFO 6052 [Timer] C:\Users\Administrator\Desktop\shoppingcar\server\node_modules\_egg-logrotator@3.1.0@egg-logrotator\app\schedule\clean_log.js next time will execute after 55031572ms at 2020-01-07 00:00:00.000
2020-01-06 08:42:48,429 INFO 6052 [Timer] C:\Users\Administrator\Desktop\shoppingcar\server\node_modules\_egg-logrotator@3.1.0@egg-logrotator\app\schedule\rotate_by_file.js next time will execute after 55032572ms at 2020-01-07 00:00:01.001
2020-01-06 09:32:08,054 INFO 7316 [egg-schedule]: register schedule C:\Users\Administrator\Desktop\shoppingcar\server\node_modules\_egg-multipart@2.10.1@egg-multipart\app\schedule\clean_tmpdir.js
2020-01-06 09:32:08,055 INFO 7316 [egg-schedule]: register schedule C:\Users\Administrator\Desktop\shoppingcar\server\node_modules\_egg-logrotator@3.1.0@egg-logrotator\app\schedule\clean_log.js
2020-01-06 09:32:08,055 INFO 7316 [egg-schedule]: register schedule C:\Users\Administrator\Desktop\shoppingcar\server\node_modules\_egg-logrotator@3.1.0@egg-logrotator\app\schedule\rotate_by_file.js
2020-01-06 09:33:24,005 INFO 8388 [egg-schedule]: register schedule C:\Users\Administrator\Desktop\shoppingcar\server\node_modules\_egg-multipart@2.10.1@egg-multipart\app\schedule\clean_tmpdir.js
2020-01-06 09:33:24,005 INFO 8388 [egg-schedule]: register schedule C:\Users\Administrator\Desktop\shoppingcar\server\node_modules\_egg-logrotator@3.1.0@egg-logrotator\app\schedule\clean_log.js
2020-01-06 09:33:24,005 INFO 8388 [egg-schedule]: register schedule C:\Users\Administrator\Desktop\shoppingcar\server\node_modules\_egg-logrotator@3.1.0@egg-logrotator\app\schedule\rotate_by_file.js
2020-01-06 09:34:27,152 INFO 8256 [egg-schedule]: register schedule C:\Users\Administrator\Desktop\shoppingcar\server\node_modules\_egg-multipart@2.10.1@egg-multipart\app\schedule\clean_tmpdir.js
2020-01-06 09:34:27,152 INFO 8256 [egg-schedule]: register schedule C:\Users\Administrator\Desktop\shoppingcar\server\node_modules\_egg-logrotator@3.1.0@egg-logrotator\app\schedule\clean_log.js
2020-01-06 09:34:27,152 INFO 8256 [egg-schedule]: register schedule C:\Users\Administrator\Desktop\shoppingcar\server\node_modules\_egg-logrotator@3.1.0@egg-logrotator\app\schedule\rotate_by_file.js
2020-01-06 09:34:41,431 INFO 6676 [egg-schedule]: register schedule C:\Users\Administrator\Desktop\shoppingcar\server\node_modules\_egg-multipart@2.10.1@egg-multipart\app\schedule\clean_tmpdir.js
2020-01-06 09:34:41,431 INFO 6676 [egg-schedule]: register schedule C:\Users\Administrator\Desktop\shoppingcar\server\node_modules\_egg-logrotator@3.1.0@egg-logrotator\app\schedule\clean_log.js
2020-01-06 09:34:41,431 INFO 6676 [egg-schedule]: register schedule C:\Users\Administrator\Desktop\shoppingcar\server\node_modules\_egg-logrotator@3.1.0@egg-logrotator\app\schedule\rotate_by_file.js
2020-01-06 09:34:56,864 INFO 8180 [egg-schedule]: register schedule C:\Users\Administrator\Desktop\shoppingcar\server\node_modules\_egg-multipart@2.10.1@egg-multipart\app\schedule\clean_tmpdir.js
2020-01-06 09:34:56,864 INFO 8180 [egg-schedule]: register schedule C:\Users\Administrator\Desktop\shoppingcar\server\node_modules\_egg-logrotator@3.1.0@egg-logrotator\app\schedule\clean_log.js
2020-01-06 09:34:56,864 INFO 8180 [egg-schedule]: register schedule C:\Users\Administrator\Desktop\shoppingcar\server\node_modules\_egg-logrotator@3.1.0@egg-logrotator\app\schedule\rotate_by_file.js
2020-01-06 21:22:37,866 INFO 12064 [egg-schedule]: register schedule C:\Users\Administrator\Desktop\shopping-master\server\node_modules\_egg-multipart@2.10.1@egg-multipart\app\schedule\clean_tmpdir.js
2020-01-06 21:22:37,866 INFO 12064 [egg-schedule]: register schedule C:\Users\Administrator\Desktop\shopping-master\server\node_modules\_egg-logrotator@3.1.0@egg-logrotator\app\schedule\clean_log.js
2020-01-06 21:22:37,866 INFO 12064 [egg-schedule]: register schedule C:\Users\Administrator\Desktop\shopping-master\server\node_modules\_egg-logrotator@3.1.0@egg-logrotator\app\schedule\rotate_by_file.js
2020-01-06 21:22:41,769 INFO 6192 [Timer] C:\Users\Administrator\Desktop\shopping-master\server\node_modules\_egg-multipart@2.10.1@egg-multipart\app\schedule\clean_tmpdir.js next time will execute after 25638236ms at 2020-01-07 04:30:00.004
2020-01-06 21:22:41,769 INFO 6192 [Timer] C:\Users\Administrator\Desktop\shopping-master\server\node_modules\_egg-logrotator@3.1.0@egg-logrotator\app\schedule\clean_log.js next time will execute after 9438231ms at 2020-01-07 00:00:00.000
2020-01-06 21:22:41,769 INFO 6192 [Timer] C:\Users\Administrator\Desktop\shopping-master\server\node_modules\_egg-logrotator@3.1.0@egg-logrotator\app\schedule\rotate_by_file.js next time will execute after 9439231ms at 2020-01-07 00:00:01.000
2020-01-06 21:51:29,946 INFO 5612 [Timer] C:\Users\Administrator\Desktop\shopping-master\server\node_modules\_egg-multipart@2.10.1@egg-multipart\app\schedule\clean_tmpdir.js next time will execute after 23910056ms at 2020-01-07 04:30:00.002
2020-01-06 21:51:29,947 INFO 5612 [Timer] C:\Users\Administrator\Desktop\shopping-master\server\node_modules\_egg-logrotator@3.1.0@egg-logrotator\app\schedule\clean_log.js next time will execute after 7710054ms at 2020-01-07 00:00:00.000
2020-01-06 21:51:29,947 INFO 5612 [Timer] C:\Users\Administrator\Desktop\shopping-master\server\node_modules\_egg-logrotator@3.1.0@egg-logrotator\app\schedule\rotate_by_file.js next time will execute after 7711053ms at 2020-01-07 00:00:01.000
2020-01-06 21:51:29,196 INFO 7892 [egg-schedule]: register schedule C:\Users\Administrator\Desktop\shopping-master\server\node_modules\_egg-multipart@2.10.1@egg-multipart\app\schedule\clean_tmpdir.js
2020-01-06 21:51:29,196 INFO 7892 [egg-schedule]: register schedule C:\Users\Administrator\Desktop\shopping-master\server\node_modules\_egg-logrotator@3.1.0@egg-logrotator\app\schedule\clean_log.js
2020-01-06 21:51:29,196 INFO 7892 [egg-schedule]: register schedule C:\Users\Administrator\Desktop\shopping-master\server\node_modules\_egg-logrotator@3.1.0@egg-logrotator\app\schedule\rotate_by_file.js
2020-01-06 21:51:57,952 INFO 6364 [egg-schedule]: register schedule C:\Users\Administrator\Desktop\shopping-master\server\node_modules\_egg-multipart@2.10.1@egg-multipart\app\schedule\clean_tmpdir.js
2020-01-06 21:51:57,952 INFO 6364 [egg-schedule]: register schedule C:\Users\Administrator\Desktop\shopping-master\server\node_modules\_egg-logrotator@3.1.0@egg-logrotator\app\schedule\clean_log.js
2020-01-06 21:51:57,952 INFO 6364 [egg-schedule]: register schedule C:\Users\Administrator\Desktop\shopping-master\server\node_modules\_egg-logrotator@3.1.0@egg-logrotator\app\schedule\rotate_by_file.js
2020-01-06 21:51:58,806 INFO 5712 [Timer] C:\Users\Administrator\Desktop\shopping-master\server\node_modules\_egg-multipart@2.10.1@egg-multipart\app\schedule\clean_tmpdir.js next time will execute after 23881198ms at 2020-01-07 04:30:00.004
2020-01-06 21:51:58,807 INFO 5712 [Timer] C:\Users\Administrator\Desktop\shopping-master\server\node_modules\_egg-logrotator@3.1.0@egg-logrotator\app\schedule\clean_log.js next time will execute after 7681193ms at 2020-01-07 00:00:00.000
2020-01-06 21:51:58,807 INFO 5712 [Timer] C:\Users\Administrator\Desktop\shopping-master\server\node_modules\_egg-logrotator@3.1.0@egg-logrotator\app\schedule\rotate_by_file.js next time will execute after 7682193ms at 2020-01-07 00:00:01.000
2020-01-07 08:36:04,560 INFO 6344 [egg-schedule]: register schedule C:\Users\Administrator\Desktop\shoppingcar\server\node_modules\_egg-multipart@2.10.1@egg-multipart\app\schedule\clean_tmpdir.js
2020-01-07 08:36:04,560 INFO 6344 [egg-schedule]: register schedule C:\Users\Administrator\Desktop\shoppingcar\server\node_modules\_egg-logrotator@3.1.0@egg-logrotator\app\schedule\clean_log.js
2020-01-07 08:36:04,560 INFO 6344 [egg-schedule]: register schedule C:\Users\Administrator\Desktop\shoppingcar\server\node_modules\_egg-logrotator@3.1.0@egg-logrotator\app\schedule\rotate_by_file.js
2020-01-07 08:36:11,573 INFO 3844 [Timer] C:\Users\Administrator\Desktop\shoppingcar\server\node_modules\_egg-multipart@2.10.1@egg-multipart\app\schedule\clean_tmpdir.js next time will execute after 71628430ms at 2020-01-08 04:30:00.003
2020-01-07 08:36:11,574 INFO 3844 [Timer] C:\Users\Administrator\Desktop\shoppingcar\server\node_modules\_egg-logrotator@3.1.0@egg-logrotator\app\schedule\clean_log.js next time will execute after 55428427ms at 2020-01-08 00:00:00.001
2020-01-07 08:36:11,574 INFO 3844 [Timer] C:\Users\Administrator\Desktop\shoppingcar\server\node_modules\_egg-logrotator@3.1.0@egg-logrotator\app\schedule\rotate_by_file.js next time will execute after 55429426ms at 2020-01-08 00:00:01.000
2020-01-07 21:41:13,384 INFO 1468 [egg-schedule]: register schedule C:\Users\Administrator\Desktop\shopping-master\server\node_modules\_egg-multipart@2.10.1@egg-multipart\app\schedule\clean_tmpdir.js
2020-01-07 21:41:13,384 INFO 1468 [egg-schedule]: register schedule C:\Users\Administrator\Desktop\shopping-master\server\node_modules\_egg-logrotator@3.1.0@egg-logrotator\app\schedule\clean_log.js
2020-01-07 21:41:13,384 INFO 1468 [egg-schedule]: register schedule C:\Users\Administrator\Desktop\shopping-master\server\node_modules\_egg-logrotator@3.1.0@egg-logrotator\app\schedule\rotate_by_file.js
2020-01-07 21:41:14,269 INFO 12004 [Timer] C:\Users\Administrator\Desktop\shopping-master\server\node_modules\_egg-multipart@2.10.1@egg-multipart\app\schedule\clean_tmpdir.js next time will execute after 24525734ms at 2020-01-08 04:30:00.003
2020-01-07 21:41:14,269 INFO 12004 [Timer] C:\Users\Administrator\Desktop\shopping-master\server\node_modules\_egg-logrotator@3.1.0@egg-logrotator\app\schedule\clean_log.js next time will execute after 8325731ms at 2020-01-08 00:00:00.000
2020-01-07 21:41:14,270 INFO 12004 [Timer] C:\Users\Administrator\Desktop\shopping-master\server\node_modules\_egg-logrotator@3.1.0@egg-logrotator\app\schedule\rotate_by_file.js next time will execute after 8326730ms at 2020-01-08 00:00:01.000
2020-01-08 08:34:56,385 INFO 5412 [egg-schedule]: register schedule C:\Users\Administrator\Desktop\shoppingcar\server\node_modules\_egg-multipart@2.10.1@egg-multipart\app\schedule\clean_tmpdir.js
2020-01-08 08:34:56,385 INFO 5412 [egg-schedule]: register schedule C:\Users\Administrator\Desktop\shoppingcar\server\node_modules\_egg-logrotator@3.1.0@egg-logrotator\app\schedule\clean_log.js
2020-01-08 08:34:56,385 INFO 5412 [egg-schedule]: register schedule C:\Users\Administrator\Desktop\shoppingcar\server\node_modules\_egg-logrotator@3.1.0@egg-logrotator\app\schedule\rotate_by_file.js
2020-01-08 08:35:16,331 INFO 7080 [Timer] C:\Users\Administrator\Desktop\shoppingcar\server\node_modules\_egg-multipart@2.10.1@egg-multipart\app\schedule\clean_tmpdir.js next time will execute after 71683673ms at 2020-01-09 04:30:00.004
2020-01-08 08:35:16,332 INFO 7080 [Timer] C:\Users\Administrator\Desktop\shoppingcar\server\node_modules\_egg-logrotator@3.1.0@egg-logrotator\app\schedule\clean_log.js next time will execute after 55483669ms at 2020-01-09 00:00:00.001
2020-01-08 08:35:16,332 INFO 7080 [Timer] C:\Users\Administrator\Desktop\shoppingcar\server\node_modules\_egg-logrotator@3.1.0@egg-logrotator\app\schedule\rotate_by_file.js next time will execute after 55484668ms at 2020-01-09 00:00:01.000
2020-01-08 19:57:44,898 INFO 2628 [egg-schedule]: register schedule C:\Users\Administrator\Desktop\shopping-master\server\node_modules\_egg-multipart@2.10.1@egg-multipart\app\schedule\clean_tmpdir.js
2020-01-08 19:57:44,898 INFO 2628 [egg-schedule]: register schedule C:\Users\Administrator\Desktop\shopping-master\server\node_modules\_egg-logrotator@3.1.0@egg-logrotator\app\schedule\clean_log.js
2020-01-08 19:57:44,899 INFO 2628 [egg-schedule]: register schedule C:\Users\Administrator\Desktop\shopping-master\server\node_modules\_egg-logrotator@3.1.0@egg-logrotator\app\schedule\rotate_by_file.js
2020-01-08 19:57:48,214 INFO 8432 [Timer] C:\Users\Administrator\Desktop\shopping-master\server\node_modules\_egg-multipart@2.10.1@egg-multipart\app\schedule\clean_tmpdir.js next time will execute after 30731791ms at 2020-01-09 04:30:00.005
2020-01-08 19:57:48,215 INFO 8432 [Timer] C:\Users\Administrator\Desktop\shopping-master\server\node_modules\_egg-logrotator@3.1.0@egg-logrotator\app\schedule\clean_log.js next time will execute after 14531785ms at 2020-01-09 00:00:00.000
2020-01-08 19:57:48,216 INFO 8432 [Timer] C:\Users\Administrator\Desktop\shopping-master\server\node_modules\_egg-logrotator@3.1.0@egg-logrotator\app\schedule\rotate_by_file.js next time will execute after 14532785ms at 2020-01-09 00:00:01.000
