2019-04-26 21:53:24,588 INFO 12066 [egg:logger] init all loggers with options: {"dir":"/Users/lp1/Downloads/Vue-shopping-master/egg/logs/server","encoding":"utf8","env":"local","level":"INFO","consoleLevel":"INFO","disableConsoleAfterReady":false,"outputJSON":false,"buffer":true,"appLogName":"server-web.log","coreLogName":"egg-web.log","agentLogName":"egg-agent.log","errorLogName":"common-error.log","coreLogger":{"consoleLevel":"WARN"},"allowDebugAtProd":false,"type":"application"}
2019-04-26 21:53:24,620 INFO 12066 [egg-multipart] stream mode enable
2019-04-26 21:53:24,844 INFO 12066 [egg-mongoose] connecting mongodb://127.0.0.1/shoppingMall
2019-04-26 21:53:25,038 INFO 12066 [egg-static] starting static serve /public/ -> /Users/lp1/Downloads/Vue-shopping-master/egg/app/public
2019-04-26 21:53:25,040 INFO 12066 [egg-security] use methodnoallow middleware
2019-04-26 21:53:25,040 INFO 12066 [egg-security] use noopen middleware
2019-04-26 21:53:25,041 INFO 12066 [egg-security] use nosniff middleware
2019-04-26 21:53:25,041 INFO 12066 [egg-security] use xssProtection middleware
2019-04-26 21:53:25,041 INFO 12066 [egg-security] use xframe middleware
2019-04-26 21:53:25,042 INFO 12066 [egg-security] use dta middleware
2019-04-26 21:53:25,042 INFO 12066 [egg-security] compose 6 middlewares into one security middleware
2019-04-26 21:53:25,054 INFO 12066 [egg:core] dump config after load, 4ms
2019-04-26 21:53:25,056 INFO 12066 [egg-mongoose] starting...
2019-04-26 21:53:25,103 INFO 12066 [egg-watcher:application] watcher start success
2019-04-26 21:53:25,106 INFO 12066 [egg-mongoose] mongodb://127.0.0.1/shoppingMall connected successfully
2019-04-26 21:53:25,113 INFO 12066 [egg-mongoose] instance[0] start successfully
2019-04-26 21:53:25,122 INFO 12066 [egg:core] dump config after ready, 7ms
2019-04-27 08:36:27,825 INFO 6732 [egg:logger] init all loggers with options: {"dir":"C:\\Users\\Administrator\\Desktop\\shop\\server\\logs\\server","encoding":"utf8","env":"local","level":"INFO","consoleLevel":"INFO","disableConsoleAfterReady":false,"outputJSON":false,"buffer":true,"appLogName":"server-web.log","coreLogName":"egg-web.log","agentLogName":"egg-agent.log","errorLogName":"common-error.log","coreLogger":{"consoleLevel":"WARN"},"allowDebugAtProd":false,"type":"application"}
2019-04-27 08:36:27,870 INFO 6732 [egg-multipart] stream mode enable
2019-04-27 08:36:28,159 INFO 6732 [egg-mongoose] connecting mongodb://127.0.0.1/shoppingMall
2019-04-27 08:36:28,444 INFO 6732 [egg-static] starting static serve /public/ -> C:\Users\Administrator\Desktop\shop\server\app\public
2019-04-27 08:36:28,447 INFO 6732 [egg-security] use methodnoallow middleware
2019-04-27 08:36:28,448 INFO 6732 [egg-security] use noopen middleware
2019-04-27 08:36:28,449 INFO 6732 [egg-security] use nosniff middleware
2019-04-27 08:36:28,449 INFO 6732 [egg-security] use xssProtection middleware
2019-04-27 08:36:28,451 INFO 6732 [egg-security] use xframe middleware
2019-04-27 08:36:28,452 INFO 6732 [egg-security] use dta middleware
2019-04-27 08:36:28,452 INFO 6732 [egg-security] compose 6 middlewares into one security middleware
2019-04-27 08:36:28,472 INFO 6732 [egg:core] dump config after load, 5ms
2019-04-27 08:36:28,475 INFO 6732 [egg-mongoose] starting...
2019-04-27 08:36:28,514 INFO 6732 [egg-mongoose] mongodb://127.0.0.1/shoppingMall connected successfully
2019-04-27 08:36:28,522 INFO 6732 [egg-mongoose] instance[0] start successfully
2019-04-27 08:36:28,524 INFO 6732 [egg-watcher:application] watcher start success
2019-04-27 08:36:28,531 INFO 6732 [egg:core] dump config after ready, 6ms
2019-04-27 10:25:49,253 INFO 3124 [egg:logger] init all loggers with options: {"dir":"C:\\Users\\Administrator\\Desktop\\shop\\server\\logs\\server","encoding":"utf8","env":"local","level":"INFO","consoleLevel":"INFO","disableConsoleAfterReady":false,"outputJSON":false,"buffer":true,"appLogName":"server-web.log","coreLogName":"egg-web.log","agentLogName":"egg-agent.log","errorLogName":"common-error.log","coreLogger":{"consoleLevel":"WARN"},"allowDebugAtProd":false,"type":"application"}
2019-04-27 10:25:49,290 INFO 3124 [egg-multipart] stream mode enable
2019-04-27 10:25:49,771 INFO 3124 [egg-mongoose] connecting mongodb://127.0.0.1/shoppingMall
2019-04-27 10:25:50,103 INFO 3124 [egg-static] starting static serve /public/ -> C:\Users\Administrator\Desktop\shop\server\app\public
2019-04-27 10:25:50,106 INFO 3124 [egg-security] use methodnoallow middleware
2019-04-27 10:25:50,106 INFO 3124 [egg-security] use noopen middleware
2019-04-27 10:25:50,107 INFO 3124 [egg-security] use nosniff middleware
2019-04-27 10:25:50,108 INFO 3124 [egg-security] use xssProtection middleware
2019-04-27 10:25:50,109 INFO 3124 [egg-security] use xframe middleware
2019-04-27 10:25:50,110 INFO 3124 [egg-security] use dta middleware
2019-04-27 10:25:50,110 INFO 3124 [egg-security] compose 6 middlewares into one security middleware
2019-04-27 10:25:50,132 INFO 3124 [egg:core] dump config after load, 8ms
2019-04-27 10:25:50,136 INFO 3124 [egg-mongoose] starting...
2019-04-27 10:25:50,176 INFO 3124 [egg-mongoose] mongodb://127.0.0.1/shoppingMall connected successfully
2019-04-27 10:25:50,183 INFO 3124 [egg-mongoose] instance[0] start successfully
2019-04-27 10:25:50,188 INFO 3124 [egg-watcher:application] watcher start success
2019-04-27 10:25:50,198 INFO 3124 [egg:core] dump config after ready, 8ms
2019-04-30 13:56:42,538 INFO 7004 [egg:logger] init all loggers with options: {"dir":"C:\\Users\\Administrator\\Desktop\\shop\\server\\logs\\server","encoding":"utf8","env":"local","level":"INFO","consoleLevel":"INFO","disableConsoleAfterReady":false,"outputJSON":false,"buffer":true,"appLogName":"server-web.log","coreLogName":"egg-web.log","agentLogName":"egg-agent.log","errorLogName":"common-error.log","coreLogger":{"consoleLevel":"WARN"},"allowDebugAtProd":false,"type":"application"}
2019-04-30 13:56:42,574 INFO 7004 [egg-multipart] stream mode enable
2019-04-30 13:56:42,879 INFO 7004 [egg-mongoose] connecting mongodb://127.0.0.1/shoppingMall
2019-04-30 13:56:43,116 INFO 7004 [egg-static] starting static serve /public/ -> C:\Users\Administrator\Desktop\shop\server\app\public
2019-04-30 13:56:43,119 INFO 7004 [egg-security] use methodnoallow middleware
2019-04-30 13:56:43,119 INFO 7004 [egg-security] use noopen middleware
2019-04-30 13:56:43,120 INFO 7004 [egg-security] use nosniff middleware
2019-04-30 13:56:43,121 INFO 7004 [egg-security] use xssProtection middleware
2019-04-30 13:56:43,121 INFO 7004 [egg-security] use xframe middleware
2019-04-30 13:56:43,121 INFO 7004 [egg-security] use dta middleware
2019-04-30 13:56:43,121 INFO 7004 [egg-security] compose 6 middlewares into one security middleware
2019-04-30 13:56:43,339 INFO 7004 [egg:core] dump config after load, 25ms
2019-04-30 13:56:43,347 INFO 7004 [egg-mongoose] starting...
2019-04-30 13:56:43,402 INFO 7004 [egg-watcher:application] watcher start success
2019-04-30 13:56:43,517 INFO 7004 [egg-mongoose] mongodb://127.0.0.1/shoppingMall connected successfully
2019-04-30 13:56:43,538 INFO 7004 [egg-mongoose] instance[0] start successfully
2019-04-30 13:56:43,555 INFO 7004 [egg:core] dump config after ready, 12ms
2019-04-30 14:03:27,941 INFO 1108 [egg:logger] init all loggers with options: {"dir":"C:\\Users\\Administrator\\Desktop\\shop\\server\\logs\\server","encoding":"utf8","env":"local","level":"INFO","consoleLevel":"INFO","disableConsoleAfterReady":false,"outputJSON":false,"buffer":true,"appLogName":"server-web.log","coreLogName":"egg-web.log","agentLogName":"egg-agent.log","errorLogName":"common-error.log","coreLogger":{"consoleLevel":"WARN"},"allowDebugAtProd":false,"type":"application"}
2019-04-30 14:03:27,982 INFO 1108 [egg-multipart] stream mode enable
2019-04-30 14:03:28,494 INFO 1108 [egg-mongoose] connecting mongodb://127.0.0.1/shoppingMall
2019-04-30 14:03:28,868 INFO 1108 [egg-static] starting static serve /public/ -> C:\Users\Administrator\Desktop\shop\server\app\public
2019-04-30 14:03:28,871 INFO 1108 [egg-security] use methodnoallow middleware
2019-04-30 14:03:28,872 INFO 1108 [egg-security] use noopen middleware
2019-04-30 14:03:28,873 INFO 1108 [egg-security] use nosniff middleware
2019-04-30 14:03:28,874 INFO 1108 [egg-security] use xssProtection middleware
2019-04-30 14:03:28,875 INFO 1108 [egg-security] use xframe middleware
2019-04-30 14:03:28,875 INFO 1108 [egg-security] use dta middleware
2019-04-30 14:03:28,875 INFO 1108 [egg-security] compose 6 middlewares into one security middleware
2019-04-30 14:03:28,898 INFO 1108 [egg:core] dump config after load, 5ms
2019-04-30 14:03:28,901 INFO 1108 [egg-mongoose] starting...
2019-04-30 14:03:28,938 INFO 1108 [egg-mongoose] mongodb://127.0.0.1/shoppingMall connected successfully
2019-04-30 14:03:28,945 INFO 1108 [egg-mongoose] instance[0] start successfully
2019-04-30 14:03:28,948 INFO 1108 [egg-watcher:application] watcher start success
2019-04-30 14:03:28,958 INFO 1108 [egg:core] dump config after ready, 7ms
2019-04-30 15:00:05,761 INFO 6380 [egg:logger] init all loggers with options: {"dir":"C:\\Users\\Administrator\\Desktop\\shop\\server\\logs\\server","encoding":"utf8","env":"local","level":"INFO","consoleLevel":"INFO","disableConsoleAfterReady":false,"outputJSON":false,"buffer":true,"appLogName":"server-web.log","coreLogName":"egg-web.log","agentLogName":"egg-agent.log","errorLogName":"common-error.log","coreLogger":{"consoleLevel":"WARN"},"allowDebugAtProd":false,"type":"application"}
2019-04-30 15:00:05,801 INFO 6380 [egg-multipart] stream mode enable
2019-04-30 15:00:06,250 INFO 6380 [egg-mongoose] connecting mongodb://127.0.0.1/shoppingMall
2019-04-30 15:00:06,600 INFO 6380 [egg-static] starting static serve /public/ -> C:\Users\Administrator\Desktop\shop\server\app\public
2019-04-30 15:00:06,603 INFO 6380 [egg-security] use methodnoallow middleware
2019-04-30 15:00:06,603 INFO 6380 [egg-security] use noopen middleware
2019-04-30 15:00:06,604 INFO 6380 [egg-security] use nosniff middleware
2019-04-30 15:00:06,605 INFO 6380 [egg-security] use xssProtection middleware
2019-04-30 15:00:06,605 INFO 6380 [egg-security] use xframe middleware
2019-04-30 15:00:06,606 INFO 6380 [egg-security] use dta middleware
2019-04-30 15:00:06,606 INFO 6380 [egg-security] compose 6 middlewares into one security middleware
2019-04-30 15:00:06,632 INFO 6380 [egg:core] dump config after load, 6ms
2019-04-30 15:00:06,635 INFO 6380 [egg-mongoose] starting...
2019-04-30 15:00:06,674 INFO 6380 [egg-mongoose] mongodb://127.0.0.1/shoppingMall connected successfully
2019-04-30 15:00:06,681 INFO 6380 [egg-mongoose] instance[0] start successfully
2019-04-30 15:00:06,686 INFO 6380 [egg-watcher:application] watcher start success
2019-04-30 15:00:06,693 INFO 6380 [egg:core] dump config after ready, 5ms
2019-04-30 15:01:10,396 INFO 6940 [egg:logger] init all loggers with options: {"dir":"C:\\Users\\Administrator\\Desktop\\shop\\server\\logs\\server","encoding":"utf8","env":"local","level":"INFO","consoleLevel":"INFO","disableConsoleAfterReady":false,"outputJSON":false,"buffer":true,"appLogName":"server-web.log","coreLogName":"egg-web.log","agentLogName":"egg-agent.log","errorLogName":"common-error.log","coreLogger":{"consoleLevel":"WARN"},"allowDebugAtProd":false,"type":"application"}
2019-04-30 15:01:10,434 INFO 6940 [egg-multipart] stream mode enable
2019-04-30 15:01:10,738 INFO 6940 [egg-mongoose] connecting mongodb://127.0.0.1/shoppingMall
2019-04-30 15:01:11,030 INFO 6940 [egg-static] starting static serve /public/ -> C:\Users\Administrator\Desktop\shop\server\app\public
2019-04-30 15:01:11,033 INFO 6940 [egg-security] use methodnoallow middleware
2019-04-30 15:01:11,034 INFO 6940 [egg-security] use noopen middleware
2019-04-30 15:01:11,035 INFO 6940 [egg-security] use nosniff middleware
2019-04-30 15:01:11,036 INFO 6940 [egg-security] use xssProtection middleware
2019-04-30 15:01:11,036 INFO 6940 [egg-security] use xframe middleware
2019-04-30 15:01:11,037 INFO 6940 [egg-security] use dta middleware
2019-04-30 15:01:11,037 INFO 6940 [egg-security] compose 6 middlewares into one security middleware
2019-04-30 15:01:11,070 INFO 6940 [egg:core] dump config after load, 8ms
2019-04-30 15:01:11,073 INFO 6940 [egg-mongoose] starting...
2019-04-30 15:01:11,119 INFO 6940 [egg-mongoose] mongodb://127.0.0.1/shoppingMall connected successfully
2019-04-30 15:01:11,127 INFO 6940 [egg-mongoose] instance[0] start successfully
2019-04-30 15:01:11,132 INFO 6940 [egg-watcher:application] watcher start success
2019-04-30 15:01:11,141 INFO 6940 [egg:core] dump config after ready, 7ms
2019-04-30 15:10:23,263 INFO 1588 [egg:logger] init all loggers with options: {"dir":"C:\\Users\\Administrator\\Desktop\\shop\\server\\logs\\server","encoding":"utf8","env":"local","level":"INFO","consoleLevel":"INFO","disableConsoleAfterReady":false,"outputJSON":false,"buffer":true,"appLogName":"server-web.log","coreLogName":"egg-web.log","agentLogName":"egg-agent.log","errorLogName":"common-error.log","coreLogger":{"consoleLevel":"WARN"},"allowDebugAtProd":false,"type":"application"}
2019-04-30 15:10:23,301 INFO 1588 [egg-multipart] stream mode enable
2019-04-30 15:10:23,661 INFO 1588 [egg-mongoose] connecting mongodb://127.0.0.1/shoppingMall
2019-04-30 15:10:23,886 INFO 1588 [egg-static] starting static serve /public/ -> C:\Users\Administrator\Desktop\shop\server\app\public
2019-04-30 15:10:23,888 INFO 1588 [egg-security] use methodnoallow middleware
2019-04-30 15:10:23,889 INFO 1588 [egg-security] use noopen middleware
2019-04-30 15:10:23,890 INFO 1588 [egg-security] use nosniff middleware
2019-04-30 15:10:23,890 INFO 1588 [egg-security] use xssProtection middleware
2019-04-30 15:10:23,891 INFO 1588 [egg-security] use xframe middleware
2019-04-30 15:10:23,891 INFO 1588 [egg-security] use dta middleware
2019-04-30 15:10:23,891 INFO 1588 [egg-security] compose 6 middlewares into one security middleware
2019-04-30 15:10:23,915 INFO 1588 [egg:core] dump config after load, 6ms
2019-04-30 15:10:23,918 INFO 1588 [egg-mongoose] starting...
2019-04-30 15:10:23,966 INFO 1588 [egg-mongoose] mongodb://127.0.0.1/shoppingMall connected successfully
2019-04-30 15:10:23,973 INFO 1588 [egg-mongoose] instance[0] start successfully
2019-04-30 15:10:23,975 INFO 1588 [egg-watcher:application] watcher start success
2019-04-30 15:10:23,985 INFO 1588 [egg:core] dump config after ready, 6ms
2019-04-30 16:00:34,873 INFO 2516 [egg:logger] init all loggers with options: {"dir":"C:\\Users\\Administrator\\Desktop\\shop\\server\\logs\\server","encoding":"utf8","env":"local","level":"INFO","consoleLevel":"INFO","disableConsoleAfterReady":false,"outputJSON":false,"buffer":true,"appLogName":"server-web.log","coreLogName":"egg-web.log","agentLogName":"egg-agent.log","errorLogName":"common-error.log","coreLogger":{"consoleLevel":"WARN"},"allowDebugAtProd":false,"type":"application"}
2019-04-30 16:00:34,907 INFO 2516 [egg-multipart] stream mode enable
2019-04-30 16:00:35,337 INFO 2516 [egg-mongoose] connecting mongodb://127.0.0.1/shoppingMall
2019-04-30 16:00:35,694 INFO 2516 [egg-static] starting static serve /public/ -> C:\Users\Administrator\Desktop\shop\server\app\public
2019-04-30 16:00:35,696 INFO 2516 [egg-security] use methodnoallow middleware
2019-04-30 16:00:35,697 INFO 2516 [egg-security] use noopen middleware
2019-04-30 16:00:35,698 INFO 2516 [egg-security] use nosniff middleware
2019-04-30 16:00:35,699 INFO 2516 [egg-security] use xssProtection middleware
2019-04-30 16:00:35,699 INFO 2516 [egg-security] use xframe middleware
2019-04-30 16:00:35,700 INFO 2516 [egg-security] use dta middleware
2019-04-30 16:00:35,700 INFO 2516 [egg-security] compose 6 middlewares into one security middleware
2019-04-30 16:00:35,724 INFO 2516 [egg:core] dump config after load, 6ms
2019-04-30 16:00:35,728 INFO 2516 [egg-mongoose] starting...
2019-04-30 16:00:35,778 INFO 2516 [egg-mongoose] mongodb://127.0.0.1/shoppingMall connected successfully
2019-04-30 16:00:35,785 INFO 2516 [egg-mongoose] instance[0] start successfully
2019-04-30 16:00:35,787 INFO 2516 [egg-watcher:application] watcher start success
2019-04-30 16:00:35,797 INFO 2516 [egg:core] dump config after ready, 7ms
2019-04-30 16:27:58,964 INFO 1652 [egg:logger] init all loggers with options: {"dir":"C:\\Users\\Administrator\\Desktop\\shop\\server\\logs\\server","encoding":"utf8","env":"local","level":"INFO","consoleLevel":"INFO","disableConsoleAfterReady":false,"outputJSON":false,"buffer":true,"appLogName":"server-web.log","coreLogName":"egg-web.log","agentLogName":"egg-agent.log","errorLogName":"common-error.log","coreLogger":{"consoleLevel":"WARN"},"allowDebugAtProd":false,"type":"application"}
2019-04-30 16:27:59,004 INFO 1652 [egg-multipart] stream mode enable
2019-04-30 16:27:59,447 INFO 1652 [egg-mongoose] connecting mongodb://127.0.0.1/shoppingMall
2019-04-30 16:27:59,766 INFO 1652 [egg-static] starting static serve /public/ -> C:\Users\Administrator\Desktop\shop\server\app\public
2019-04-30 16:27:59,768 INFO 1652 [egg-security] use methodnoallow middleware
2019-04-30 16:27:59,769 INFO 1652 [egg-security] use noopen middleware
2019-04-30 16:27:59,770 INFO 1652 [egg-security] use nosniff middleware
2019-04-30 16:27:59,770 INFO 1652 [egg-security] use xssProtection middleware
2019-04-30 16:27:59,771 INFO 1652 [egg-security] use xframe middleware
2019-04-30 16:27:59,771 INFO 1652 [egg-security] use dta middleware
2019-04-30 16:27:59,771 INFO 1652 [egg-security] compose 6 middlewares into one security middleware
2019-04-30 16:27:59,791 INFO 1652 [egg:core] dump config after load, 7ms
2019-04-30 16:27:59,795 INFO 1652 [egg-mongoose] starting...
2019-04-30 16:27:59,855 INFO 1652 [egg-mongoose] mongodb://127.0.0.1/shoppingMall connected successfully
2019-04-30 16:27:59,867 INFO 1652 [egg-mongoose] instance[0] start successfully
2019-04-30 16:27:59,872 INFO 1652 [egg-watcher:application] watcher start success
2019-04-30 16:27:59,891 INFO 1652 [egg:core] dump config after ready, 17ms
2019-05-08 11:13:01,282 INFO 7920 [egg:logger] init all loggers with options: {"dir":"C:\\Users\\Administrator\\Desktop\\shop\\server\\logs\\server","encoding":"utf8","env":"local","level":"INFO","consoleLevel":"INFO","disableConsoleAfterReady":false,"outputJSON":false,"buffer":true,"appLogName":"server-web.log","coreLogName":"egg-web.log","agentLogName":"egg-agent.log","errorLogName":"common-error.log","coreLogger":{"consoleLevel":"WARN"},"allowDebugAtProd":false,"type":"application"}
2019-05-08 11:13:01,317 INFO 7920 [egg-multipart] stream mode enable
2019-05-08 11:13:01,786 INFO 7920 [egg-mongoose] connecting mongodb://127.0.0.1/shoppingMall
2019-05-08 11:13:02,170 INFO 7920 [egg-static] starting static serve /public/ -> C:\Users\Administrator\Desktop\shop\server\app\public
2019-05-08 11:13:02,173 INFO 7920 [egg-security] use methodnoallow middleware
2019-05-08 11:13:02,174 INFO 7920 [egg-security] use noopen middleware
2019-05-08 11:13:02,175 INFO 7920 [egg-security] use nosniff middleware
2019-05-08 11:13:02,176 INFO 7920 [egg-security] use xssProtection middleware
2019-05-08 11:13:02,176 INFO 7920 [egg-security] use xframe middleware
2019-05-08 11:13:02,177 INFO 7920 [egg-security] use dta middleware
2019-05-08 11:13:02,177 INFO 7920 [egg-security] compose 6 middlewares into one security middleware
2019-05-08 11:13:02,203 INFO 7920 [egg:core] dump config after load, 7ms
2019-05-08 11:13:02,205 INFO 7920 [egg-mongoose] starting...
2019-05-08 11:13:02,244 INFO 7920 [egg-mongoose] mongodb://127.0.0.1/shoppingMall connected successfully
2019-05-08 11:13:02,251 INFO 7920 [egg-mongoose] instance[0] start successfully
2019-05-08 11:13:02,253 INFO 7920 [egg-watcher:application] watcher start success
2019-05-08 11:13:02,265 INFO 7920 [egg:core] dump config after ready, 9ms
2019-05-08 16:19:35,343 INFO 6608 [egg:logger] init all loggers with options: {"dir":"C:\\Users\\Administrator\\Desktop\\shop\\server\\logs\\server","encoding":"utf8","env":"local","level":"INFO","consoleLevel":"INFO","disableConsoleAfterReady":false,"outputJSON":false,"buffer":true,"appLogName":"server-web.log","coreLogName":"egg-web.log","agentLogName":"egg-agent.log","errorLogName":"common-error.log","coreLogger":{"consoleLevel":"WARN"},"allowDebugAtProd":false,"type":"application"}
2019-05-08 16:19:35,395 INFO 6608 [egg-multipart] stream mode enable
2019-05-08 16:19:36,206 INFO 6608 [egg-mongoose] connecting mongodb://127.0.0.1/shoppingMall
2019-05-08 16:19:36,761 INFO 6608 [egg-static] starting static serve /public/ -> C:\Users\Administrator\Desktop\shop\server\app\public
2019-05-08 16:19:36,765 INFO 6608 [egg-security] use methodnoallow middleware
2019-05-08 16:19:36,765 INFO 6608 [egg-security] use noopen middleware
2019-05-08 16:19:36,767 INFO 6608 [egg-security] use nosniff middleware
2019-05-08 16:19:36,767 INFO 6608 [egg-security] use xssProtection middleware
2019-05-08 16:19:36,768 INFO 6608 [egg-security] use xframe middleware
2019-05-08 16:19:36,769 INFO 6608 [egg-security] use dta middleware
2019-05-08 16:19:36,769 INFO 6608 [egg-security] compose 6 middlewares into one security middleware
2019-05-08 16:19:36,812 INFO 6608 [egg:core] dump config after load, 17ms
2019-05-08 16:19:36,816 INFO 6608 [egg-mongoose] starting...
2019-05-08 16:19:36,882 INFO 6608 [egg-mongoose] mongodb://127.0.0.1/shoppingMall connected successfully
2019-05-08 16:19:36,894 INFO 6608 [egg-mongoose] instance[0] start successfully
2019-05-08 16:19:36,897 INFO 6608 [egg-watcher:application] watcher start success
2019-05-08 16:19:36,916 INFO 6608 [egg:core] dump config after ready, 14ms
2019-05-10 08:53:01,754 INFO 3636 [egg:logger] init all loggers with options: {"dir":"C:\\Users\\Administrator\\Desktop\\shop\\server\\logs\\server","encoding":"utf8","env":"local","level":"INFO","consoleLevel":"INFO","disableConsoleAfterReady":false,"outputJSON":false,"buffer":true,"appLogName":"server-web.log","coreLogName":"egg-web.log","agentLogName":"egg-agent.log","errorLogName":"common-error.log","coreLogger":{"consoleLevel":"WARN"},"allowDebugAtProd":false,"type":"application"}
2019-05-10 08:53:01,791 INFO 3636 [egg-multipart] stream mode enable
2019-05-10 08:53:02,221 INFO 3636 [egg-mongoose] connecting mongodb://127.0.0.1/shoppingMall
2019-05-10 08:53:02,558 INFO 3636 [egg-static] starting static serve /public/ -> C:\Users\Administrator\Desktop\shop\server\app\public
2019-05-10 08:53:02,566 INFO 3636 [egg-security] use methodnoallow middleware
2019-05-10 08:53:02,567 INFO 3636 [egg-security] use noopen middleware
2019-05-10 08:53:02,568 INFO 3636 [egg-security] use nosniff middleware
2019-05-10 08:53:02,569 INFO 3636 [egg-security] use xssProtection middleware
2019-05-10 08:53:02,569 INFO 3636 [egg-security] use xframe middleware
2019-05-10 08:53:02,570 INFO 3636 [egg-security] use dta middleware
2019-05-10 08:53:02,570 INFO 3636 [egg-security] compose 6 middlewares into one security middleware
2019-05-10 08:53:02,592 INFO 3636 [egg:core] dump config after load, 5ms
2019-05-10 08:53:02,596 INFO 3636 [egg-mongoose] starting...
2019-05-10 08:53:02,634 INFO 3636 [egg-watcher:application] watcher start success
2019-05-10 08:53:02,638 INFO 3636 [egg-mongoose] mongodb://127.0.0.1/shoppingMall connected successfully
2019-05-10 08:53:02,645 INFO 3636 [egg-mongoose] instance[0] start successfully
2019-05-10 08:53:02,651 INFO 3636 [egg:core] dump config after ready, 5ms
2019-05-10 08:53:17,447 INFO 7048 [egg:logger] init all loggers with options: {"dir":"C:\\Users\\Administrator\\Desktop\\shop\\server\\logs\\server","encoding":"utf8","env":"local","level":"INFO","consoleLevel":"INFO","disableConsoleAfterReady":false,"outputJSON":false,"buffer":true,"appLogName":"server-web.log","coreLogName":"egg-web.log","agentLogName":"egg-agent.log","errorLogName":"common-error.log","coreLogger":{"consoleLevel":"WARN"},"allowDebugAtProd":false,"type":"application"}
2019-05-10 08:53:17,484 INFO 7048 [egg-multipart] stream mode enable
2019-05-10 08:53:17,774 INFO 7048 [egg-mongoose] connecting mongodb://127.0.0.1/shoppingMall
2019-05-10 08:53:18,005 INFO 7048 [egg-static] starting static serve /public/ -> C:\Users\Administrator\Desktop\shop\server\app\public
2019-05-10 08:53:18,008 INFO 7048 [egg-security] use methodnoallow middleware
2019-05-10 08:53:18,008 INFO 7048 [egg-security] use noopen middleware
2019-05-10 08:53:18,009 INFO 7048 [egg-security] use nosniff middleware
2019-05-10 08:53:18,009 INFO 7048 [egg-security] use xssProtection middleware
2019-05-10 08:53:18,010 INFO 7048 [egg-security] use xframe middleware
2019-05-10 08:53:18,010 INFO 7048 [egg-security] use dta middleware
2019-05-10 08:53:18,010 INFO 7048 [egg-security] compose 6 middlewares into one security middleware
2019-05-10 08:53:18,028 INFO 7048 [egg:core] dump config after load, 6ms
2019-05-10 08:53:18,030 INFO 7048 [egg-mongoose] starting...
2019-05-10 08:53:18,066 INFO 7048 [egg-mongoose] mongodb://127.0.0.1/shoppingMall connected successfully
2019-05-10 08:53:18,073 INFO 7048 [egg-mongoose] instance[0] start successfully
2019-05-10 08:53:18,075 INFO 7048 [egg-watcher:application] watcher start success
2019-05-10 08:53:18,087 INFO 7048 [egg:core] dump config after ready, 6ms
2019-07-01 09:48:43,781 INFO 404 [egg:logger] init all loggers with options: {"dir":"C:\\Users\\Administrator\\Desktop\\vue商城项目\\server\\logs\\server","encoding":"utf8","env":"local","level":"INFO","consoleLevel":"INFO","disableConsoleAfterReady":false,"outputJSON":false,"buffer":true,"appLogName":"server-web.log","coreLogName":"egg-web.log","agentLogName":"egg-agent.log","errorLogName":"common-error.log","coreLogger":{"consoleLevel":"WARN"},"allowDebugAtProd":false,"type":"application"}
2019-07-01 09:48:43,808 INFO 404 [egg-multipart] stream mode enable
2019-07-01 09:48:44,102 INFO 404 [egg-mongoose] connecting mongodb://127.0.0.1/shoppingMall
2019-07-01 09:48:44,329 INFO 404 [egg-static] starting static serve /public/ -> C:\Users\Administrator\Desktop\vue商城项目\server\app\public
2019-07-01 09:48:44,332 INFO 404 [egg-security] use methodnoallow middleware
2019-07-01 09:48:44,333 INFO 404 [egg-security] use noopen middleware
2019-07-01 09:48:44,333 INFO 404 [egg-security] use nosniff middleware
2019-07-01 09:48:44,334 INFO 404 [egg-security] use xssProtection middleware
2019-07-01 09:48:44,335 INFO 404 [egg-security] use xframe middleware
2019-07-01 09:48:44,335 INFO 404 [egg-security] use dta middleware
2019-07-01 09:48:44,335 INFO 404 [egg-security] compose 6 middlewares into one security middleware
2019-07-01 09:48:44,360 INFO 404 [egg:core] dump config after load, 9ms
2019-07-01 09:48:44,363 INFO 404 [egg-mongoose] starting...
2019-07-01 09:48:44,412 INFO 404 [egg-mongoose] mongodb://127.0.0.1/shoppingMall connected successfully
2019-07-01 09:48:44,420 INFO 404 [egg-mongoose] instance[0] start successfully
2019-07-01 09:48:44,423 INFO 404 [egg-watcher:application] watcher start success
2019-07-01 09:48:44,436 INFO 404 [egg:core] dump config after ready, 11ms
2019-07-03 14:42:37,659 INFO 9404 [egg:logger] init all loggers with options: {"dir":"C:\\Users\\Administrator\\Desktop\\vue商城项目\\server\\logs\\server","encoding":"utf8","env":"local","level":"INFO","consoleLevel":"INFO","disableConsoleAfterReady":false,"outputJSON":false,"buffer":true,"appLogName":"server-web.log","coreLogName":"egg-web.log","agentLogName":"egg-agent.log","errorLogName":"common-error.log","coreLogger":{"consoleLevel":"WARN"},"allowDebugAtProd":false,"type":"application"}
2019-07-03 14:42:37,688 INFO 9404 [egg-multipart] stream mode enable
2019-07-03 14:42:38,256 INFO 9404 [egg-mongoose] connecting mongodb://127.0.0.1/shoppingMall
2019-07-03 14:42:38,818 INFO 9404 [egg-static] starting static serve /public/ -> C:\Users\Administrator\Desktop\vue商城项目\server\app\public
2019-07-03 14:42:38,824 INFO 9404 [egg-security] use methodnoallow middleware
2019-07-03 14:42:38,826 INFO 9404 [egg-security] use noopen middleware
2019-07-03 14:42:38,827 INFO 9404 [egg-security] use nosniff middleware
2019-07-03 14:42:38,829 INFO 9404 [egg-security] use xssProtection middleware
2019-07-03 14:42:38,829 INFO 9404 [egg-security] use xframe middleware
2019-07-03 14:42:38,831 INFO 9404 [egg-security] use dta middleware
2019-07-03 14:42:38,831 INFO 9404 [egg-security] compose 6 middlewares into one security middleware
2019-07-03 14:42:38,873 INFO 9404 [egg:core] dump config after load, 11ms
2019-07-03 14:42:38,882 INFO 9404 [egg-mongoose] starting...
2019-07-03 14:42:38,939 INFO 9404 [egg-mongoose] mongodb://127.0.0.1/shoppingMall connected successfully
2019-07-03 14:42:38,946 INFO 9404 [egg-mongoose] instance[0] start successfully
2019-07-03 14:42:38,949 INFO 9404 [egg-watcher:application] watcher start success
2019-07-03 14:42:38,962 INFO 9404 [egg:core] dump config after ready, 8ms
2019-07-03 15:24:23,550 INFO 10252 [egg:logger] init all loggers with options: {"dir":"C:\\Users\\Administrator\\Desktop\\vue商城项目\\server\\logs\\server","encoding":"utf8","env":"local","level":"INFO","consoleLevel":"INFO","disableConsoleAfterReady":false,"outputJSON":false,"buffer":true,"appLogName":"server-web.log","coreLogName":"egg-web.log","agentLogName":"egg-agent.log","errorLogName":"common-error.log","coreLogger":{"consoleLevel":"WARN"},"allowDebugAtProd":false,"type":"application"}
2019-07-03 15:24:23,579 INFO 10252 [egg-multipart] stream mode enable
2019-07-03 15:24:24,217 INFO 10252 [egg-mongoose] connecting mongodb://127.0.0.1/shoppingMall
2019-07-03 15:24:24,649 INFO 10252 [egg-static] starting static serve /public/ -> C:\Users\Administrator\Desktop\vue商城项目\server\app\public
2019-07-03 15:24:24,652 INFO 10252 [egg-security] use methodnoallow middleware
2019-07-03 15:24:24,653 INFO 10252 [egg-security] use noopen middleware
2019-07-03 15:24:24,654 INFO 10252 [egg-security] use nosniff middleware
2019-07-03 15:24:24,655 INFO 10252 [egg-security] use xssProtection middleware
2019-07-03 15:24:24,656 INFO 10252 [egg-security] use xframe middleware
2019-07-03 15:24:24,656 INFO 10252 [egg-security] use dta middleware
2019-07-03 15:24:24,656 INFO 10252 [egg-security] compose 6 middlewares into one security middleware
2019-07-03 15:24:24,684 INFO 10252 [egg:core] dump config after load, 7ms
2019-07-03 15:24:24,687 INFO 10252 [egg-mongoose] starting...
2019-07-03 15:24:24,727 INFO 10252 [egg-mongoose] mongodb://127.0.0.1/shoppingMall connected successfully
2019-07-03 15:24:24,735 INFO 10252 [egg-mongoose] instance[0] start successfully
2019-07-03 15:24:24,737 INFO 10252 [egg-watcher:application] watcher start success
2019-07-03 15:24:24,748 INFO 10252 [egg:core] dump config after ready, 7ms
2019-12-28 14:37:20,987 INFO 2636 [egg:logger] init all loggers with options: {"dir":"C:\\Users\\Administrator\\Desktop\\Shopping Mall\\server\\logs\\server","encoding":"utf8","env":"local","level":"INFO","consoleLevel":"INFO","disableConsoleAfterReady":false,"outputJSON":false,"buffer":true,"appLogName":"server-web.log","coreLogName":"egg-web.log","agentLogName":"egg-agent.log","errorLogName":"common-error.log","coreLogger":{"consoleLevel":"WARN"},"allowDebugAtProd":false,"type":"application"}
2019-12-28 14:37:21,017 INFO 2636 [egg-multipart] stream mode enable
2019-12-28 14:37:21,444 INFO 2636 [egg-mongoose] connecting mongodb://127.0.0.1/shoppingMall
2019-12-28 14:37:21,766 INFO 2636 [egg-static] starting static serve /public/ -> C:\Users\Administrator\Desktop\Shopping Mall\server\app\public
2019-12-28 14:37:21,769 INFO 2636 [egg-security] use methodnoallow middleware
2019-12-28 14:37:21,769 INFO 2636 [egg-security] use noopen middleware
2019-12-28 14:37:21,771 INFO 2636 [egg-security] use nosniff middleware
2019-12-28 14:37:21,772 INFO 2636 [egg-security] use xssProtection middleware
2019-12-28 14:37:21,772 INFO 2636 [egg-security] use xframe middleware
2019-12-28 14:37:21,773 INFO 2636 [egg-security] use dta middleware
2019-12-28 14:37:21,773 INFO 2636 [egg-security] compose 6 middlewares into one security middleware
2019-12-28 14:37:21,795 INFO 2636 [egg:core] dump config after load, 6ms
2019-12-28 14:37:21,797 INFO 2636 [egg-mongoose] starting...
2019-12-28 14:37:21,851 INFO 2636 [egg-mongoose] mongodb://127.0.0.1/shoppingMall connected successfully
2019-12-28 14:37:21,864 INFO 2636 [egg-mongoose] instance[0] start successfully
2019-12-28 14:37:21,866 INFO 2636 [egg-watcher:application] watcher start success
2019-12-28 14:37:21,877 INFO 2636 [egg:core] dump config after ready, 9ms
2019-12-28 15:59:00,821 INFO 9356 [egg:logger] init all loggers with options: {"dir":"C:\\Users\\Administrator\\Desktop\\shopping\\server\\logs\\server","encoding":"utf8","env":"local","level":"INFO","consoleLevel":"INFO","disableConsoleAfterReady":false,"outputJSON":false,"buffer":true,"appLogName":"server-web.log","coreLogName":"egg-web.log","agentLogName":"egg-agent.log","errorLogName":"common-error.log","coreLogger":{"consoleLevel":"WARN"},"allowDebugAtProd":false,"type":"application"}
2019-12-28 15:59:00,880 INFO 9356 [egg-multipart] stream mode enable
2019-12-28 15:59:01,860 INFO 9356 [egg-mongoose] connecting mongodb://127.0.0.1/shoppingMall
2019-12-28 15:59:02,523 INFO 9356 [egg-static] starting static serve /public/ -> C:\Users\Administrator\Desktop\shopping\server\app\public
2019-12-28 15:59:02,528 INFO 9356 [egg-security] use methodnoallow middleware
2019-12-28 15:59:02,529 INFO 9356 [egg-security] use noopen middleware
2019-12-28 15:59:02,530 INFO 9356 [egg-security] use nosniff middleware
2019-12-28 15:59:02,531 INFO 9356 [egg-security] use xssProtection middleware
2019-12-28 15:59:02,532 INFO 9356 [egg-security] use xframe middleware
2019-12-28 15:59:02,533 INFO 9356 [egg-security] use dta middleware
2019-12-28 15:59:02,533 INFO 9356 [egg-security] compose 6 middlewares into one security middleware
2019-12-28 15:59:02,574 INFO 9356 [egg:core] dump config after load, 8ms
2019-12-28 15:59:02,579 INFO 9356 [egg-mongoose] starting...
2019-12-28 15:59:02,655 INFO 9356 [egg-watcher:application] watcher start success
2019-12-28 15:59:02,661 INFO 9356 [egg-mongoose] mongodb://127.0.0.1/shoppingMall connected successfully
2019-12-28 15:59:02,684 INFO 9356 [egg-mongoose] instance[0] start successfully
2019-12-28 15:59:02,697 INFO 9356 [egg:core] dump config after ready, 11ms
2019-12-30 09:24:15,269 INFO 3364 [egg:logger] init all loggers with options: {"dir":"C:\\Users\\Administrator\\Desktop\\shopping\\server\\logs\\server","encoding":"utf8","env":"local","level":"INFO","consoleLevel":"INFO","disableConsoleAfterReady":false,"outputJSON":false,"buffer":true,"appLogName":"server-web.log","coreLogName":"egg-web.log","agentLogName":"egg-agent.log","errorLogName":"common-error.log","coreLogger":{"consoleLevel":"WARN"},"allowDebugAtProd":false,"type":"application"}
2019-12-30 09:24:15,305 INFO 3364 [egg-multipart] stream mode enable
2019-12-30 09:24:15,943 INFO 3364 [egg-mongoose] connecting mongodb://127.0.0.1/shoppingMall
2019-12-30 09:24:16,427 INFO 3364 [egg-static] starting static serve /public/ -> C:\Users\Administrator\Desktop\shopping\server\app\public
2019-12-30 09:24:16,430 INFO 3364 [egg-security] use methodnoallow middleware
2019-12-30 09:24:16,431 INFO 3364 [egg-security] use noopen middleware
2019-12-30 09:24:16,433 INFO 3364 [egg-security] use nosniff middleware
2019-12-30 09:24:16,434 INFO 3364 [egg-security] use xssProtection middleware
2019-12-30 09:24:16,435 INFO 3364 [egg-security] use xframe middleware
2019-12-30 09:24:16,436 INFO 3364 [egg-security] use dta middleware
2019-12-30 09:24:16,436 INFO 3364 [egg-security] compose 6 middlewares into one security middleware
2019-12-30 09:24:16,465 INFO 3364 [egg:core] dump config after load, 6ms
2019-12-30 09:24:16,467 INFO 3364 [egg-mongoose] starting...
2019-12-30 09:24:16,552 INFO 3364 [egg-mongoose] mongodb://127.0.0.1/shoppingMall connected successfully
2019-12-30 09:24:16,560 INFO 3364 [egg-mongoose] instance[0] start successfully
2019-12-30 09:24:16,562 INFO 3364 [egg-watcher:application] watcher start success
2019-12-30 09:24:16,574 INFO 3364 [egg:core] dump config after ready, 8ms
2019-12-31 10:54:54,364 INFO 5144 [egg:logger] init all loggers with options: {"dir":"C:\\Users\\Administrator\\Desktop\\shopping\\server\\logs\\server","encoding":"utf8","env":"local","level":"INFO","consoleLevel":"INFO","disableConsoleAfterReady":false,"outputJSON":false,"buffer":true,"appLogName":"server-web.log","coreLogName":"egg-web.log","agentLogName":"egg-agent.log","errorLogName":"common-error.log","coreLogger":{"consoleLevel":"WARN"},"allowDebugAtProd":false,"type":"application"}
2019-12-31 10:54:54,408 INFO 5144 [egg-multipart] stream mode enable
2019-12-31 10:54:55,078 INFO 5144 [egg-mongoose] connecting mongodb://127.0.0.1/shoppingMall
2019-12-31 10:54:55,538 INFO 5144 [egg-static] starting static serve /public/ -> C:\Users\Administrator\Desktop\shopping\server\app\public
2019-12-31 10:54:55,541 INFO 5144 [egg-security] use methodnoallow middleware
2019-12-31 10:54:55,542 INFO 5144 [egg-security] use noopen middleware
2019-12-31 10:54:55,543 INFO 5144 [egg-security] use nosniff middleware
2019-12-31 10:54:55,544 INFO 5144 [egg-security] use xssProtection middleware
2019-12-31 10:54:55,545 INFO 5144 [egg-security] use xframe middleware
2019-12-31 10:54:55,546 INFO 5144 [egg-security] use dta middleware
2019-12-31 10:54:55,546 INFO 5144 [egg-security] compose 6 middlewares into one security middleware
2019-12-31 10:54:55,574 INFO 5144 [egg:core] dump config after load, 5ms
2019-12-31 10:54:55,578 INFO 5144 [egg-mongoose] starting...
2019-12-31 10:54:55,626 INFO 5144 [egg-mongoose] mongodb://127.0.0.1/shoppingMall connected successfully
2019-12-31 10:54:55,636 INFO 5144 [egg-mongoose] instance[0] start successfully
2019-12-31 10:54:55,638 INFO 5144 [egg-watcher:application] watcher start success
2019-12-31 10:54:55,651 INFO 5144 [egg:core] dump config after ready, 9ms
2019-12-31 14:10:52,407 INFO 7444 [egg:logger] init all loggers with options: {"dir":"C:\\Users\\Administrator\\Desktop\\shopping\\server\\logs\\server","encoding":"utf8","env":"local","level":"INFO","consoleLevel":"INFO","disableConsoleAfterReady":false,"outputJSON":false,"buffer":true,"appLogName":"server-web.log","coreLogName":"egg-web.log","agentLogName":"egg-agent.log","errorLogName":"common-error.log","coreLogger":{"consoleLevel":"WARN"},"allowDebugAtProd":false,"type":"application"}
2019-12-31 14:10:52,445 INFO 7444 [egg-multipart] stream mode enable
2019-12-31 14:10:53,045 INFO 7444 [egg-mongoose] connecting mongodb://127.0.0.1/shoppingMall
2019-12-31 14:10:53,501 INFO 7444 [egg-static] starting static serve /public/ -> C:\Users\Administrator\Desktop\shopping\server\app\public
2019-12-31 14:10:53,504 INFO 7444 [egg-security] use methodnoallow middleware
2019-12-31 14:10:53,505 INFO 7444 [egg-security] use noopen middleware
2019-12-31 14:10:53,506 INFO 7444 [egg-security] use nosniff middleware
2019-12-31 14:10:53,507 INFO 7444 [egg-security] use xssProtection middleware
2019-12-31 14:10:53,507 INFO 7444 [egg-security] use xframe middleware
2019-12-31 14:10:53,508 INFO 7444 [egg-security] use dta middleware
2019-12-31 14:10:53,508 INFO 7444 [egg-security] compose 6 middlewares into one security middleware
2019-12-31 14:10:53,535 INFO 7444 [egg:core] dump config after load, 6ms
2019-12-31 14:10:53,538 INFO 7444 [egg-mongoose] starting...
2019-12-31 14:10:53,593 INFO 7444 [egg-watcher:application] watcher start success
2019-12-31 14:10:53,597 INFO 7444 [egg-mongoose] mongodb://127.0.0.1/shoppingMall connected successfully
2019-12-31 14:10:53,604 INFO 7444 [egg-mongoose] instance[0] start successfully
2019-12-31 14:10:53,612 INFO 7444 [egg:core] dump config after ready, 6ms
2020-01-02 08:30:24,799 INFO 5904 [egg:logger] init all loggers with options: {"dir":"C:\\Users\\Administrator\\Desktop\\shopping\\server\\logs\\server","encoding":"utf8","env":"local","level":"INFO","consoleLevel":"INFO","disableConsoleAfterReady":false,"outputJSON":false,"buffer":true,"appLogName":"server-web.log","coreLogName":"egg-web.log","agentLogName":"egg-agent.log","errorLogName":"common-error.log","coreLogger":{"consoleLevel":"WARN"},"allowDebugAtProd":false,"type":"application"}
2020-01-02 08:30:24,839 INFO 5904 [egg-multipart] stream mode enable
2020-01-02 08:30:25,446 INFO 5904 [egg-mongoose] connecting mongodb://127.0.0.1/shoppingMall
2020-01-02 08:30:25,856 INFO 5904 [egg-static] starting static serve /public/ -> C:\Users\Administrator\Desktop\shopping\server\app\public
2020-01-02 08:30:25,861 INFO 5904 [egg-security] use methodnoallow middleware
2020-01-02 08:30:25,862 INFO 5904 [egg-security] use noopen middleware
2020-01-02 08:30:25,864 INFO 5904 [egg-security] use nosniff middleware
2020-01-02 08:30:25,864 INFO 5904 [egg-security] use xssProtection middleware
2020-01-02 08:30:25,865 INFO 5904 [egg-security] use xframe middleware
2020-01-02 08:30:25,866 INFO 5904 [egg-security] use dta middleware
2020-01-02 08:30:25,866 INFO 5904 [egg-security] compose 6 middlewares into one security middleware
2020-01-02 08:30:25,902 INFO 5904 [egg:core] dump config after load, 6ms
2020-01-02 08:30:25,904 INFO 5904 [egg-mongoose] starting...
2020-01-02 08:30:25,959 INFO 5904 [egg-mongoose] mongodb://127.0.0.1/shoppingMall connected successfully
2020-01-02 08:30:25,973 INFO 5904 [egg-mongoose] instance[0] start successfully
2020-01-02 08:30:25,975 INFO 5904 [egg-watcher:application] watcher start success
2020-01-02 08:30:25,987 INFO 5904 [egg:core] dump config after ready, 7ms
2020-01-03 08:33:54,669 INFO 6016 [egg:logger] init all loggers with options: {"dir":"C:\\Users\\Administrator\\Desktop\\shopping\\server\\logs\\server","encoding":"utf8","env":"local","level":"INFO","consoleLevel":"INFO","disableConsoleAfterReady":false,"outputJSON":false,"buffer":true,"appLogName":"server-web.log","coreLogName":"egg-web.log","agentLogName":"egg-agent.log","errorLogName":"common-error.log","coreLogger":{"consoleLevel":"WARN"},"allowDebugAtProd":false,"type":"application"}
2020-01-03 08:33:54,717 INFO 6016 [egg-multipart] stream mode enable
2020-01-03 08:33:55,367 INFO 6016 [egg-mongoose] connecting mongodb://127.0.0.1/shoppingMall
2020-01-03 08:33:55,836 INFO 6016 [egg-static] starting static serve /public/ -> C:\Users\Administrator\Desktop\shopping\server\app\public
2020-01-03 08:33:55,839 INFO 6016 [egg-security] use methodnoallow middleware
2020-01-03 08:33:55,840 INFO 6016 [egg-security] use noopen middleware
2020-01-03 08:33:55,841 INFO 6016 [egg-security] use nosniff middleware
2020-01-03 08:33:55,842 INFO 6016 [egg-security] use xssProtection middleware
2020-01-03 08:33:55,843 INFO 6016 [egg-security] use xframe middleware
2020-01-03 08:33:55,843 INFO 6016 [egg-security] use dta middleware
2020-01-03 08:33:55,843 INFO 6016 [egg-security] compose 6 middlewares into one security middleware
2020-01-03 08:33:55,871 INFO 6016 [egg:core] dump config after load, 6ms
2020-01-03 08:33:55,889 INFO 6016 [egg-mongoose] starting...
2020-01-03 08:33:55,935 INFO 6016 [egg-watcher:application] watcher start success
2020-01-03 08:33:55,938 INFO 6016 [egg-mongoose] mongodb://127.0.0.1/shoppingMall connected successfully
2020-01-03 08:33:55,946 INFO 6016 [egg-mongoose] instance[0] start successfully
2020-01-03 08:33:55,956 INFO 6016 [egg:core] dump config after ready, 8ms
2020-01-04 21:09:57,992 INFO 7344 [egg:logger] init all loggers with options: {"dir":"C:\\Users\\Administrator\\Desktop\\shopping-master\\server\\logs\\server","encoding":"utf8","env":"local","level":"INFO","consoleLevel":"INFO","disableConsoleAfterReady":false,"outputJSON":false,"buffer":true,"appLogName":"server-web.log","coreLogName":"egg-web.log","agentLogName":"egg-agent.log","errorLogName":"common-error.log","coreLogger":{"consoleLevel":"WARN"},"allowDebugAtProd":false,"type":"application"}
2020-01-04 21:09:58,093 INFO 7344 [egg-multipart] stream mode enable
2020-01-04 21:09:59,169 INFO 7344 [egg-mongoose] connecting mongodb://127.0.0.1/shoppingMall
2020-01-04 21:10:00,360 INFO 7344 [egg-static] starting static serve /public/ -> C:\Users\Administrator\Desktop\shopping-master\server\app\public
2020-01-04 21:10:00,369 INFO 7344 [egg-security] use methodnoallow middleware
2020-01-04 21:10:00,371 INFO 7344 [egg-security] use noopen middleware
2020-01-04 21:10:00,375 INFO 7344 [egg-security] use nosniff middleware
2020-01-04 21:10:00,376 INFO 7344 [egg-security] use xssProtection middleware
2020-01-04 21:10:00,378 INFO 7344 [egg-security] use xframe middleware
2020-01-04 21:10:00,379 INFO 7344 [egg-security] use dta middleware
2020-01-04 21:10:00,379 INFO 7344 [egg-security] compose 6 middlewares into one security middleware
2020-01-04 21:10:00,455 INFO 7344 [egg:core] dump config after load, 14ms
2020-01-04 21:10:00,464 INFO 7344 [egg-mongoose] starting...
2020-01-04 21:10:00,627 INFO 7344 [egg-mongoose] mongodb://127.0.0.1/shoppingMall connected successfully
2020-01-04 21:10:00,676 INFO 7344 [egg-mongoose] instance[0] start successfully
2020-01-04 21:10:00,687 INFO 7344 [egg-watcher:application] watcher start success
2020-01-04 21:10:00,793 INFO 7344 [egg:core] dump config after ready, 82ms
2020-01-05 10:07:09,203 INFO 9432 [egg:logger] init all loggers with options: {"dir":"C:\\Users\\Administrator\\Desktop\\shopping-master\\server\\logs\\server","encoding":"utf8","env":"local","level":"INFO","consoleLevel":"INFO","disableConsoleAfterReady":false,"outputJSON":false,"buffer":true,"appLogName":"server-web.log","coreLogName":"egg-web.log","agentLogName":"egg-agent.log","errorLogName":"common-error.log","coreLogger":{"consoleLevel":"WARN"},"allowDebugAtProd":false,"type":"application"}
2020-01-05 10:07:09,233 INFO 9432 [egg-multipart] stream mode enable
2020-01-05 10:07:09,621 INFO 9432 [egg-mongoose] connecting mongodb://127.0.0.1/shoppingMall
2020-01-05 10:07:09,948 INFO 9432 [egg-static] starting static serve /public/ -> C:\Users\Administrator\Desktop\shopping-master\server\app\public
2020-01-05 10:07:09,951 INFO 9432 [egg-security] use methodnoallow middleware
2020-01-05 10:07:09,951 INFO 9432 [egg-security] use noopen middleware
2020-01-05 10:07:09,952 INFO 9432 [egg-security] use nosniff middleware
2020-01-05 10:07:09,953 INFO 9432 [egg-security] use xssProtection middleware
2020-01-05 10:07:09,954 INFO 9432 [egg-security] use xframe middleware
2020-01-05 10:07:09,954 INFO 9432 [egg-security] use dta middleware
2020-01-05 10:07:09,954 INFO 9432 [egg-security] compose 6 middlewares into one security middleware
2020-01-05 10:07:09,980 INFO 9432 [egg:core] dump config after load, 5ms
2020-01-05 10:07:09,987 INFO 9432 [egg-mongoose] starting...
2020-01-05 10:07:10,039 INFO 9432 [egg-mongoose] mongodb://127.0.0.1/shoppingMall connected successfully
2020-01-05 10:07:10,052 INFO 9432 [egg-mongoose] instance[0] start successfully
2020-01-05 10:07:10,055 INFO 9432 [egg-watcher:application] watcher start success
2020-01-05 10:07:10,068 INFO 9432 [egg:core] dump config after ready, 7ms
2020-01-05 14:40:17,914 WARN 9432 [ClusterClient:Watcher] follower closed, and try to init it again
2020-01-05 18:16:09,007 INFO 8636 [egg:logger] init all loggers with options: {"dir":"C:\\Users\\Administrator\\Desktop\\shopping-master\\server\\logs\\server","encoding":"utf8","env":"local","level":"INFO","consoleLevel":"INFO","disableConsoleAfterReady":false,"outputJSON":false,"buffer":true,"appLogName":"server-web.log","coreLogName":"egg-web.log","agentLogName":"egg-agent.log","errorLogName":"common-error.log","coreLogger":{"consoleLevel":"WARN"},"allowDebugAtProd":false,"type":"application"}
2020-01-05 18:16:09,093 INFO 8636 [egg-multipart] stream mode enable
2020-01-05 18:16:10,477 INFO 8636 [egg-mongoose] connecting mongodb://127.0.0.1/shoppingMall
2020-01-05 18:16:12,089 INFO 8636 [egg-static] starting static serve /public/ -> C:\Users\Administrator\Desktop\shopping-master\server\app\public
2020-01-05 18:16:12,096 INFO 8636 [egg-security] use methodnoallow middleware
2020-01-05 18:16:12,098 INFO 8636 [egg-security] use noopen middleware
2020-01-05 18:16:12,105 INFO 8636 [egg-security] use nosniff middleware
2020-01-05 18:16:12,107 INFO 8636 [egg-security] use xssProtection middleware
2020-01-05 18:16:12,109 INFO 8636 [egg-security] use xframe middleware
2020-01-05 18:16:12,111 INFO 8636 [egg-security] use dta middleware
2020-01-05 18:16:12,111 INFO 8636 [egg-security] compose 6 middlewares into one security middleware
2020-01-05 18:16:12,177 INFO 8636 [egg:core] dump config after load, 14ms
2020-01-05 18:16:12,187 INFO 8636 [egg-mongoose] starting...
2020-01-05 18:16:12,615 INFO 8636 [egg-mongoose] mongodb://127.0.0.1/shoppingMall connected successfully
2020-01-05 18:16:12,751 INFO 8636 [egg-mongoose] instance[0] start successfully
2020-01-05 18:16:12,780 INFO 8636 [egg-watcher:application] watcher start success
2020-01-05 18:16:12,850 INFO 8636 [egg:core] dump config after ready, 17ms
2020-01-05 20:15:52,047 INFO 10792 [egg:logger] init all loggers with options: {"dir":"C:\\Users\\Administrator\\Desktop\\shopping-master\\server\\logs\\server","encoding":"utf8","env":"local","level":"INFO","consoleLevel":"INFO","disableConsoleAfterReady":false,"outputJSON":false,"buffer":true,"appLogName":"server-web.log","coreLogName":"egg-web.log","agentLogName":"egg-agent.log","errorLogName":"common-error.log","coreLogger":{"consoleLevel":"WARN"},"allowDebugAtProd":false,"type":"application"}
2020-01-05 20:15:52,141 INFO 10792 [egg-multipart] stream mode enable
2020-01-05 20:15:53,258 INFO 10792 [egg-mongoose] connecting mongodb://127.0.0.1/shoppingMall
2020-01-05 20:15:54,319 INFO 10792 [egg-static] starting static serve /public/ -> C:\Users\Administrator\Desktop\shopping-master\server\app\public
2020-01-05 20:15:54,328 INFO 10792 [egg-security] use methodnoallow middleware
2020-01-05 20:15:54,331 INFO 10792 [egg-security] use noopen middleware
2020-01-05 20:15:54,336 INFO 10792 [egg-security] use nosniff middleware
2020-01-05 20:15:54,337 INFO 10792 [egg-security] use xssProtection middleware
2020-01-05 20:15:54,339 INFO 10792 [egg-security] use xframe middleware
2020-01-05 20:15:54,341 INFO 10792 [egg-security] use dta middleware
2020-01-05 20:15:54,341 INFO 10792 [egg-security] compose 6 middlewares into one security middleware
2020-01-05 20:15:54,422 INFO 10792 [egg:core] dump config after load, 22ms
2020-01-05 20:15:54,430 INFO 10792 [egg-mongoose] starting...
2020-01-05 20:15:54,671 INFO 10792 [egg-mongoose] mongodb://127.0.0.1/shoppingMall connected successfully
2020-01-05 20:15:54,697 INFO 10792 [egg-mongoose] instance[0] start successfully
2020-01-05 20:15:54,718 INFO 10792 [egg-watcher:application] watcher start success
2020-01-05 20:15:54,775 INFO 10792 [egg:core] dump config after ready, 45ms
2020-01-06 08:42:42,346 INFO 5172 [egg:logger] init all loggers with options: {"dir":"C:\\Users\\Administrator\\Desktop\\shoppingcar\\server\\logs\\server","encoding":"utf8","env":"local","level":"INFO","consoleLevel":"INFO","disableConsoleAfterReady":false,"outputJSON":false,"buffer":true,"appLogName":"server-web.log","coreLogName":"egg-web.log","agentLogName":"egg-agent.log","errorLogName":"common-error.log","coreLogger":{"consoleLevel":"WARN"},"allowDebugAtProd":false,"type":"application"}
2020-01-06 08:42:42,518 INFO 5172 [egg-multipart] stream mode enable
2020-01-06 08:42:45,587 INFO 5172 [egg-mongoose] connecting mongodb://127.0.0.1/shoppingMall
2020-01-06 08:42:48,046 INFO 5172 [egg-static] starting static serve /public/ -> C:\Users\Administrator\Desktop\shoppingcar\server\app\public
2020-01-06 08:42:48,067 INFO 5172 [egg-security] use methodnoallow middleware
2020-01-06 08:42:48,071 INFO 5172 [egg-security] use noopen middleware
2020-01-06 08:42:48,085 INFO 5172 [egg-security] use nosniff middleware
2020-01-06 08:42:48,089 INFO 5172 [egg-security] use xssProtection middleware
2020-01-06 08:42:48,093 INFO 5172 [egg-security] use xframe middleware
2020-01-06 08:42:48,098 INFO 5172 [egg-security] use dta middleware
2020-01-06 08:42:48,098 INFO 5172 [egg-security] compose 6 middlewares into one security middleware
2020-01-06 08:42:48,217 INFO 5172 [egg:core] dump config after load, 12ms
2020-01-06 08:42:48,224 INFO 5172 [egg-mongoose] starting...
2020-01-06 08:42:48,359 INFO 5172 [egg-mongoose] mongodb://127.0.0.1/shoppingMall connected successfully
2020-01-06 08:42:48,380 INFO 5172 [egg-mongoose] instance[0] start successfully
2020-01-06 08:42:48,384 INFO 5172 [egg-watcher:application] watcher start success
2020-01-06 08:42:48,412 INFO 5172 [egg:core] dump config after ready, 16ms
2020-01-06 09:32:08,011 INFO 7316 [egg:logger] init all loggers with options: {"dir":"C:\\Users\\Administrator\\Desktop\\shoppingcar\\server\\logs\\server","encoding":"utf8","env":"local","level":"INFO","consoleLevel":"INFO","disableConsoleAfterReady":false,"outputJSON":false,"buffer":true,"appLogName":"server-web.log","coreLogName":"egg-web.log","agentLogName":"egg-agent.log","errorLogName":"common-error.log","coreLogger":{"consoleLevel":"WARN"},"allowDebugAtProd":false,"type":"application"}
2020-01-06 09:32:08,056 INFO 7316 [egg-multipart] stream mode enable
2020-01-06 09:32:08,757 INFO 7316 [egg-mongoose] connecting mongodb://127.0.0.1/shoppingMall
2020-01-06 09:32:09,397 INFO 7316 [egg-static] starting static serve /public/ -> C:\Users\Administrator\Desktop\shoppingcar\server\app\public
2020-01-06 09:32:09,403 INFO 7316 [egg-security] use methodnoallow middleware
2020-01-06 09:32:09,404 INFO 7316 [egg-security] use noopen middleware
2020-01-06 09:32:09,407 INFO 7316 [egg-security] use nosniff middleware
2020-01-06 09:32:09,408 INFO 7316 [egg-security] use xssProtection middleware
2020-01-06 09:32:09,409 INFO 7316 [egg-security] use xframe middleware
2020-01-06 09:32:09,410 INFO 7316 [egg-security] use dta middleware
2020-01-06 09:32:09,411 INFO 7316 [egg-security] compose 6 middlewares into one security middleware
2020-01-06 09:32:09,447 INFO 7316 [egg:core] dump config after load, 9ms
2020-01-06 09:32:09,454 INFO 7316 [egg-mongoose] starting...
2020-01-06 09:32:09,527 INFO 7316 [egg-mongoose] mongodb://127.0.0.1/shoppingMall connected successfully
2020-01-06 09:32:09,537 INFO 7316 [egg-mongoose] instance[0] start successfully
2020-01-06 09:32:09,546 INFO 7316 [egg-watcher:application] watcher start success
2020-01-06 09:32:09,564 INFO 7316 [egg:core] dump config after ready, 13ms
2020-01-06 09:33:23,968 INFO 8388 [egg:logger] init all loggers with options: {"dir":"C:\\Users\\Administrator\\Desktop\\shoppingcar\\server\\logs\\server","encoding":"utf8","env":"local","level":"INFO","consoleLevel":"INFO","disableConsoleAfterReady":false,"outputJSON":false,"buffer":true,"appLogName":"server-web.log","coreLogName":"egg-web.log","agentLogName":"egg-agent.log","errorLogName":"common-error.log","coreLogger":{"consoleLevel":"WARN"},"allowDebugAtProd":false,"type":"application"}
2020-01-06 09:33:24,006 INFO 8388 [egg-multipart] stream mode enable
2020-01-06 09:33:24,733 INFO 8388 [egg-mongoose] connecting mongodb://127.0.0.1/shoppingMall
2020-01-06 09:33:25,275 INFO 8388 [egg-static] starting static serve /public/ -> C:\Users\Administrator\Desktop\shoppingcar\server\app\public
2020-01-06 09:33:25,279 INFO 8388 [egg-security] use methodnoallow middleware
2020-01-06 09:33:25,280 INFO 8388 [egg-security] use noopen middleware
2020-01-06 09:33:25,282 INFO 8388 [egg-security] use nosniff middleware
2020-01-06 09:33:25,283 INFO 8388 [egg-security] use xssProtection middleware
2020-01-06 09:33:25,284 INFO 8388 [egg-security] use xframe middleware
2020-01-06 09:33:25,285 INFO 8388 [egg-security] use dta middleware
2020-01-06 09:33:25,285 INFO 8388 [egg-security] compose 6 middlewares into one security middleware
2020-01-06 09:33:25,318 INFO 8388 [egg:core] dump config after load, 9ms
2020-01-06 09:33:25,325 INFO 8388 [egg-mongoose] starting...
2020-01-06 09:33:25,388 INFO 8388 [egg-mongoose] mongodb://127.0.0.1/shoppingMall connected successfully
2020-01-06 09:33:25,396 INFO 8388 [egg-mongoose] instance[0] start successfully
2020-01-06 09:33:25,407 INFO 8388 [egg-watcher:application] watcher start success
2020-01-06 09:33:25,420 INFO 8388 [egg:core] dump config after ready, 11ms
2020-01-06 09:34:27,111 INFO 8256 [egg:logger] init all loggers with options: {"dir":"C:\\Users\\Administrator\\Desktop\\shoppingcar\\server\\logs\\server","encoding":"utf8","env":"local","level":"INFO","consoleLevel":"INFO","disableConsoleAfterReady":false,"outputJSON":false,"buffer":true,"appLogName":"server-web.log","coreLogName":"egg-web.log","agentLogName":"egg-agent.log","errorLogName":"common-error.log","coreLogger":{"consoleLevel":"WARN"},"allowDebugAtProd":false,"type":"application"}
2020-01-06 09:34:27,153 INFO 8256 [egg-multipart] stream mode enable
2020-01-06 09:34:27,679 INFO 8256 [egg-mongoose] connecting mongodb://127.0.0.1/shoppingMall
2020-01-06 09:34:28,122 INFO 8256 [egg-static] starting static serve /public/ -> C:\Users\Administrator\Desktop\shoppingcar\server\app\public
2020-01-06 09:34:28,126 INFO 8256 [egg-security] use methodnoallow middleware
2020-01-06 09:34:28,127 INFO 8256 [egg-security] use noopen middleware
2020-01-06 09:34:28,129 INFO 8256 [egg-security] use nosniff middleware
2020-01-06 09:34:28,130 INFO 8256 [egg-security] use xssProtection middleware
2020-01-06 09:34:28,130 INFO 8256 [egg-security] use xframe middleware
2020-01-06 09:34:28,131 INFO 8256 [egg-security] use dta middleware
2020-01-06 09:34:28,131 INFO 8256 [egg-security] compose 6 middlewares into one security middleware
2020-01-06 09:34:28,168 INFO 8256 [egg:core] dump config after load, 13ms
2020-01-06 09:34:28,173 INFO 8256 [egg-mongoose] starting...
2020-01-06 09:34:28,222 INFO 8256 [egg-mongoose] mongodb://127.0.0.1/shoppingMall connected successfully
2020-01-06 09:34:28,229 INFO 8256 [egg-mongoose] instance[0] start successfully
2020-01-06 09:34:28,232 INFO 8256 [egg-watcher:application] watcher start success
2020-01-06 09:34:28,255 INFO 8256 [egg:core] dump config after ready, 15ms
2020-01-06 09:34:41,396 INFO 6676 [egg:logger] init all loggers with options: {"dir":"C:\\Users\\Administrator\\Desktop\\shoppingcar\\server\\logs\\server","encoding":"utf8","env":"local","level":"INFO","consoleLevel":"INFO","disableConsoleAfterReady":false,"outputJSON":false,"buffer":true,"appLogName":"server-web.log","coreLogName":"egg-web.log","agentLogName":"egg-agent.log","errorLogName":"common-error.log","coreLogger":{"consoleLevel":"WARN"},"allowDebugAtProd":false,"type":"application"}
2020-01-06 09:34:41,431 INFO 6676 [egg-multipart] stream mode enable
2020-01-06 09:34:44,420 INFO 6676 [egg-mongoose] connecting mongodb://127.0.0.1/shoppingMall
2020-01-06 09:34:45,285 INFO 6676 [egg-static] starting static serve /public/ -> C:\Users\Administrator\Desktop\shoppingcar\server\app\public
2020-01-06 09:34:45,293 INFO 6676 [egg-security] use methodnoallow middleware
2020-01-06 09:34:45,294 INFO 6676 [egg-security] use noopen middleware
2020-01-06 09:34:45,298 INFO 6676 [egg-security] use nosniff middleware
2020-01-06 09:34:45,299 INFO 6676 [egg-security] use xssProtection middleware
2020-01-06 09:34:45,300 INFO 6676 [egg-security] use xframe middleware
2020-01-06 09:34:45,301 INFO 6676 [egg-security] use dta middleware
2020-01-06 09:34:45,301 INFO 6676 [egg-security] compose 6 middlewares into one security middleware
2020-01-06 09:34:45,348 INFO 6676 [egg:core] dump config after load, 11ms
2020-01-06 09:34:45,355 INFO 6676 [egg-mongoose] starting...
2020-01-06 09:34:45,434 INFO 6676 [egg-mongoose] mongodb://127.0.0.1/shoppingMall connected successfully
2020-01-06 09:34:45,464 INFO 6676 [egg-mongoose] instance[0] start successfully
2020-01-06 09:34:45,468 INFO 6676 [egg-watcher:application] watcher start success
2020-01-06 09:34:45,493 INFO 6676 [egg:core] dump config after ready, 19ms
2020-01-06 09:34:56,822 INFO 8180 [egg:logger] init all loggers with options: {"dir":"C:\\Users\\Administrator\\Desktop\\shoppingcar\\server\\logs\\server","encoding":"utf8","env":"local","level":"INFO","consoleLevel":"INFO","disableConsoleAfterReady":false,"outputJSON":false,"buffer":true,"appLogName":"server-web.log","coreLogName":"egg-web.log","agentLogName":"egg-agent.log","errorLogName":"common-error.log","coreLogger":{"consoleLevel":"WARN"},"allowDebugAtProd":false,"type":"application"}
2020-01-06 09:34:56,865 INFO 8180 [egg-multipart] stream mode enable
2020-01-06 09:34:57,457 INFO 8180 [egg-mongoose] connecting mongodb://127.0.0.1/shoppingMall
2020-01-06 09:34:57,918 INFO 8180 [egg-static] starting static serve /public/ -> C:\Users\Administrator\Desktop\shoppingcar\server\app\public
2020-01-06 09:34:57,923 INFO 8180 [egg-security] use methodnoallow middleware
2020-01-06 09:34:57,925 INFO 8180 [egg-security] use noopen middleware
2020-01-06 09:34:57,929 INFO 8180 [egg-security] use nosniff middleware
2020-01-06 09:34:57,930 INFO 8180 [egg-security] use xssProtection middleware
2020-01-06 09:34:57,931 INFO 8180 [egg-security] use xframe middleware
2020-01-06 09:34:57,932 INFO 8180 [egg-security] use dta middleware
2020-01-06 09:34:57,932 INFO 8180 [egg-security] compose 6 middlewares into one security middleware
2020-01-06 09:34:57,963 INFO 8180 [egg:core] dump config after load, 7ms
2020-01-06 09:34:57,969 INFO 8180 [egg-mongoose] starting...
2020-01-06 09:34:58,027 INFO 8180 [egg-mongoose] mongodb://127.0.0.1/shoppingMall connected successfully
2020-01-06 09:34:58,034 INFO 8180 [egg-mongoose] instance[0] start successfully
2020-01-06 09:34:58,036 INFO 8180 [egg-watcher:application] watcher start success
2020-01-06 09:34:58,051 INFO 8180 [egg:core] dump config after ready, 12ms
2020-01-06 21:22:37,748 INFO 12064 [egg:logger] init all loggers with options: {"dir":"C:\\Users\\Administrator\\Desktop\\shopping-master\\server\\logs\\server","encoding":"utf8","env":"local","level":"INFO","consoleLevel":"INFO","disableConsoleAfterReady":false,"outputJSON":false,"buffer":true,"appLogName":"server-web.log","coreLogName":"egg-web.log","agentLogName":"egg-agent.log","errorLogName":"common-error.log","coreLogger":{"consoleLevel":"WARN"},"allowDebugAtProd":false,"type":"application"}
2020-01-06 21:22:37,868 INFO 12064 [egg-multipart] stream mode enable
2020-01-06 21:22:39,103 INFO 12064 [egg-mongoose] connecting mongodb://127.0.0.1/shoppingMall
2020-01-06 21:22:40,562 INFO 12064 [egg-static] starting static serve /public/ -> C:\Users\Administrator\Desktop\shopping-master\server\app\public
2020-01-06 21:22:40,570 INFO 12064 [egg-security] use methodnoallow middleware
2020-01-06 21:22:40,572 INFO 12064 [egg-security] use noopen middleware
2020-01-06 21:22:40,577 INFO 12064 [egg-security] use nosniff middleware
2020-01-06 21:22:40,579 INFO 12064 [egg-security] use xssProtection middleware
2020-01-06 21:22:40,580 INFO 12064 [egg-security] use xframe middleware
2020-01-06 21:22:40,582 INFO 12064 [egg-security] use dta middleware
2020-01-06 21:22:40,582 INFO 12064 [egg-security] compose 6 middlewares into one security middleware
2020-01-06 21:22:40,653 INFO 12064 [egg:core] dump config after load, 13ms
2020-01-06 21:22:40,682 INFO 12064 [egg-mongoose] starting...
2020-01-06 21:22:41,199 INFO 12064 [egg-mongoose] mongodb://127.0.0.1/shoppingMall connected successfully
2020-01-06 21:22:41,464 INFO 12064 [egg-mongoose] instance[0] start successfully
2020-01-06 21:22:41,613 INFO 12064 [egg-watcher:application] watcher start success
2020-01-06 21:22:41,754 INFO 12064 [egg:core] dump config after ready, 63ms
2020-01-06 21:51:29,162 INFO 7892 [egg:logger] init all loggers with options: {"dir":"C:\\Users\\Administrator\\Desktop\\shopping-master\\server\\logs\\server","encoding":"utf8","env":"local","level":"INFO","consoleLevel":"INFO","disableConsoleAfterReady":false,"outputJSON":false,"buffer":true,"appLogName":"server-web.log","coreLogName":"egg-web.log","agentLogName":"egg-agent.log","errorLogName":"common-error.log","coreLogger":{"consoleLevel":"WARN"},"allowDebugAtProd":false,"type":"application"}
2020-01-06 21:51:29,197 INFO 7892 [egg-multipart] stream mode enable
2020-01-06 21:51:29,530 INFO 7892 [egg-mongoose] connecting mongodb://127.0.0.1/shoppingMall
2020-01-06 21:51:29,813 INFO 7892 [egg-static] starting static serve /public/ -> C:\Users\Administrator\Desktop\shopping-master\server\app\public
2020-01-06 21:51:29,816 INFO 7892 [egg-security] use methodnoallow middleware
2020-01-06 21:51:29,817 INFO 7892 [egg-security] use noopen middleware
2020-01-06 21:51:29,818 INFO 7892 [egg-security] use nosniff middleware
2020-01-06 21:51:29,818 INFO 7892 [egg-security] use xssProtection middleware
2020-01-06 21:51:29,819 INFO 7892 [egg-security] use xframe middleware
2020-01-06 21:51:29,820 INFO 7892 [egg-security] use dta middleware
2020-01-06 21:51:29,820 INFO 7892 [egg-security] compose 6 middlewares into one security middleware
2020-01-06 21:51:29,847 INFO 7892 [egg:core] dump config after load, 7ms
2020-01-06 21:51:29,854 INFO 7892 [egg-mongoose] starting...
2020-01-06 21:51:29,903 INFO 7892 [egg-mongoose] mongodb://127.0.0.1/shoppingMall connected successfully
2020-01-06 21:51:29,917 INFO 7892 [egg-mongoose] instance[0] start successfully
2020-01-06 21:51:29,920 INFO 7892 [egg-watcher:application] watcher start success
2020-01-06 21:51:29,933 INFO 7892 [egg:core] dump config after ready, 9ms
2020-01-06 21:51:57,916 INFO 6364 [egg:logger] init all loggers with options: {"dir":"C:\\Users\\Administrator\\Desktop\\shopping-master\\server\\logs\\server","encoding":"utf8","env":"local","level":"INFO","consoleLevel":"INFO","disableConsoleAfterReady":false,"outputJSON":false,"buffer":true,"appLogName":"server-web.log","coreLogName":"egg-web.log","agentLogName":"egg-agent.log","errorLogName":"common-error.log","coreLogger":{"consoleLevel":"WARN"},"allowDebugAtProd":false,"type":"application"}
2020-01-06 21:51:57,953 INFO 6364 [egg-multipart] stream mode enable
2020-01-06 21:51:58,369 INFO 6364 [egg-mongoose] connecting mongodb://127.0.0.1/shoppingMall
2020-01-06 21:51:58,676 INFO 6364 [egg-static] starting static serve /public/ -> C:\Users\Administrator\Desktop\shopping-master\server\app\public
2020-01-06 21:51:58,679 INFO 6364 [egg-security] use methodnoallow middleware
2020-01-06 21:51:58,680 INFO 6364 [egg-security] use noopen middleware
2020-01-06 21:51:58,681 INFO 6364 [egg-security] use nosniff middleware
2020-01-06 21:51:58,681 INFO 6364 [egg-security] use xssProtection middleware
2020-01-06 21:51:58,682 INFO 6364 [egg-security] use xframe middleware
2020-01-06 21:51:58,682 INFO 6364 [egg-security] use dta middleware
2020-01-06 21:51:58,682 INFO 6364 [egg-security] compose 6 middlewares into one security middleware
2020-01-06 21:51:58,707 INFO 6364 [egg:core] dump config after load, 7ms
2020-01-06 21:51:58,713 INFO 6364 [egg-mongoose] starting...
2020-01-06 21:51:58,763 INFO 6364 [egg-mongoose] mongodb://127.0.0.1/shoppingMall connected successfully
2020-01-06 21:51:58,778 INFO 6364 [egg-mongoose] instance[0] start successfully
2020-01-06 21:51:58,780 INFO 6364 [egg-watcher:application] watcher start success
2020-01-06 21:51:58,792 INFO 6364 [egg:core] dump config after ready, 9ms
2020-01-07 08:36:04,415 INFO 6344 [egg:logger] init all loggers with options: {"dir":"C:\\Users\\Administrator\\Desktop\\shoppingcar\\server\\logs\\server","encoding":"utf8","env":"local","level":"INFO","consoleLevel":"INFO","disableConsoleAfterReady":false,"outputJSON":false,"buffer":true,"appLogName":"server-web.log","coreLogName":"egg-web.log","agentLogName":"egg-agent.log","errorLogName":"common-error.log","coreLogger":{"consoleLevel":"WARN"},"allowDebugAtProd":false,"type":"application"}
2020-01-07 08:36:04,561 INFO 6344 [egg-multipart] stream mode enable
2020-01-07 08:36:07,884 INFO 6344 [egg-mongoose] connecting mongodb://127.0.0.1/shoppingMall
2020-01-07 08:36:11,056 INFO 6344 [egg-static] starting static serve /public/ -> C:\Users\Administrator\Desktop\shoppingcar\server\app\public
2020-01-07 08:36:11,083 INFO 6344 [egg-security] use methodnoallow middleware
2020-01-07 08:36:11,089 INFO 6344 [egg-security] use noopen middleware
2020-01-07 08:36:11,111 INFO 6344 [egg-security] use nosniff middleware
2020-01-07 08:36:11,116 INFO 6344 [egg-security] use xssProtection middleware
2020-01-07 08:36:11,121 INFO 6344 [egg-security] use xframe middleware
2020-01-07 08:36:11,127 INFO 6344 [egg-security] use dta middleware
2020-01-07 08:36:11,128 INFO 6344 [egg-security] compose 6 middlewares into one security middleware
2020-01-07 08:36:11,289 INFO 6344 [egg:core] dump config after load, 14ms
2020-01-07 08:36:11,296 INFO 6344 [egg-mongoose] starting...
2020-01-07 08:36:11,461 INFO 6344 [egg-watcher:application] watcher start success
2020-01-07 08:36:11,471 INFO 6344 [egg-mongoose] mongodb://127.0.0.1/shoppingMall connected successfully
2020-01-07 08:36:11,493 INFO 6344 [egg-mongoose] instance[0] start successfully
2020-01-07 08:36:11,516 INFO 6344 [egg:core] dump config after ready, 19ms
2020-01-07 21:41:13,353 INFO 1468 [egg:logger] init all loggers with options: {"dir":"C:\\Users\\Administrator\\Desktop\\shopping-master\\server\\logs\\server","encoding":"utf8","env":"local","level":"INFO","consoleLevel":"INFO","disableConsoleAfterReady":false,"outputJSON":false,"buffer":true,"appLogName":"server-web.log","coreLogName":"egg-web.log","agentLogName":"egg-agent.log","errorLogName":"common-error.log","coreLogger":{"consoleLevel":"WARN"},"allowDebugAtProd":false,"type":"application"}
2020-01-07 21:41:13,385 INFO 1468 [egg-multipart] stream mode enable
2020-01-07 21:41:13,797 INFO 1468 [egg-mongoose] connecting mongodb://127.0.0.1/shoppingMall
2020-01-07 21:41:14,142 INFO 1468 [egg-static] starting static serve /public/ -> C:\Users\Administrator\Desktop\shopping-master\server\app\public
2020-01-07 21:41:14,144 INFO 1468 [egg-security] use methodnoallow middleware
2020-01-07 21:41:14,145 INFO 1468 [egg-security] use noopen middleware
2020-01-07 21:41:14,146 INFO 1468 [egg-security] use nosniff middleware
2020-01-07 21:41:14,146 INFO 1468 [egg-security] use xssProtection middleware
2020-01-07 21:41:14,147 INFO 1468 [egg-security] use xframe middleware
2020-01-07 21:41:14,148 INFO 1468 [egg-security] use dta middleware
2020-01-07 21:41:14,148 INFO 1468 [egg-security] compose 6 middlewares into one security middleware
2020-01-07 21:41:14,176 INFO 1468 [egg:core] dump config after load, 7ms
2020-01-07 21:41:14,181 INFO 1468 [egg-mongoose] starting...
2020-01-07 21:41:14,229 INFO 1468 [egg-mongoose] mongodb://127.0.0.1/shoppingMall connected successfully
2020-01-07 21:41:14,245 INFO 1468 [egg-mongoose] instance[0] start successfully
2020-01-07 21:41:14,248 INFO 1468 [egg-watcher:application] watcher start success
2020-01-07 21:41:14,259 INFO 1468 [egg:core] dump config after ready, 7ms
2020-01-08 08:34:56,110 INFO 5412 [egg:logger] init all loggers with options: {"dir":"C:\\Users\\Administrator\\Desktop\\shoppingcar\\server\\logs\\server","encoding":"utf8","env":"local","level":"INFO","consoleLevel":"INFO","disableConsoleAfterReady":false,"outputJSON":false,"buffer":true,"appLogName":"server-web.log","coreLogName":"egg-web.log","agentLogName":"egg-agent.log","errorLogName":"common-error.log","coreLogger":{"consoleLevel":"WARN"},"allowDebugAtProd":false,"type":"application"}
2020-01-08 08:34:56,386 INFO 5412 [egg-multipart] stream mode enable
2020-01-08 08:35:03,691 INFO 5412 [egg-mongoose] connecting mongodb://127.0.0.1/shoppingMall
2020-01-08 08:35:15,213 INFO 5412 [egg-static] starting static serve /public/ -> C:\Users\Administrator\Desktop\shoppingcar\server\app\public
2020-01-08 08:35:15,335 INFO 5412 [egg-security] use methodnoallow middleware
2020-01-08 08:35:15,357 INFO 5412 [egg-security] use noopen middleware
2020-01-08 08:35:15,437 INFO 5412 [egg-security] use nosniff middleware
2020-01-08 08:35:15,453 INFO 5412 [egg-security] use xssProtection middleware
2020-01-08 08:35:15,463 INFO 5412 [egg-security] use xframe middleware
2020-01-08 08:35:15,479 INFO 5412 [egg-security] use dta middleware
2020-01-08 08:35:15,479 INFO 5412 [egg-security] compose 6 middlewares into one security middleware
2020-01-08 08:35:15,947 INFO 5412 [egg:core] dump config after load, 17ms
2020-01-08 08:35:15,954 INFO 5412 [egg-mongoose] starting...
2020-01-08 08:35:16,221 INFO 5412 [egg-mongoose] mongodb://127.0.0.1/shoppingMall connected successfully
2020-01-08 08:35:16,243 INFO 5412 [egg-mongoose] instance[0] start successfully
2020-01-08 08:35:16,246 INFO 5412 [egg-watcher:application] watcher start success
2020-01-08 08:35:16,299 INFO 5412 [egg:core] dump config after ready, 46ms
2020-01-08 19:57:44,731 INFO 2628 [egg:logger] init all loggers with options: {"dir":"C:\\Users\\Administrator\\Desktop\\shopping-master\\server\\logs\\server","encoding":"utf8","env":"local","level":"INFO","consoleLevel":"INFO","disableConsoleAfterReady":false,"outputJSON":false,"buffer":true,"appLogName":"server-web.log","coreLogName":"egg-web.log","agentLogName":"egg-agent.log","errorLogName":"common-error.log","coreLogger":{"consoleLevel":"WARN"},"allowDebugAtProd":false,"type":"application"}
2020-01-08 19:57:44,900 INFO 2628 [egg-multipart] stream mode enable
2020-01-08 19:57:46,243 INFO 2628 [egg-mongoose] connecting mongodb://127.0.0.1/shoppingMall
2020-01-08 19:57:47,647 INFO 2628 [egg-static] starting static serve /public/ -> C:\Users\Administrator\Desktop\shopping-master\server\app\public
2020-01-08 19:57:47,655 INFO 2628 [egg-security] use methodnoallow middleware
2020-01-08 19:57:47,657 INFO 2628 [egg-security] use noopen middleware
2020-01-08 19:57:47,661 INFO 2628 [egg-security] use nosniff middleware
2020-01-08 19:57:47,663 INFO 2628 [egg-security] use xssProtection middleware
2020-01-08 19:57:47,665 INFO 2628 [egg-security] use xframe middleware
2020-01-08 19:57:47,667 INFO 2628 [egg-security] use dta middleware
2020-01-08 19:57:47,667 INFO 2628 [egg-security] compose 6 middlewares into one security middleware
2020-01-08 19:57:47,735 INFO 2628 [egg:core] dump config after load, 14ms
2020-01-08 19:57:47,761 INFO 2628 [egg-mongoose] starting...
2020-01-08 19:57:47,907 INFO 2628 [egg-mongoose] mongodb://127.0.0.1/shoppingMall connected successfully
2020-01-08 19:57:48,029 INFO 2628 [egg-mongoose] instance[0] start successfully
2020-01-08 19:57:48,107 INFO 2628 [egg-watcher:application] watcher start success
2020-01-08 19:57:48,199 INFO 2628 [egg:core] dump config after ready, 17ms
2020-01-08 21:25:38,690 WARN 2628 [ClusterClient:Watcher] follower closed, and try to init it again
2020-01-09 08:45:29,455 INFO 3764 [egg:logger] init all loggers with options: {"dir":"C:\\Users\\Administrator\\Desktop\\shoppingcar\\server\\logs\\server","encoding":"utf8","env":"local","level":"INFO","consoleLevel":"INFO","disableConsoleAfterReady":false,"outputJSON":false,"buffer":true,"appLogName":"server-web.log","coreLogName":"egg-web.log","agentLogName":"egg-agent.log","errorLogName":"common-error.log","coreLogger":{"consoleLevel":"WARN"},"allowDebugAtProd":false,"type":"application"}
2020-01-09 08:45:29,633 INFO 3764 [egg-multipart] stream mode enable
2020-01-09 08:45:33,265 INFO 3764 [egg-mongoose] connecting mongodb://127.0.0.1/shoppingMall
2020-01-09 08:45:37,001 INFO 3764 [egg-static] starting static serve /public/ -> C:\Users\Administrator\Desktop\shoppingcar\server\app\public
2020-01-09 08:45:37,032 INFO 3764 [egg-security] use methodnoallow middleware
2020-01-09 08:45:37,039 INFO 3764 [egg-security] use noopen middleware
2020-01-09 08:45:37,063 INFO 3764 [egg-security] use nosniff middleware
2020-01-09 08:45:37,067 INFO 3764 [egg-security] use xssProtection middleware
2020-01-09 08:45:37,075 INFO 3764 [egg-security] use xframe middleware
2020-01-09 08:45:37,081 INFO 3764 [egg-security] use dta middleware
2020-01-09 08:45:37,081 INFO 3764 [egg-security] compose 6 middlewares into one security middleware
2020-01-09 08:45:37,478 INFO 3764 [egg:core] dump config after load, 33ms
2020-01-09 08:45:37,488 INFO 3764 [egg-mongoose] starting...
2020-01-09 08:45:37,693 INFO 3764 [egg-watcher:application] watcher start success
2020-01-09 08:45:37,709 INFO 3764 [egg-mongoose] mongodb://127.0.0.1/shoppingMall connected successfully
2020-01-09 08:45:37,724 INFO 3764 [egg-mongoose] instance[0] start successfully
2020-01-09 08:45:37,753 INFO 3764 [egg:core] dump config after ready, 26ms
