2020-01-05 17:19:54,158 ERROR 9432 [-/127.0.0.1/-/22ms POST /v1/collection] nodejs.TypeError: Cannot read property 'id' of null
    at OperatingGoodsController.collection (C:\Users\Administrator\Desktop\shopping-master\server\app\controller\api\operatingGoods.js:16:24)
    at runMicrotasks (<anonymous>)
    at processTicksAndRejections (internal/process/task_queues.js:97:5)
    at async C:\Users\Administrator\Desktop\shopping-master\server\app\middleware\isLogin.js:15:13
    at async C:\Users\Administrator\Desktop\shopping-master\server\node_modules\_egg-development@2.4.3@egg-development\app\middleware\egg_loader_trace.js:9:50
    at async xframe (C:\Users\Administrator\Desktop\shopping-master\server\node_modules\_egg-security@2.7.1@egg-security\lib\middlewares\xframe.js:7:5)
    at async xssProtection (C:\Users\Administrator\Desktop\shopping-master\server\node_modules\_egg-security@2.7.1@egg-security\lib\middlewares\xssProtection.js:7:5)
    at async nosniff (C:\Users\Administrator\Desktop\shopping-master\server\node_modules\_egg-security@2.7.1@egg-security\lib\middlewares\nosniff.js:8:5)
    at async noopen (C:\Users\Administrator\Desktop\shopping-master\server\node_modules\_egg-security@2.7.1@egg-security\lib\middlewares\noopen.js:8:5)
    at async session (C:\Users\Administrator\Desktop\shopping-master\server\node_modules\_koa-session@5.12.3@koa-session\index.js:41:7)
    at async bodyParser (C:\Users\Administrator\Desktop\shopping-master\server\node_modules\_koa-bodyparser@4.2.1@koa-bodyparser\index.js:86:5)
    at async C:\Users\Administrator\Desktop\shopping-master\server\node_modules\_koa-static-cache@5.1.2@koa-static-cache\index.js:51:63
    at async notfound (C:\Users\Administrator\Desktop\shopping-master\server\node_modules\_egg@2.26.0@egg\app\middleware\notfound.js:5:5)
    at async meta (C:\Users\Administrator\Desktop\shopping-master\server\node_modules\_egg@2.26.0@egg\app\middleware\meta.js:12:5)

pid: 9432
hostname: Win10-2020RHOZL

2020-01-05 17:19:59,856 ERROR 9432 [-/127.0.0.1/-/3ms POST /v1/collection] nodejs.TypeError: Cannot read property 'id' of null
    at OperatingGoodsController.collection (C:\Users\Administrator\Desktop\shopping-master\server\app\controller\api\operatingGoods.js:16:24)
    at runMicrotasks (<anonymous>)
    at processTicksAndRejections (internal/process/task_queues.js:97:5)
    at async C:\Users\Administrator\Desktop\shopping-master\server\app\middleware\isLogin.js:15:13
    at async C:\Users\Administrator\Desktop\shopping-master\server\node_modules\_egg-development@2.4.3@egg-development\app\middleware\egg_loader_trace.js:9:50
    at async xframe (C:\Users\Administrator\Desktop\shopping-master\server\node_modules\_egg-security@2.7.1@egg-security\lib\middlewares\xframe.js:7:5)
    at async xssProtection (C:\Users\Administrator\Desktop\shopping-master\server\node_modules\_egg-security@2.7.1@egg-security\lib\middlewares\xssProtection.js:7:5)
    at async nosniff (C:\Users\Administrator\Desktop\shopping-master\server\node_modules\_egg-security@2.7.1@egg-security\lib\middlewares\nosniff.js:8:5)
    at async noopen (C:\Users\Administrator\Desktop\shopping-master\server\node_modules\_egg-security@2.7.1@egg-security\lib\middlewares\noopen.js:8:5)
    at async session (C:\Users\Administrator\Desktop\shopping-master\server\node_modules\_koa-session@5.12.3@koa-session\index.js:41:7)
    at async bodyParser (C:\Users\Administrator\Desktop\shopping-master\server\node_modules\_koa-bodyparser@4.2.1@koa-bodyparser\index.js:86:5)
    at async C:\Users\Administrator\Desktop\shopping-master\server\node_modules\_koa-static-cache@5.1.2@koa-static-cache\index.js:51:63
    at async notfound (C:\Users\Administrator\Desktop\shopping-master\server\node_modules\_egg@2.26.0@egg\app\middleware\notfound.js:5:5)
    at async meta (C:\Users\Administrator\Desktop\shopping-master\server\node_modules\_egg@2.26.0@egg\app\middleware\meta.js:12:5)

pid: 9432
hostname: Win10-2020RHOZL

2020-01-06 22:09:20,462 ERROR 6364 [-/127.0.0.1/-/3ms POST /v1/cancelCollection] nodejs.CastError: Cast to string failed for value "{ id: 'e53c046465204d4fb8f22431cc2807e7' }" at path "cid" for model "Collection"
    at new CastError (C:\Users\Administrator\Desktop\shopping-master\server\node_modules\_mongoose@5.8.4@mongoose\lib\error\cast.js:39:11)
    at SchemaString.cast (C:\Users\Administrator\Desktop\shopping-master\server\node_modules\_mongoose@5.8.4@mongoose\lib\schema\string.js:583:11)
    at SchemaString.SchemaType.applySetters (C:\Users\Administrator\Desktop\shopping-master\server\node_modules\_mongoose@5.8.4@mongoose\lib\schematype.js:975:12)
    at SchemaString.SchemaType._castForQuery (C:\Users\Administrator\Desktop\shopping-master\server\node_modules\_mongoose@5.8.4@mongoose\lib\schematype.js:1389:15)
    at SchemaString.castForQuery (C:\Users\Administrator\Desktop\shopping-master\server\node_modules\_mongoose@5.8.4@mongoose\lib\schema\string.js:645:15)
    at SchemaString.SchemaType.castForQueryWrapper (C:\Users\Administrator\Desktop\shopping-master\server\node_modules\_mongoose@5.8.4@mongoose\lib\schematype.js:1358:15)
    at cast (C:\Users\Administrator\Desktop\shopping-master\server\node_modules\_mongoose@5.8.4@mongoose\lib\cast.js:260:34)
    at model.Query.Query.cast (C:\Users\Administrator\Desktop\shopping-master\server\node_modules\_mongoose@5.8.4@mongoose\lib\query.js:4683:12)
    at model.Query.Query._castConditions (C:\Users\Administrator\Desktop\shopping-master\server\node_modules\_mongoose@5.8.4@mongoose\lib\query.js:1861:10)
    at model.Query.<anonymous> (C:\Users\Administrator\Desktop\shopping-master\server\node_modules\_mongoose@5.8.4@mongoose\lib\query.js:2728:8)
    at model.Query._wrappedThunk [as _deleteOne] (C:\Users\Administrator\Desktop\shopping-master\server\node_modules\_mongoose@5.8.4@mongoose\lib\helpers\query\wrapThunk.js:16:8)
    at C:\Users\Administrator\Desktop\shopping-master\server\node_modules\_kareem@2.3.1@kareem\index.js:369:33
    at processTicksAndRejections (internal/process/task_queues.js:79:11)
stringValue: "\"{ id: 'e53c046465204d4fb8f22431cc2807e7' }\""
kind: "string"
value: {"id":"e53c046465204d4fb8f22431cc2807e7"}
path: "cid"
reason: null
message: "Cast to string failed for value \"{ id: 'e53c046465204d4fb8f22431cc2807e7' }\" at path \"cid\" for model \"Collection\""
name: "CastError"
model: undefined
pid: 6364
hostname: Win10-2020RHOZL

2020-01-06 22:09:21,767 ERROR 6364 [-/127.0.0.1/-/1ms POST /v1/cancelCollection] nodejs.CastError: Cast to string failed for value "{ id: 'e53c046465204d4fb8f22431cc2807e7' }" at path "cid" for model "Collection"
    at new CastError (C:\Users\Administrator\Desktop\shopping-master\server\node_modules\_mongoose@5.8.4@mongoose\lib\error\cast.js:39:11)
    at SchemaString.cast (C:\Users\Administrator\Desktop\shopping-master\server\node_modules\_mongoose@5.8.4@mongoose\lib\schema\string.js:583:11)
    at SchemaString.SchemaType.applySetters (C:\Users\Administrator\Desktop\shopping-master\server\node_modules\_mongoose@5.8.4@mongoose\lib\schematype.js:975:12)
    at SchemaString.SchemaType._castForQuery (C:\Users\Administrator\Desktop\shopping-master\server\node_modules\_mongoose@5.8.4@mongoose\lib\schematype.js:1389:15)
    at SchemaString.castForQuery (C:\Users\Administrator\Desktop\shopping-master\server\node_modules\_mongoose@5.8.4@mongoose\lib\schema\string.js:645:15)
    at SchemaString.SchemaType.castForQueryWrapper (C:\Users\Administrator\Desktop\shopping-master\server\node_modules\_mongoose@5.8.4@mongoose\lib\schematype.js:1358:15)
    at cast (C:\Users\Administrator\Desktop\shopping-master\server\node_modules\_mongoose@5.8.4@mongoose\lib\cast.js:260:34)
    at model.Query.Query.cast (C:\Users\Administrator\Desktop\shopping-master\server\node_modules\_mongoose@5.8.4@mongoose\lib\query.js:4683:12)
    at model.Query.Query._castConditions (C:\Users\Administrator\Desktop\shopping-master\server\node_modules\_mongoose@5.8.4@mongoose\lib\query.js:1861:10)
    at model.Query.<anonymous> (C:\Users\Administrator\Desktop\shopping-master\server\node_modules\_mongoose@5.8.4@mongoose\lib\query.js:2728:8)
    at model.Query._wrappedThunk [as _deleteOne] (C:\Users\Administrator\Desktop\shopping-master\server\node_modules\_mongoose@5.8.4@mongoose\lib\helpers\query\wrapThunk.js:16:8)
    at C:\Users\Administrator\Desktop\shopping-master\server\node_modules\_kareem@2.3.1@kareem\index.js:369:33
    at processTicksAndRejections (internal/process/task_queues.js:79:11)
stringValue: "\"{ id: 'e53c046465204d4fb8f22431cc2807e7' }\""
kind: "string"
value: {"id":"e53c046465204d4fb8f22431cc2807e7"}
path: "cid"
reason: null
message: "Cast to string failed for value \"{ id: 'e53c046465204d4fb8f22431cc2807e7' }\" at path \"cid\" for model \"Collection\""
name: "CastError"
model: undefined
pid: 6364
hostname: Win10-2020RHOZL

2020-01-08 14:23:37,771 ERROR 5412 [-/127.0.0.1/-/11ms POST /v1/search] nodejs.CastError: Cast to string failed for value "{ isTrusted: true }" at path "name" for model "Goods"
    at new CastError (C:\Users\Administrator\Desktop\shoppingcar\server\node_modules\_mongoose@5.8.4@mongoose\lib\error\cast.js:39:11)
    at SchemaString.cast (C:\Users\Administrator\Desktop\shoppingcar\server\node_modules\_mongoose@5.8.4@mongoose\lib\schema\string.js:583:11)
    at SchemaString.SchemaType.applySetters (C:\Users\Administrator\Desktop\shoppingcar\server\node_modules\_mongoose@5.8.4@mongoose\lib\schematype.js:975:12)
    at SchemaString.SchemaType._castForQuery (C:\Users\Administrator\Desktop\shoppingcar\server\node_modules\_mongoose@5.8.4@mongoose\lib\schematype.js:1389:15)
    at SchemaString.castForQuery (C:\Users\Administrator\Desktop\shoppingcar\server\node_modules\_mongoose@5.8.4@mongoose\lib\schema\string.js:645:15)
    at SchemaString.handleSingle (C:\Users\Administrator\Desktop\shoppingcar\server\node_modules\_mongoose@5.8.4@mongoose\lib\schema\string.js:592:15)
    at SchemaString.castForQuery (C:\Users\Administrator\Desktop\shoppingcar\server\node_modules\_mongoose@5.8.4@mongoose\lib\schema\string.js:638:20)
    at SchemaString.SchemaType.castForQueryWrapper (C:\Users\Administrator\Desktop\shoppingcar\server\node_modules\_mongoose@5.8.4@mongoose\lib\schematype.js:1353:17)
    at cast (C:\Users\Administrator\Desktop\shoppingcar\server\node_modules\_mongoose@5.8.4@mongoose\lib\cast.js:296:39)
    at model.Query.Query.cast (C:\Users\Administrator\Desktop\shoppingcar\server\node_modules\_mongoose@5.8.4@mongoose\lib\query.js:4683:12)
    at model.Query.<anonymous> (C:\Users\Administrator\Desktop\shoppingcar\server\node_modules\_mongoose@5.8.4@mongoose\lib\query.js:2254:10)
    at model.Query._wrappedThunk [as _countDocuments] (C:\Users\Administrator\Desktop\shoppingcar\server\node_modules\_mongoose@5.8.4@mongoose\lib\helpers\query\wrapThunk.js:16:8)
    at C:\Users\Administrator\Desktop\shoppingcar\server\node_modules\_kareem@2.3.1@kareem\index.js:369:33
    at processTicksAndRejections (internal/process/task_queues.js:75:11)
stringValue: "\"{ isTrusted: true }\""
kind: "string"
value: {"isTrusted":true}
path: "name"
reason: null
message: "Cast to string failed for value \"{ isTrusted: true }\" at path \"name\" for model \"Goods\""
name: "CastError"
model: undefined
pid: 5412
hostname: XTZ-20190626BHE

2020-01-08 14:23:48,536 ERROR 5412 [-/127.0.0.1/-/2ms POST /v1/search] nodejs.CastError: Cast to string failed for value "{ isTrusted: true }" at path "name" for model "Goods"
    at new CastError (C:\Users\Administrator\Desktop\shoppingcar\server\node_modules\_mongoose@5.8.4@mongoose\lib\error\cast.js:39:11)
    at SchemaString.cast (C:\Users\Administrator\Desktop\shoppingcar\server\node_modules\_mongoose@5.8.4@mongoose\lib\schema\string.js:583:11)
    at SchemaString.SchemaType.applySetters (C:\Users\Administrator\Desktop\shoppingcar\server\node_modules\_mongoose@5.8.4@mongoose\lib\schematype.js:975:12)
    at SchemaString.SchemaType._castForQuery (C:\Users\Administrator\Desktop\shoppingcar\server\node_modules\_mongoose@5.8.4@mongoose\lib\schematype.js:1389:15)
    at SchemaString.castForQuery (C:\Users\Administrator\Desktop\shoppingcar\server\node_modules\_mongoose@5.8.4@mongoose\lib\schema\string.js:645:15)
    at SchemaString.handleSingle (C:\Users\Administrator\Desktop\shoppingcar\server\node_modules\_mongoose@5.8.4@mongoose\lib\schema\string.js:592:15)
    at SchemaString.castForQuery (C:\Users\Administrator\Desktop\shoppingcar\server\node_modules\_mongoose@5.8.4@mongoose\lib\schema\string.js:638:20)
    at SchemaString.SchemaType.castForQueryWrapper (C:\Users\Administrator\Desktop\shoppingcar\server\node_modules\_mongoose@5.8.4@mongoose\lib\schematype.js:1353:17)
    at cast (C:\Users\Administrator\Desktop\shoppingcar\server\node_modules\_mongoose@5.8.4@mongoose\lib\cast.js:296:39)
    at model.Query.Query.cast (C:\Users\Administrator\Desktop\shoppingcar\server\node_modules\_mongoose@5.8.4@mongoose\lib\query.js:4683:12)
    at model.Query.<anonymous> (C:\Users\Administrator\Desktop\shoppingcar\server\node_modules\_mongoose@5.8.4@mongoose\lib\query.js:2254:10)
    at model.Query._wrappedThunk [as _countDocuments] (C:\Users\Administrator\Desktop\shoppingcar\server\node_modules\_mongoose@5.8.4@mongoose\lib\helpers\query\wrapThunk.js:16:8)
    at C:\Users\Administrator\Desktop\shoppingcar\server\node_modules\_kareem@2.3.1@kareem\index.js:369:33
    at processTicksAndRejections (internal/process/task_queues.js:75:11)
stringValue: "\"{ isTrusted: true }\""
kind: "string"
value: {"isTrusted":true}
path: "name"
reason: null
message: "Cast to string failed for value \"{ isTrusted: true }\" at path \"name\" for model \"Goods\""
name: "CastError"
model: undefined
pid: 5412
hostname: XTZ-20190626BHE

2020-01-08 14:23:53,091 ERROR 5412 [-/127.0.0.1/-/1ms POST /v1/search] nodejs.CastError: Cast to string failed for value "{ isTrusted: true }" at path "name" for model "Goods"
    at new CastError (C:\Users\Administrator\Desktop\shoppingcar\server\node_modules\_mongoose@5.8.4@mongoose\lib\error\cast.js:39:11)
    at SchemaString.cast (C:\Users\Administrator\Desktop\shoppingcar\server\node_modules\_mongoose@5.8.4@mongoose\lib\schema\string.js:583:11)
    at SchemaString.SchemaType.applySetters (C:\Users\Administrator\Desktop\shoppingcar\server\node_modules\_mongoose@5.8.4@mongoose\lib\schematype.js:975:12)
    at SchemaString.SchemaType._castForQuery (C:\Users\Administrator\Desktop\shoppingcar\server\node_modules\_mongoose@5.8.4@mongoose\lib\schematype.js:1389:15)
    at SchemaString.castForQuery (C:\Users\Administrator\Desktop\shoppingcar\server\node_modules\_mongoose@5.8.4@mongoose\lib\schema\string.js:645:15)
    at SchemaString.handleSingle (C:\Users\Administrator\Desktop\shoppingcar\server\node_modules\_mongoose@5.8.4@mongoose\lib\schema\string.js:592:15)
    at SchemaString.castForQuery (C:\Users\Administrator\Desktop\shoppingcar\server\node_modules\_mongoose@5.8.4@mongoose\lib\schema\string.js:638:20)
    at SchemaString.SchemaType.castForQueryWrapper (C:\Users\Administrator\Desktop\shoppingcar\server\node_modules\_mongoose@5.8.4@mongoose\lib\schematype.js:1353:17)
    at cast (C:\Users\Administrator\Desktop\shoppingcar\server\node_modules\_mongoose@5.8.4@mongoose\lib\cast.js:296:39)
    at model.Query.Query.cast (C:\Users\Administrator\Desktop\shoppingcar\server\node_modules\_mongoose@5.8.4@mongoose\lib\query.js:4683:12)
    at model.Query.<anonymous> (C:\Users\Administrator\Desktop\shoppingcar\server\node_modules\_mongoose@5.8.4@mongoose\lib\query.js:2254:10)
    at model.Query._wrappedThunk [as _countDocuments] (C:\Users\Administrator\Desktop\shoppingcar\server\node_modules\_mongoose@5.8.4@mongoose\lib\helpers\query\wrapThunk.js:16:8)
    at C:\Users\Administrator\Desktop\shoppingcar\server\node_modules\_kareem@2.3.1@kareem\index.js:369:33
    at processTicksAndRejections (internal/process/task_queues.js:75:11)
stringValue: "\"{ isTrusted: true }\""
kind: "string"
value: {"isTrusted":true}
path: "name"
reason: null
message: "Cast to string failed for value \"{ isTrusted: true }\" at path \"name\" for model \"Goods\""
name: "CastError"
model: undefined
pid: 5412
hostname: XTZ-20190626BHE

2020-01-08 14:24:06,343 ERROR 5412 [-/127.0.0.1/-/1ms POST /v1/search] nodejs.CastError: Cast to string failed for value "{ isTrusted: true }" at path "name" for model "Goods"
    at new CastError (C:\Users\Administrator\Desktop\shoppingcar\server\node_modules\_mongoose@5.8.4@mongoose\lib\error\cast.js:39:11)
    at SchemaString.cast (C:\Users\Administrator\Desktop\shoppingcar\server\node_modules\_mongoose@5.8.4@mongoose\lib\schema\string.js:583:11)
    at SchemaString.SchemaType.applySetters (C:\Users\Administrator\Desktop\shoppingcar\server\node_modules\_mongoose@5.8.4@mongoose\lib\schematype.js:975:12)
    at SchemaString.SchemaType._castForQuery (C:\Users\Administrator\Desktop\shoppingcar\server\node_modules\_mongoose@5.8.4@mongoose\lib\schematype.js:1389:15)
    at SchemaString.castForQuery (C:\Users\Administrator\Desktop\shoppingcar\server\node_modules\_mongoose@5.8.4@mongoose\lib\schema\string.js:645:15)
    at SchemaString.handleSingle (C:\Users\Administrator\Desktop\shoppingcar\server\node_modules\_mongoose@5.8.4@mongoose\lib\schema\string.js:592:15)
    at SchemaString.castForQuery (C:\Users\Administrator\Desktop\shoppingcar\server\node_modules\_mongoose@5.8.4@mongoose\lib\schema\string.js:638:20)
    at SchemaString.SchemaType.castForQueryWrapper (C:\Users\Administrator\Desktop\shoppingcar\server\node_modules\_mongoose@5.8.4@mongoose\lib\schematype.js:1353:17)
    at cast (C:\Users\Administrator\Desktop\shoppingcar\server\node_modules\_mongoose@5.8.4@mongoose\lib\cast.js:296:39)
    at model.Query.Query.cast (C:\Users\Administrator\Desktop\shoppingcar\server\node_modules\_mongoose@5.8.4@mongoose\lib\query.js:4683:12)
    at model.Query.<anonymous> (C:\Users\Administrator\Desktop\shoppingcar\server\node_modules\_mongoose@5.8.4@mongoose\lib\query.js:2254:10)
    at model.Query._wrappedThunk [as _countDocuments] (C:\Users\Administrator\Desktop\shoppingcar\server\node_modules\_mongoose@5.8.4@mongoose\lib\helpers\query\wrapThunk.js:16:8)
    at C:\Users\Administrator\Desktop\shoppingcar\server\node_modules\_kareem@2.3.1@kareem\index.js:369:33
    at processTicksAndRejections (internal/process/task_queues.js:75:11)
stringValue: "\"{ isTrusted: true }\""
kind: "string"
value: {"isTrusted":true}
path: "name"
reason: null
message: "Cast to string failed for value \"{ isTrusted: true }\" at path \"name\" for model \"Goods\""
name: "CastError"
model: undefined
pid: 5412
hostname: XTZ-20190626BHE

2020-01-08 14:24:10,867 ERROR 5412 [-/127.0.0.1/-/1ms POST /v1/search] nodejs.CastError: Cast to string failed for value "{ isTrusted: true }" at path "name" for model "Goods"
    at new CastError (C:\Users\Administrator\Desktop\shoppingcar\server\node_modules\_mongoose@5.8.4@mongoose\lib\error\cast.js:39:11)
    at SchemaString.cast (C:\Users\Administrator\Desktop\shoppingcar\server\node_modules\_mongoose@5.8.4@mongoose\lib\schema\string.js:583:11)
    at SchemaString.SchemaType.applySetters (C:\Users\Administrator\Desktop\shoppingcar\server\node_modules\_mongoose@5.8.4@mongoose\lib\schematype.js:975:12)
    at SchemaString.SchemaType._castForQuery (C:\Users\Administrator\Desktop\shoppingcar\server\node_modules\_mongoose@5.8.4@mongoose\lib\schematype.js:1389:15)
    at SchemaString.castForQuery (C:\Users\Administrator\Desktop\shoppingcar\server\node_modules\_mongoose@5.8.4@mongoose\lib\schema\string.js:645:15)
    at SchemaString.handleSingle (C:\Users\Administrator\Desktop\shoppingcar\server\node_modules\_mongoose@5.8.4@mongoose\lib\schema\string.js:592:15)
    at SchemaString.castForQuery (C:\Users\Administrator\Desktop\shoppingcar\server\node_modules\_mongoose@5.8.4@mongoose\lib\schema\string.js:638:20)
    at SchemaString.SchemaType.castForQueryWrapper (C:\Users\Administrator\Desktop\shoppingcar\server\node_modules\_mongoose@5.8.4@mongoose\lib\schematype.js:1353:17)
    at cast (C:\Users\Administrator\Desktop\shoppingcar\server\node_modules\_mongoose@5.8.4@mongoose\lib\cast.js:296:39)
    at model.Query.Query.cast (C:\Users\Administrator\Desktop\shoppingcar\server\node_modules\_mongoose@5.8.4@mongoose\lib\query.js:4683:12)
    at model.Query.<anonymous> (C:\Users\Administrator\Desktop\shoppingcar\server\node_modules\_mongoose@5.8.4@mongoose\lib\query.js:2254:10)
    at model.Query._wrappedThunk [as _countDocuments] (C:\Users\Administrator\Desktop\shoppingcar\server\node_modules\_mongoose@5.8.4@mongoose\lib\helpers\query\wrapThunk.js:16:8)
    at C:\Users\Administrator\Desktop\shoppingcar\server\node_modules\_kareem@2.3.1@kareem\index.js:369:33
    at processTicksAndRejections (internal/process/task_queues.js:75:11)
stringValue: "\"{ isTrusted: true }\""
kind: "string"
value: {"isTrusted":true}
path: "name"
reason: null
message: "Cast to string failed for value \"{ isTrusted: true }\" at path \"name\" for model \"Goods\""
name: "CastError"
model: undefined
pid: 5412
hostname: XTZ-20190626BHE

2020-01-09 17:43:53,560 ERROR 3764 [-/127.0.0.1/-/13ms POST /v1/order] nodejs.TypeError: Cannot read property 'count' of undefined
    at OperatingGoodsController.order (C:\Users\Administrator\Desktop\shoppingcar\server\app\controller\api\operatingGoods.js:197:34)
    at runMicrotasks (<anonymous>)
    at processTicksAndRejections (internal/process/task_queues.js:93:5)
    at async C:\Users\Administrator\Desktop\shoppingcar\server\app\middleware\isLogin.js:15:13
    at async C:\Users\Administrator\Desktop\shoppingcar\server\node_modules\_egg-development@2.4.3@egg-development\app\middleware\egg_loader_trace.js:9:50
    at async xframe (C:\Users\Administrator\Desktop\shoppingcar\server\node_modules\_egg-security@2.7.1@egg-security\lib\middlewares\xframe.js:7:5)
    at async xssProtection (C:\Users\Administrator\Desktop\shoppingcar\server\node_modules\_egg-security@2.7.1@egg-security\lib\middlewares\xssProtection.js:7:5)
    at async nosniff (C:\Users\Administrator\Desktop\shoppingcar\server\node_modules\_egg-security@2.7.1@egg-security\lib\middlewares\nosniff.js:8:5)
    at async noopen (C:\Users\Administrator\Desktop\shoppingcar\server\node_modules\_egg-security@2.7.1@egg-security\lib\middlewares\noopen.js:8:5)
    at async session (C:\Users\Administrator\Desktop\shoppingcar\server\node_modules\_koa-session@5.12.3@koa-session\index.js:41:7)
    at async bodyParser (C:\Users\Administrator\Desktop\shoppingcar\server\node_modules\_koa-bodyparser@4.2.1@koa-bodyparser\index.js:86:5)
    at async C:\Users\Administrator\Desktop\shoppingcar\server\node_modules\_koa-static-cache@5.1.2@koa-static-cache\index.js:51:63
    at async notfound (C:\Users\Administrator\Desktop\shoppingcar\server\node_modules\_egg@2.26.0@egg\app\middleware\notfound.js:5:5)
    at async meta (C:\Users\Administrator\Desktop\shoppingcar\server\node_modules\_egg@2.26.0@egg\app\middleware\meta.js:12:5)

pid: 3764
hostname: XTZ-20190626BHE

2020-01-11 10:54:02,604 ERROR 1336 [-/127.0.0.1/-/145ms POST /v1/goodsOne/comment] nodejs.TypeError: Cannot read property 'length' of undefined
    at OperatingGoodsController.comment (C:\Users\Administrator\Desktop\shoppingcar\server\app\controller\api\operatingGoods.js:247:24)
    at Object.callFn (C:\Users\Administrator\Desktop\shoppingcar\server\node_modules\_egg-core@4.17.4@egg-core\lib\utils\index.js:44:21)
    at Object.classControllerMiddleware (C:\Users\Administrator\Desktop\shoppingcar\server\node_modules\_egg-core@4.17.4@egg-core\lib\loader\mixin\controller.js:87:20)
    at Object.callFn (C:\Users\Administrator\Desktop\shoppingcar\server\node_modules\_@eggjs_router@2.0.0@@eggjs\router\lib\utils.js:12:21)
    at wrappedController (C:\Users\Administrator\Desktop\shoppingcar\server\node_modules\_@eggjs_router@2.0.0@@eggjs\router\lib\egg_router.js:322:18)
    at dispatch (C:\Users\Administrator\Desktop\shoppingcar\server\node_modules\_koa-compose@3.2.1@koa-compose\index.js:44:32)
    at next (C:\Users\Administrator\Desktop\shoppingcar\server\node_modules\_koa-compose@3.2.1@koa-compose\index.js:45:18)
    at C:\Users\Administrator\Desktop\shoppingcar\server\node_modules\_@eggjs_router@2.0.0@@eggjs\router\lib\router.js:190:18
    at dispatch (C:\Users\Administrator\Desktop\shoppingcar\server\node_modules\_koa-compose@3.2.1@koa-compose\index.js:44:32)
    at C:\Users\Administrator\Desktop\shoppingcar\server\node_modules\_koa-compose@3.2.1@koa-compose\index.js:36:12
    at dispatch (C:\Users\Administrator\Desktop\shoppingcar\server\node_modules\_@eggjs_router@2.0.0@@eggjs\router\lib\router.js:195:33)
    at dispatch (C:\Users\Administrator\Desktop\shoppingcar\server\node_modules\_koa-compose@4.1.0@koa-compose\index.js:42:32)
    at C:\Users\Administrator\Desktop\shoppingcar\server\app\middleware\isLogin.js:15:19
    at dispatch (C:\Users\Administrator\Desktop\shoppingcar\server\node_modules\_koa-compose@4.1.0@koa-compose\index.js:42:32)
    at C:\Users\Administrator\Desktop\shoppingcar\server\node_modules\_egg-development@2.4.3@egg-development\app\middleware\egg_loader_trace.js:9:56
    at dispatch (C:\Users\Administrator\Desktop\shoppingcar\server\node_modules\_koa-compose@4.1.0@koa-compose\index.js:42:32)

pid: 1336
hostname: XTZ-20190626BHE

2020-01-11 10:54:40,290 ERROR 1336 [-/127.0.0.1/-/3ms POST /v1/goodsOne/comment] nodejs.TypeError: Cannot read property 'length' of undefined
    at OperatingGoodsController.comment (C:\Users\Administrator\Desktop\shoppingcar\server\app\controller\api\operatingGoods.js:247:24)
    at Object.callFn (C:\Users\Administrator\Desktop\shoppingcar\server\node_modules\_egg-core@4.17.4@egg-core\lib\utils\index.js:44:21)
    at Object.classControllerMiddleware (C:\Users\Administrator\Desktop\shoppingcar\server\node_modules\_egg-core@4.17.4@egg-core\lib\loader\mixin\controller.js:87:20)
    at Object.callFn (C:\Users\Administrator\Desktop\shoppingcar\server\node_modules\_@eggjs_router@2.0.0@@eggjs\router\lib\utils.js:12:21)
    at wrappedController (C:\Users\Administrator\Desktop\shoppingcar\server\node_modules\_@eggjs_router@2.0.0@@eggjs\router\lib\egg_router.js:322:18)
    at dispatch (C:\Users\Administrator\Desktop\shoppingcar\server\node_modules\_koa-compose@3.2.1@koa-compose\index.js:44:32)
    at next (C:\Users\Administrator\Desktop\shoppingcar\server\node_modules\_koa-compose@3.2.1@koa-compose\index.js:45:18)
    at C:\Users\Administrator\Desktop\shoppingcar\server\node_modules\_@eggjs_router@2.0.0@@eggjs\router\lib\router.js:190:18
    at dispatch (C:\Users\Administrator\Desktop\shoppingcar\server\node_modules\_koa-compose@3.2.1@koa-compose\index.js:44:32)
    at C:\Users\Administrator\Desktop\shoppingcar\server\node_modules\_koa-compose@3.2.1@koa-compose\index.js:36:12
    at dispatch (C:\Users\Administrator\Desktop\shoppingcar\server\node_modules\_@eggjs_router@2.0.0@@eggjs\router\lib\router.js:195:33)
    at dispatch (C:\Users\Administrator\Desktop\shoppingcar\server\node_modules\_koa-compose@4.1.0@koa-compose\index.js:42:32)
    at C:\Users\Administrator\Desktop\shoppingcar\server\app\middleware\isLogin.js:15:19
    at dispatch (C:\Users\Administrator\Desktop\shoppingcar\server\node_modules\_koa-compose@4.1.0@koa-compose\index.js:42:32)
    at C:\Users\Administrator\Desktop\shoppingcar\server\node_modules\_egg-development@2.4.3@egg-development\app\middleware\egg_loader_trace.js:9:56
    at dispatch (C:\Users\Administrator\Desktop\shoppingcar\server\node_modules\_koa-compose@4.1.0@koa-compose\index.js:42:32)

pid: 1336
hostname: XTZ-20190626BHE

2020-01-11 15:02:29,905 ERROR 1336 [-/127.0.0.1/-/12ms POST /v1/addShop] nodejs.TypeError: Cannot read property 'present_price' of null
    at OperatingGoodsController.addShop (C:\Users\Administrator\Desktop\shoppingcar\server\app\controller\api\operatingGoods.js:61:38)
    at runMicrotasks (<anonymous>)
    at processTicksAndRejections (internal/process/task_queues.js:93:5)
    at async C:\Users\Administrator\Desktop\shoppingcar\server\app\middleware\isLogin.js:15:13
    at async C:\Users\Administrator\Desktop\shoppingcar\server\node_modules\_egg-development@2.4.3@egg-development\app\middleware\egg_loader_trace.js:9:50
    at async xframe (C:\Users\Administrator\Desktop\shoppingcar\server\node_modules\_egg-security@2.7.1@egg-security\lib\middlewares\xframe.js:7:5)
    at async xssProtection (C:\Users\Administrator\Desktop\shoppingcar\server\node_modules\_egg-security@2.7.1@egg-security\lib\middlewares\xssProtection.js:7:5)
    at async nosniff (C:\Users\Administrator\Desktop\shoppingcar\server\node_modules\_egg-security@2.7.1@egg-security\lib\middlewares\nosniff.js:8:5)
    at async noopen (C:\Users\Administrator\Desktop\shoppingcar\server\node_modules\_egg-security@2.7.1@egg-security\lib\middlewares\noopen.js:8:5)
    at async session (C:\Users\Administrator\Desktop\shoppingcar\server\node_modules\_koa-session@5.12.3@koa-session\index.js:41:7)
    at async bodyParser (C:\Users\Administrator\Desktop\shoppingcar\server\node_modules\_koa-bodyparser@4.2.1@koa-bodyparser\index.js:86:5)
    at async C:\Users\Administrator\Desktop\shoppingcar\server\node_modules\_koa-static-cache@5.1.2@koa-static-cache\index.js:51:63
    at async notfound (C:\Users\Administrator\Desktop\shoppingcar\server\node_modules\_egg@2.26.0@egg\app\middleware\notfound.js:5:5)
    at async meta (C:\Users\Administrator\Desktop\shoppingcar\server\node_modules\_egg@2.26.0@egg\app\middleware\meta.js:12:5)

pid: 1336
hostname: XTZ-20190626BHE

2020-01-11 15:02:53,332 ERROR 1336 [-/127.0.0.1/-/6ms POST /v1/addShop] nodejs.TypeError: Cannot read property 'present_price' of null
    at OperatingGoodsController.addShop (C:\Users\Administrator\Desktop\shoppingcar\server\app\controller\api\operatingGoods.js:61:38)
    at runMicrotasks (<anonymous>)
    at processTicksAndRejections (internal/process/task_queues.js:93:5)
    at async C:\Users\Administrator\Desktop\shoppingcar\server\app\middleware\isLogin.js:15:13
    at async C:\Users\Administrator\Desktop\shoppingcar\server\node_modules\_egg-development@2.4.3@egg-development\app\middleware\egg_loader_trace.js:9:50
    at async xframe (C:\Users\Administrator\Desktop\shoppingcar\server\node_modules\_egg-security@2.7.1@egg-security\lib\middlewares\xframe.js:7:5)
    at async xssProtection (C:\Users\Administrator\Desktop\shoppingcar\server\node_modules\_egg-security@2.7.1@egg-security\lib\middlewares\xssProtection.js:7:5)
    at async nosniff (C:\Users\Administrator\Desktop\shoppingcar\server\node_modules\_egg-security@2.7.1@egg-security\lib\middlewares\nosniff.js:8:5)
    at async noopen (C:\Users\Administrator\Desktop\shoppingcar\server\node_modules\_egg-security@2.7.1@egg-security\lib\middlewares\noopen.js:8:5)
    at async session (C:\Users\Administrator\Desktop\shoppingcar\server\node_modules\_koa-session@5.12.3@koa-session\index.js:41:7)
    at async bodyParser (C:\Users\Administrator\Desktop\shoppingcar\server\node_modules\_koa-bodyparser@4.2.1@koa-bodyparser\index.js:86:5)
    at async C:\Users\Administrator\Desktop\shoppingcar\server\node_modules\_koa-static-cache@5.1.2@koa-static-cache\index.js:51:63
    at async notfound (C:\Users\Administrator\Desktop\shoppingcar\server\node_modules\_egg@2.26.0@egg\app\middleware\notfound.js:5:5)
    at async meta (C:\Users\Administrator\Desktop\shoppingcar\server\node_modules\_egg@2.26.0@egg\app\middleware\meta.js:12:5)

pid: 1336
hostname: XTZ-20190626BHE

2020-01-11 15:04:29,041 ERROR 1336 [-/127.0.0.1/-/7ms POST /v1/addShop] nodejs.TypeError: Cannot read property 'present_price' of null
    at OperatingGoodsController.addShop (C:\Users\Administrator\Desktop\shoppingcar\server\app\controller\api\operatingGoods.js:61:38)
    at runMicrotasks (<anonymous>)
    at processTicksAndRejections (internal/process/task_queues.js:93:5)
    at async C:\Users\Administrator\Desktop\shoppingcar\server\app\middleware\isLogin.js:15:13
    at async C:\Users\Administrator\Desktop\shoppingcar\server\node_modules\_egg-development@2.4.3@egg-development\app\middleware\egg_loader_trace.js:9:50
    at async xframe (C:\Users\Administrator\Desktop\shoppingcar\server\node_modules\_egg-security@2.7.1@egg-security\lib\middlewares\xframe.js:7:5)
    at async xssProtection (C:\Users\Administrator\Desktop\shoppingcar\server\node_modules\_egg-security@2.7.1@egg-security\lib\middlewares\xssProtection.js:7:5)
    at async nosniff (C:\Users\Administrator\Desktop\shoppingcar\server\node_modules\_egg-security@2.7.1@egg-security\lib\middlewares\nosniff.js:8:5)
    at async noopen (C:\Users\Administrator\Desktop\shoppingcar\server\node_modules\_egg-security@2.7.1@egg-security\lib\middlewares\noopen.js:8:5)
    at async session (C:\Users\Administrator\Desktop\shoppingcar\server\node_modules\_koa-session@5.12.3@koa-session\index.js:41:7)
    at async bodyParser (C:\Users\Administrator\Desktop\shoppingcar\server\node_modules\_koa-bodyparser@4.2.1@koa-bodyparser\index.js:86:5)
    at async C:\Users\Administrator\Desktop\shoppingcar\server\node_modules\_koa-static-cache@5.1.2@koa-static-cache\index.js:51:63
    at async notfound (C:\Users\Administrator\Desktop\shoppingcar\server\node_modules\_egg@2.26.0@egg\app\middleware\notfound.js:5:5)
    at async meta (C:\Users\Administrator\Desktop\shoppingcar\server\node_modules\_egg@2.26.0@egg\app\middleware\meta.js:12:5)

pid: 1336
hostname: XTZ-20190626BHE

2020-01-11 15:15:30,585 ERROR 1336 [-/127.0.0.1/-/1ms POST /v1/evaluateOne] nodejs.Error: Argument passed in must be a single String of 12 bytes or a string of 24 hex characters
    at new ObjectID (C:\Users\Administrator\Desktop\shoppingcar\server\node_modules\_bson@1.1.3@bson\lib\bson\objectid.js:59:11)
    at ObjectID [as ObjectId] (C:\Users\Administrator\Desktop\shoppingcar\server\node_modules\_bson@1.1.3@bson\lib\bson\objectid.js:40:43)
    at UserController.evaluateOne (C:\Users\Administrator\Desktop\shoppingcar\server\app\controller\api\user.js:456:52)
    at Object.callFn (C:\Users\Administrator\Desktop\shoppingcar\server\node_modules\_egg-core@4.17.4@egg-core\lib\utils\index.js:44:21)
    at Object.classControllerMiddleware (C:\Users\Administrator\Desktop\shoppingcar\server\node_modules\_egg-core@4.17.4@egg-core\lib\loader\mixin\controller.js:87:20)
    at Object.callFn (C:\Users\Administrator\Desktop\shoppingcar\server\node_modules\_@eggjs_router@2.0.0@@eggjs\router\lib\utils.js:12:21)
    at wrappedController (C:\Users\Administrator\Desktop\shoppingcar\server\node_modules\_@eggjs_router@2.0.0@@eggjs\router\lib\egg_router.js:322:18)
    at dispatch (C:\Users\Administrator\Desktop\shoppingcar\server\node_modules\_koa-compose@3.2.1@koa-compose\index.js:44:32)
    at next (C:\Users\Administrator\Desktop\shoppingcar\server\node_modules\_koa-compose@3.2.1@koa-compose\index.js:45:18)
    at C:\Users\Administrator\Desktop\shoppingcar\server\node_modules\_@eggjs_router@2.0.0@@eggjs\router\lib\router.js:190:18
    at dispatch (C:\Users\Administrator\Desktop\shoppingcar\server\node_modules\_koa-compose@3.2.1@koa-compose\index.js:44:32)
    at C:\Users\Administrator\Desktop\shoppingcar\server\node_modules\_koa-compose@3.2.1@koa-compose\index.js:36:12
    at dispatch (C:\Users\Administrator\Desktop\shoppingcar\server\node_modules\_@eggjs_router@2.0.0@@eggjs\router\lib\router.js:195:33)
    at dispatch (C:\Users\Administrator\Desktop\shoppingcar\server\node_modules\_koa-compose@4.1.0@koa-compose\index.js:42:32)
    at C:\Users\Administrator\Desktop\shoppingcar\server\app\middleware\isLogin.js:15:19
    at dispatch (C:\Users\Administrator\Desktop\shoppingcar\server\node_modules\_koa-compose@4.1.0@koa-compose\index.js:42:32)

pid: 1336
hostname: XTZ-20190626BHE

2020-01-11 16:19:55,802 ERROR 4416 [-/127.0.0.1/-/15ms POST /v1/cancelCollection] nodejs.CastError: Cast to string failed for value "{ id: '245fc7d457e5454481db9620f0f9881f' }" at path "cid" for model "Collection"
    at new CastError (C:\Users\Administrator\Desktop\shoppingcar\server\node_modules\_mongoose@5.8.4@mongoose\lib\error\cast.js:39:11)
    at SchemaString.cast (C:\Users\Administrator\Desktop\shoppingcar\server\node_modules\_mongoose@5.8.4@mongoose\lib\schema\string.js:583:11)
    at SchemaString.SchemaType.applySetters (C:\Users\Administrator\Desktop\shoppingcar\server\node_modules\_mongoose@5.8.4@mongoose\lib\schematype.js:975:12)
    at SchemaString.SchemaType._castForQuery (C:\Users\Administrator\Desktop\shoppingcar\server\node_modules\_mongoose@5.8.4@mongoose\lib\schematype.js:1389:15)
    at SchemaString.castForQuery (C:\Users\Administrator\Desktop\shoppingcar\server\node_modules\_mongoose@5.8.4@mongoose\lib\schema\string.js:645:15)
    at SchemaString.SchemaType.castForQueryWrapper (C:\Users\Administrator\Desktop\shoppingcar\server\node_modules\_mongoose@5.8.4@mongoose\lib\schematype.js:1358:15)
    at cast (C:\Users\Administrator\Desktop\shoppingcar\server\node_modules\_mongoose@5.8.4@mongoose\lib\cast.js:260:34)
    at model.Query.Query.cast (C:\Users\Administrator\Desktop\shoppingcar\server\node_modules\_mongoose@5.8.4@mongoose\lib\query.js:4683:12)
    at model.Query.Query._castConditions (C:\Users\Administrator\Desktop\shoppingcar\server\node_modules\_mongoose@5.8.4@mongoose\lib\query.js:1861:10)
    at model.Query.<anonymous> (C:\Users\Administrator\Desktop\shoppingcar\server\node_modules\_mongoose@5.8.4@mongoose\lib\query.js:2728:8)
    at model.Query._wrappedThunk [as _deleteOne] (C:\Users\Administrator\Desktop\shoppingcar\server\node_modules\_mongoose@5.8.4@mongoose\lib\helpers\query\wrapThunk.js:16:8)
    at C:\Users\Administrator\Desktop\shoppingcar\server\node_modules\_kareem@2.3.1@kareem\index.js:369:33
    at processTicksAndRejections (internal/process/task_queues.js:75:11)
stringValue: "\"{ id: '245fc7d457e5454481db9620f0f9881f' }\""
kind: "string"
value: {"id":"245fc7d457e5454481db9620f0f9881f"}
path: "cid"
reason: null
message: "Cast to string failed for value \"{ id: '245fc7d457e5454481db9620f0f9881f' }\" at path \"cid\" for model \"Collection\""
name: "CastError"
model: undefined
pid: 4416
hostname: XTZ-20190626BHE

2020-01-11 16:19:56,637 ERROR 4416 [-/127.0.0.1/-/2ms POST /v1/cancelCollection] nodejs.CastError: Cast to string failed for value "{ id: '245fc7d457e5454481db9620f0f9881f' }" at path "cid" for model "Collection"
    at new CastError (C:\Users\Administrator\Desktop\shoppingcar\server\node_modules\_mongoose@5.8.4@mongoose\lib\error\cast.js:39:11)
    at SchemaString.cast (C:\Users\Administrator\Desktop\shoppingcar\server\node_modules\_mongoose@5.8.4@mongoose\lib\schema\string.js:583:11)
    at SchemaString.SchemaType.applySetters (C:\Users\Administrator\Desktop\shoppingcar\server\node_modules\_mongoose@5.8.4@mongoose\lib\schematype.js:975:12)
    at SchemaString.SchemaType._castForQuery (C:\Users\Administrator\Desktop\shoppingcar\server\node_modules\_mongoose@5.8.4@mongoose\lib\schematype.js:1389:15)
    at SchemaString.castForQuery (C:\Users\Administrator\Desktop\shoppingcar\server\node_modules\_mongoose@5.8.4@mongoose\lib\schema\string.js:645:15)
    at SchemaString.SchemaType.castForQueryWrapper (C:\Users\Administrator\Desktop\shoppingcar\server\node_modules\_mongoose@5.8.4@mongoose\lib\schematype.js:1358:15)
    at cast (C:\Users\Administrator\Desktop\shoppingcar\server\node_modules\_mongoose@5.8.4@mongoose\lib\cast.js:260:34)
    at model.Query.Query.cast (C:\Users\Administrator\Desktop\shoppingcar\server\node_modules\_mongoose@5.8.4@mongoose\lib\query.js:4683:12)
    at model.Query.Query._castConditions (C:\Users\Administrator\Desktop\shoppingcar\server\node_modules\_mongoose@5.8.4@mongoose\lib\query.js:1861:10)
    at model.Query.<anonymous> (C:\Users\Administrator\Desktop\shoppingcar\server\node_modules\_mongoose@5.8.4@mongoose\lib\query.js:2728:8)
    at model.Query._wrappedThunk [as _deleteOne] (C:\Users\Administrator\Desktop\shoppingcar\server\node_modules\_mongoose@5.8.4@mongoose\lib\helpers\query\wrapThunk.js:16:8)
    at C:\Users\Administrator\Desktop\shoppingcar\server\node_modules\_kareem@2.3.1@kareem\index.js:369:33
    at processTicksAndRejections (internal/process/task_queues.js:75:11)
stringValue: "\"{ id: '245fc7d457e5454481db9620f0f9881f' }\""
kind: "string"
value: {"id":"245fc7d457e5454481db9620f0f9881f"}
path: "cid"
reason: null
message: "Cast to string failed for value \"{ id: '245fc7d457e5454481db9620f0f9881f' }\" at path \"cid\" for model \"Collection\""
name: "CastError"
model: undefined
pid: 4416
hostname: XTZ-20190626BHE

2020-01-11 16:19:58,263 ERROR 4416 [-/127.0.0.1/-/2ms POST /v1/cancelCollection] nodejs.CastError: Cast to string failed for value "{ id: '245fc7d457e5454481db9620f0f9881f' }" at path "cid" for model "Collection"
    at new CastError (C:\Users\Administrator\Desktop\shoppingcar\server\node_modules\_mongoose@5.8.4@mongoose\lib\error\cast.js:39:11)
    at SchemaString.cast (C:\Users\Administrator\Desktop\shoppingcar\server\node_modules\_mongoose@5.8.4@mongoose\lib\schema\string.js:583:11)
    at SchemaString.SchemaType.applySetters (C:\Users\Administrator\Desktop\shoppingcar\server\node_modules\_mongoose@5.8.4@mongoose\lib\schematype.js:975:12)
    at SchemaString.SchemaType._castForQuery (C:\Users\Administrator\Desktop\shoppingcar\server\node_modules\_mongoose@5.8.4@mongoose\lib\schematype.js:1389:15)
    at SchemaString.castForQuery (C:\Users\Administrator\Desktop\shoppingcar\server\node_modules\_mongoose@5.8.4@mongoose\lib\schema\string.js:645:15)
    at SchemaString.SchemaType.castForQueryWrapper (C:\Users\Administrator\Desktop\shoppingcar\server\node_modules\_mongoose@5.8.4@mongoose\lib\schematype.js:1358:15)
    at cast (C:\Users\Administrator\Desktop\shoppingcar\server\node_modules\_mongoose@5.8.4@mongoose\lib\cast.js:260:34)
    at model.Query.Query.cast (C:\Users\Administrator\Desktop\shoppingcar\server\node_modules\_mongoose@5.8.4@mongoose\lib\query.js:4683:12)
    at model.Query.Query._castConditions (C:\Users\Administrator\Desktop\shoppingcar\server\node_modules\_mongoose@5.8.4@mongoose\lib\query.js:1861:10)
    at model.Query.<anonymous> (C:\Users\Administrator\Desktop\shoppingcar\server\node_modules\_mongoose@5.8.4@mongoose\lib\query.js:2728:8)
    at model.Query._wrappedThunk [as _deleteOne] (C:\Users\Administrator\Desktop\shoppingcar\server\node_modules\_mongoose@5.8.4@mongoose\lib\helpers\query\wrapThunk.js:16:8)
    at C:\Users\Administrator\Desktop\shoppingcar\server\node_modules\_kareem@2.3.1@kareem\index.js:369:33
    at processTicksAndRejections (internal/process/task_queues.js:75:11)
stringValue: "\"{ id: '245fc7d457e5454481db9620f0f9881f' }\""
kind: "string"
value: {"id":"245fc7d457e5454481db9620f0f9881f"}
path: "cid"
reason: null
message: "Cast to string failed for value \"{ id: '245fc7d457e5454481db9620f0f9881f' }\" at path \"cid\" for model \"Collection\""
name: "CastError"
model: undefined
pid: 4416
hostname: XTZ-20190626BHE

2020-01-11 16:19:59,127 ERROR 4416 [-/127.0.0.1/-/1ms POST /v1/cancelCollection] nodejs.CastError: Cast to string failed for value "{ id: '245fc7d457e5454481db9620f0f9881f' }" at path "cid" for model "Collection"
    at new CastError (C:\Users\Administrator\Desktop\shoppingcar\server\node_modules\_mongoose@5.8.4@mongoose\lib\error\cast.js:39:11)
    at SchemaString.cast (C:\Users\Administrator\Desktop\shoppingcar\server\node_modules\_mongoose@5.8.4@mongoose\lib\schema\string.js:583:11)
    at SchemaString.SchemaType.applySetters (C:\Users\Administrator\Desktop\shoppingcar\server\node_modules\_mongoose@5.8.4@mongoose\lib\schematype.js:975:12)
    at SchemaString.SchemaType._castForQuery (C:\Users\Administrator\Desktop\shoppingcar\server\node_modules\_mongoose@5.8.4@mongoose\lib\schematype.js:1389:15)
    at SchemaString.castForQuery (C:\Users\Administrator\Desktop\shoppingcar\server\node_modules\_mongoose@5.8.4@mongoose\lib\schema\string.js:645:15)
    at SchemaString.SchemaType.castForQueryWrapper (C:\Users\Administrator\Desktop\shoppingcar\server\node_modules\_mongoose@5.8.4@mongoose\lib\schematype.js:1358:15)
    at cast (C:\Users\Administrator\Desktop\shoppingcar\server\node_modules\_mongoose@5.8.4@mongoose\lib\cast.js:260:34)
    at model.Query.Query.cast (C:\Users\Administrator\Desktop\shoppingcar\server\node_modules\_mongoose@5.8.4@mongoose\lib\query.js:4683:12)
    at model.Query.Query._castConditions (C:\Users\Administrator\Desktop\shoppingcar\server\node_modules\_mongoose@5.8.4@mongoose\lib\query.js:1861:10)
    at model.Query.<anonymous> (C:\Users\Administrator\Desktop\shoppingcar\server\node_modules\_mongoose@5.8.4@mongoose\lib\query.js:2728:8)
    at model.Query._wrappedThunk [as _deleteOne] (C:\Users\Administrator\Desktop\shoppingcar\server\node_modules\_mongoose@5.8.4@mongoose\lib\helpers\query\wrapThunk.js:16:8)
    at C:\Users\Administrator\Desktop\shoppingcar\server\node_modules\_kareem@2.3.1@kareem\index.js:369:33
    at processTicksAndRejections (internal/process/task_queues.js:75:11)
stringValue: "\"{ id: '245fc7d457e5454481db9620f0f9881f' }\""
kind: "string"
value: {"id":"245fc7d457e5454481db9620f0f9881f"}
path: "cid"
reason: null
message: "Cast to string failed for value \"{ id: '245fc7d457e5454481db9620f0f9881f' }\" at path \"cid\" for model \"Collection\""
name: "CastError"
model: undefined
pid: 4416
hostname: XTZ-20190626BHE

2020-01-11 16:20:29,825 ERROR 4416 [-/127.0.0.1/-/2ms POST /v1/cancelCollection] nodejs.CastError: Cast to string failed for value "{ id: '245fc7d457e5454481db9620f0f9881f' }" at path "cid" for model "Collection"
    at new CastError (C:\Users\Administrator\Desktop\shoppingcar\server\node_modules\_mongoose@5.8.4@mongoose\lib\error\cast.js:39:11)
    at SchemaString.cast (C:\Users\Administrator\Desktop\shoppingcar\server\node_modules\_mongoose@5.8.4@mongoose\lib\schema\string.js:583:11)
    at SchemaString.SchemaType.applySetters (C:\Users\Administrator\Desktop\shoppingcar\server\node_modules\_mongoose@5.8.4@mongoose\lib\schematype.js:975:12)
    at SchemaString.SchemaType._castForQuery (C:\Users\Administrator\Desktop\shoppingcar\server\node_modules\_mongoose@5.8.4@mongoose\lib\schematype.js:1389:15)
    at SchemaString.castForQuery (C:\Users\Administrator\Desktop\shoppingcar\server\node_modules\_mongoose@5.8.4@mongoose\lib\schema\string.js:645:15)
    at SchemaString.SchemaType.castForQueryWrapper (C:\Users\Administrator\Desktop\shoppingcar\server\node_modules\_mongoose@5.8.4@mongoose\lib\schematype.js:1358:15)
    at cast (C:\Users\Administrator\Desktop\shoppingcar\server\node_modules\_mongoose@5.8.4@mongoose\lib\cast.js:260:34)
    at model.Query.Query.cast (C:\Users\Administrator\Desktop\shoppingcar\server\node_modules\_mongoose@5.8.4@mongoose\lib\query.js:4683:12)
    at model.Query.Query._castConditions (C:\Users\Administrator\Desktop\shoppingcar\server\node_modules\_mongoose@5.8.4@mongoose\lib\query.js:1861:10)
    at model.Query.<anonymous> (C:\Users\Administrator\Desktop\shoppingcar\server\node_modules\_mongoose@5.8.4@mongoose\lib\query.js:2728:8)
    at model.Query._wrappedThunk [as _deleteOne] (C:\Users\Administrator\Desktop\shoppingcar\server\node_modules\_mongoose@5.8.4@mongoose\lib\helpers\query\wrapThunk.js:16:8)
    at C:\Users\Administrator\Desktop\shoppingcar\server\node_modules\_kareem@2.3.1@kareem\index.js:369:33
    at processTicksAndRejections (internal/process/task_queues.js:75:11)
stringValue: "\"{ id: '245fc7d457e5454481db9620f0f9881f' }\""
kind: "string"
value: {"id":"245fc7d457e5454481db9620f0f9881f"}
path: "cid"
reason: null
message: "Cast to string failed for value \"{ id: '245fc7d457e5454481db9620f0f9881f' }\" at path \"cid\" for model \"Collection\""
name: "CastError"
model: undefined
pid: 4416
hostname: XTZ-20190626BHE

2020-01-11 16:21:06,684 ERROR 4416 [-/127.0.0.1/-/2ms POST /v1/cancelCollection] nodejs.CastError: Cast to string failed for value "{ id: '245fc7d457e5454481db9620f0f9881f' }" at path "cid" for model "Collection"
    at new CastError (C:\Users\Administrator\Desktop\shoppingcar\server\node_modules\_mongoose@5.8.4@mongoose\lib\error\cast.js:39:11)
    at SchemaString.cast (C:\Users\Administrator\Desktop\shoppingcar\server\node_modules\_mongoose@5.8.4@mongoose\lib\schema\string.js:583:11)
    at SchemaString.SchemaType.applySetters (C:\Users\Administrator\Desktop\shoppingcar\server\node_modules\_mongoose@5.8.4@mongoose\lib\schematype.js:975:12)
    at SchemaString.SchemaType._castForQuery (C:\Users\Administrator\Desktop\shoppingcar\server\node_modules\_mongoose@5.8.4@mongoose\lib\schematype.js:1389:15)
    at SchemaString.castForQuery (C:\Users\Administrator\Desktop\shoppingcar\server\node_modules\_mongoose@5.8.4@mongoose\lib\schema\string.js:645:15)
    at SchemaString.SchemaType.castForQueryWrapper (C:\Users\Administrator\Desktop\shoppingcar\server\node_modules\_mongoose@5.8.4@mongoose\lib\schematype.js:1358:15)
    at cast (C:\Users\Administrator\Desktop\shoppingcar\server\node_modules\_mongoose@5.8.4@mongoose\lib\cast.js:260:34)
    at model.Query.Query.cast (C:\Users\Administrator\Desktop\shoppingcar\server\node_modules\_mongoose@5.8.4@mongoose\lib\query.js:4683:12)
    at model.Query.Query._castConditions (C:\Users\Administrator\Desktop\shoppingcar\server\node_modules\_mongoose@5.8.4@mongoose\lib\query.js:1861:10)
    at model.Query.<anonymous> (C:\Users\Administrator\Desktop\shoppingcar\server\node_modules\_mongoose@5.8.4@mongoose\lib\query.js:2728:8)
    at model.Query._wrappedThunk [as _deleteOne] (C:\Users\Administrator\Desktop\shoppingcar\server\node_modules\_mongoose@5.8.4@mongoose\lib\helpers\query\wrapThunk.js:16:8)
    at C:\Users\Administrator\Desktop\shoppingcar\server\node_modules\_kareem@2.3.1@kareem\index.js:369:33
    at processTicksAndRejections (internal/process/task_queues.js:75:11)
stringValue: "\"{ id: '245fc7d457e5454481db9620f0f9881f' }\""
kind: "string"
value: {"id":"245fc7d457e5454481db9620f0f9881f"}
path: "cid"
reason: null
message: "Cast to string failed for value \"{ id: '245fc7d457e5454481db9620f0f9881f' }\" at path \"cid\" for model \"Collection\""
name: "CastError"
model: undefined
pid: 4416
hostname: XTZ-20190626BHE

2020-01-11 16:21:06,934 ERROR 4416 [-/127.0.0.1/-/2ms POST /v1/cancelCollection] nodejs.CastError: Cast to string failed for value "{ id: '245fc7d457e5454481db9620f0f9881f' }" at path "cid" for model "Collection"
    at new CastError (C:\Users\Administrator\Desktop\shoppingcar\server\node_modules\_mongoose@5.8.4@mongoose\lib\error\cast.js:39:11)
    at SchemaString.cast (C:\Users\Administrator\Desktop\shoppingcar\server\node_modules\_mongoose@5.8.4@mongoose\lib\schema\string.js:583:11)
    at SchemaString.SchemaType.applySetters (C:\Users\Administrator\Desktop\shoppingcar\server\node_modules\_mongoose@5.8.4@mongoose\lib\schematype.js:975:12)
    at SchemaString.SchemaType._castForQuery (C:\Users\Administrator\Desktop\shoppingcar\server\node_modules\_mongoose@5.8.4@mongoose\lib\schematype.js:1389:15)
    at SchemaString.castForQuery (C:\Users\Administrator\Desktop\shoppingcar\server\node_modules\_mongoose@5.8.4@mongoose\lib\schema\string.js:645:15)
    at SchemaString.SchemaType.castForQueryWrapper (C:\Users\Administrator\Desktop\shoppingcar\server\node_modules\_mongoose@5.8.4@mongoose\lib\schematype.js:1358:15)
    at cast (C:\Users\Administrator\Desktop\shoppingcar\server\node_modules\_mongoose@5.8.4@mongoose\lib\cast.js:260:34)
    at model.Query.Query.cast (C:\Users\Administrator\Desktop\shoppingcar\server\node_modules\_mongoose@5.8.4@mongoose\lib\query.js:4683:12)
    at model.Query.Query._castConditions (C:\Users\Administrator\Desktop\shoppingcar\server\node_modules\_mongoose@5.8.4@mongoose\lib\query.js:1861:10)
    at model.Query.<anonymous> (C:\Users\Administrator\Desktop\shoppingcar\server\node_modules\_mongoose@5.8.4@mongoose\lib\query.js:2728:8)
    at model.Query._wrappedThunk [as _deleteOne] (C:\Users\Administrator\Desktop\shoppingcar\server\node_modules\_mongoose@5.8.4@mongoose\lib\helpers\query\wrapThunk.js:16:8)
    at C:\Users\Administrator\Desktop\shoppingcar\server\node_modules\_kareem@2.3.1@kareem\index.js:369:33
    at processTicksAndRejections (internal/process/task_queues.js:75:11)
stringValue: "\"{ id: '245fc7d457e5454481db9620f0f9881f' }\""
kind: "string"
value: {"id":"245fc7d457e5454481db9620f0f9881f"}
path: "cid"
reason: null
message: "Cast to string failed for value \"{ id: '245fc7d457e5454481db9620f0f9881f' }\" at path \"cid\" for model \"Collection\""
name: "CastError"
model: undefined
pid: 4416
hostname: XTZ-20190626BHE

2020-01-11 16:21:07,290 ERROR 4416 [-/127.0.0.1/-/2ms POST /v1/cancelCollection] nodejs.CastError: Cast to string failed for value "{ id: '245fc7d457e5454481db9620f0f9881f' }" at path "cid" for model "Collection"
    at new CastError (C:\Users\Administrator\Desktop\shoppingcar\server\node_modules\_mongoose@5.8.4@mongoose\lib\error\cast.js:39:11)
    at SchemaString.cast (C:\Users\Administrator\Desktop\shoppingcar\server\node_modules\_mongoose@5.8.4@mongoose\lib\schema\string.js:583:11)
    at SchemaString.SchemaType.applySetters (C:\Users\Administrator\Desktop\shoppingcar\server\node_modules\_mongoose@5.8.4@mongoose\lib\schematype.js:975:12)
    at SchemaString.SchemaType._castForQuery (C:\Users\Administrator\Desktop\shoppingcar\server\node_modules\_mongoose@5.8.4@mongoose\lib\schematype.js:1389:15)
    at SchemaString.castForQuery (C:\Users\Administrator\Desktop\shoppingcar\server\node_modules\_mongoose@5.8.4@mongoose\lib\schema\string.js:645:15)
    at SchemaString.SchemaType.castForQueryWrapper (C:\Users\Administrator\Desktop\shoppingcar\server\node_modules\_mongoose@5.8.4@mongoose\lib\schematype.js:1358:15)
    at cast (C:\Users\Administrator\Desktop\shoppingcar\server\node_modules\_mongoose@5.8.4@mongoose\lib\cast.js:260:34)
    at model.Query.Query.cast (C:\Users\Administrator\Desktop\shoppingcar\server\node_modules\_mongoose@5.8.4@mongoose\lib\query.js:4683:12)
    at model.Query.Query._castConditions (C:\Users\Administrator\Desktop\shoppingcar\server\node_modules\_mongoose@5.8.4@mongoose\lib\query.js:1861:10)
    at model.Query.<anonymous> (C:\Users\Administrator\Desktop\shoppingcar\server\node_modules\_mongoose@5.8.4@mongoose\lib\query.js:2728:8)
    at model.Query._wrappedThunk [as _deleteOne] (C:\Users\Administrator\Desktop\shoppingcar\server\node_modules\_mongoose@5.8.4@mongoose\lib\helpers\query\wrapThunk.js:16:8)
    at C:\Users\Administrator\Desktop\shoppingcar\server\node_modules\_kareem@2.3.1@kareem\index.js:369:33
    at processTicksAndRejections (internal/process/task_queues.js:75:11)
stringValue: "\"{ id: '245fc7d457e5454481db9620f0f9881f' }\""
kind: "string"
value: {"id":"245fc7d457e5454481db9620f0f9881f"}
path: "cid"
reason: null
message: "Cast to string failed for value \"{ id: '245fc7d457e5454481db9620f0f9881f' }\" at path \"cid\" for model \"Collection\""
name: "CastError"
model: undefined
pid: 4416
hostname: XTZ-20190626BHE

2020-01-11 16:23:32,952 ERROR 4416 [-/127.0.0.1/-/1ms POST /v1/cancelCollection] nodejs.CastError: Cast to string failed for value "{ id: '245fc7d457e5454481db9620f0f9881f' }" at path "cid" for model "Collection"
    at new CastError (C:\Users\Administrator\Desktop\shoppingcar\server\node_modules\_mongoose@5.8.4@mongoose\lib\error\cast.js:39:11)
    at SchemaString.cast (C:\Users\Administrator\Desktop\shoppingcar\server\node_modules\_mongoose@5.8.4@mongoose\lib\schema\string.js:583:11)
    at SchemaString.SchemaType.applySetters (C:\Users\Administrator\Desktop\shoppingcar\server\node_modules\_mongoose@5.8.4@mongoose\lib\schematype.js:975:12)
    at SchemaString.SchemaType._castForQuery (C:\Users\Administrator\Desktop\shoppingcar\server\node_modules\_mongoose@5.8.4@mongoose\lib\schematype.js:1389:15)
    at SchemaString.castForQuery (C:\Users\Administrator\Desktop\shoppingcar\server\node_modules\_mongoose@5.8.4@mongoose\lib\schema\string.js:645:15)
    at SchemaString.SchemaType.castForQueryWrapper (C:\Users\Administrator\Desktop\shoppingcar\server\node_modules\_mongoose@5.8.4@mongoose\lib\schematype.js:1358:15)
    at cast (C:\Users\Administrator\Desktop\shoppingcar\server\node_modules\_mongoose@5.8.4@mongoose\lib\cast.js:260:34)
    at model.Query.Query.cast (C:\Users\Administrator\Desktop\shoppingcar\server\node_modules\_mongoose@5.8.4@mongoose\lib\query.js:4683:12)
    at model.Query.Query._castConditions (C:\Users\Administrator\Desktop\shoppingcar\server\node_modules\_mongoose@5.8.4@mongoose\lib\query.js:1861:10)
    at model.Query.<anonymous> (C:\Users\Administrator\Desktop\shoppingcar\server\node_modules\_mongoose@5.8.4@mongoose\lib\query.js:2728:8)
    at model.Query._wrappedThunk [as _deleteOne] (C:\Users\Administrator\Desktop\shoppingcar\server\node_modules\_mongoose@5.8.4@mongoose\lib\helpers\query\wrapThunk.js:16:8)
    at C:\Users\Administrator\Desktop\shoppingcar\server\node_modules\_kareem@2.3.1@kareem\index.js:369:33
    at processTicksAndRejections (internal/process/task_queues.js:75:11)
stringValue: "\"{ id: '245fc7d457e5454481db9620f0f9881f' }\""
kind: "string"
value: {"id":"245fc7d457e5454481db9620f0f9881f"}
path: "cid"
reason: null
message: "Cast to string failed for value \"{ id: '245fc7d457e5454481db9620f0f9881f' }\" at path \"cid\" for model \"Collection\""
name: "CastError"
model: undefined
pid: 4416
hostname: XTZ-20190626BHE

2020-01-11 16:23:34,253 ERROR 4416 [-/127.0.0.1/-/1ms POST /v1/cancelCollection] nodejs.CastError: Cast to string failed for value "{ id: '245fc7d457e5454481db9620f0f9881f' }" at path "cid" for model "Collection"
    at new CastError (C:\Users\Administrator\Desktop\shoppingcar\server\node_modules\_mongoose@5.8.4@mongoose\lib\error\cast.js:39:11)
    at SchemaString.cast (C:\Users\Administrator\Desktop\shoppingcar\server\node_modules\_mongoose@5.8.4@mongoose\lib\schema\string.js:583:11)
    at SchemaString.SchemaType.applySetters (C:\Users\Administrator\Desktop\shoppingcar\server\node_modules\_mongoose@5.8.4@mongoose\lib\schematype.js:975:12)
    at SchemaString.SchemaType._castForQuery (C:\Users\Administrator\Desktop\shoppingcar\server\node_modules\_mongoose@5.8.4@mongoose\lib\schematype.js:1389:15)
    at SchemaString.castForQuery (C:\Users\Administrator\Desktop\shoppingcar\server\node_modules\_mongoose@5.8.4@mongoose\lib\schema\string.js:645:15)
    at SchemaString.SchemaType.castForQueryWrapper (C:\Users\Administrator\Desktop\shoppingcar\server\node_modules\_mongoose@5.8.4@mongoose\lib\schematype.js:1358:15)
    at cast (C:\Users\Administrator\Desktop\shoppingcar\server\node_modules\_mongoose@5.8.4@mongoose\lib\cast.js:260:34)
    at model.Query.Query.cast (C:\Users\Administrator\Desktop\shoppingcar\server\node_modules\_mongoose@5.8.4@mongoose\lib\query.js:4683:12)
    at model.Query.Query._castConditions (C:\Users\Administrator\Desktop\shoppingcar\server\node_modules\_mongoose@5.8.4@mongoose\lib\query.js:1861:10)
    at model.Query.<anonymous> (C:\Users\Administrator\Desktop\shoppingcar\server\node_modules\_mongoose@5.8.4@mongoose\lib\query.js:2728:8)
    at model.Query._wrappedThunk [as _deleteOne] (C:\Users\Administrator\Desktop\shoppingcar\server\node_modules\_mongoose@5.8.4@mongoose\lib\helpers\query\wrapThunk.js:16:8)
    at C:\Users\Administrator\Desktop\shoppingcar\server\node_modules\_kareem@2.3.1@kareem\index.js:369:33
    at processTicksAndRejections (internal/process/task_queues.js:75:11)
stringValue: "\"{ id: '245fc7d457e5454481db9620f0f9881f' }\""
kind: "string"
value: {"id":"245fc7d457e5454481db9620f0f9881f"}
path: "cid"
reason: null
message: "Cast to string failed for value \"{ id: '245fc7d457e5454481db9620f0f9881f' }\" at path \"cid\" for model \"Collection\""
name: "CastError"
model: undefined
pid: 4416
hostname: XTZ-20190626BHE

2020-01-13 10:38:04,715 ERROR 3048 [-/127.0.0.1/-/5ms POST /v1/order] nodejs.TypeError: Cannot read property 'count' of undefined
    at OperatingGoodsController.order (C:\Users\Administrator\Desktop\shoppingcar\server\app\controller\api\operatingGoods.js:197:34)
    at runMicrotasks (<anonymous>)
    at processTicksAndRejections (internal/process/task_queues.js:93:5)
    at async C:\Users\Administrator\Desktop\shoppingcar\server\app\middleware\isLogin.js:15:13
    at async C:\Users\Administrator\Desktop\shoppingcar\server\node_modules\_egg-development@2.4.3@egg-development\app\middleware\egg_loader_trace.js:9:50
    at async xframe (C:\Users\Administrator\Desktop\shoppingcar\server\node_modules\_egg-security@2.7.1@egg-security\lib\middlewares\xframe.js:7:5)
    at async xssProtection (C:\Users\Administrator\Desktop\shoppingcar\server\node_modules\_egg-security@2.7.1@egg-security\lib\middlewares\xssProtection.js:7:5)
    at async nosniff (C:\Users\Administrator\Desktop\shoppingcar\server\node_modules\_egg-security@2.7.1@egg-security\lib\middlewares\nosniff.js:8:5)
    at async noopen (C:\Users\Administrator\Desktop\shoppingcar\server\node_modules\_egg-security@2.7.1@egg-security\lib\middlewares\noopen.js:8:5)
    at async session (C:\Users\Administrator\Desktop\shoppingcar\server\node_modules\_koa-session@5.12.3@koa-session\index.js:41:7)
    at async bodyParser (C:\Users\Administrator\Desktop\shoppingcar\server\node_modules\_koa-bodyparser@4.2.1@koa-bodyparser\index.js:86:5)
    at async C:\Users\Administrator\Desktop\shoppingcar\server\node_modules\_koa-static-cache@5.1.2@koa-static-cache\index.js:51:63
    at async notfound (C:\Users\Administrator\Desktop\shoppingcar\server\node_modules\_egg@2.26.0@egg\app\middleware\notfound.js:5:5)
    at async meta (C:\Users\Administrator\Desktop\shoppingcar\server\node_modules\_egg@2.26.0@egg\app\middleware\meta.js:12:5)

pid: 3048
hostname: XTZ-20190626BHE

2020-01-13 10:38:05,072 ERROR 3048 [-/127.0.0.1/-/3ms POST /v1/order] nodejs.TypeError: Cannot read property 'count' of undefined
    at OperatingGoodsController.order (C:\Users\Administrator\Desktop\shoppingcar\server\app\controller\api\operatingGoods.js:197:34)
    at runMicrotasks (<anonymous>)
    at processTicksAndRejections (internal/process/task_queues.js:93:5)
    at async C:\Users\Administrator\Desktop\shoppingcar\server\app\middleware\isLogin.js:15:13
    at async C:\Users\Administrator\Desktop\shoppingcar\server\node_modules\_egg-development@2.4.3@egg-development\app\middleware\egg_loader_trace.js:9:50
    at async xframe (C:\Users\Administrator\Desktop\shoppingcar\server\node_modules\_egg-security@2.7.1@egg-security\lib\middlewares\xframe.js:7:5)
    at async xssProtection (C:\Users\Administrator\Desktop\shoppingcar\server\node_modules\_egg-security@2.7.1@egg-security\lib\middlewares\xssProtection.js:7:5)
    at async nosniff (C:\Users\Administrator\Desktop\shoppingcar\server\node_modules\_egg-security@2.7.1@egg-security\lib\middlewares\nosniff.js:8:5)
    at async noopen (C:\Users\Administrator\Desktop\shoppingcar\server\node_modules\_egg-security@2.7.1@egg-security\lib\middlewares\noopen.js:8:5)
    at async session (C:\Users\Administrator\Desktop\shoppingcar\server\node_modules\_koa-session@5.12.3@koa-session\index.js:41:7)
    at async bodyParser (C:\Users\Administrator\Desktop\shoppingcar\server\node_modules\_koa-bodyparser@4.2.1@koa-bodyparser\index.js:86:5)
    at async C:\Users\Administrator\Desktop\shoppingcar\server\node_modules\_koa-static-cache@5.1.2@koa-static-cache\index.js:51:63
    at async notfound (C:\Users\Administrator\Desktop\shoppingcar\server\node_modules\_egg@2.26.0@egg\app\middleware\notfound.js:5:5)
    at async meta (C:\Users\Administrator\Desktop\shoppingcar\server\node_modules\_egg@2.26.0@egg\app\middleware\meta.js:12:5)

pid: 3048
hostname: XTZ-20190626BHE

2020-01-13 10:38:05,677 ERROR 3048 [-/127.0.0.1/-/3ms POST /v1/order] nodejs.TypeError: Cannot read property 'count' of undefined
    at OperatingGoodsController.order (C:\Users\Administrator\Desktop\shoppingcar\server\app\controller\api\operatingGoods.js:197:34)
    at runMicrotasks (<anonymous>)
    at processTicksAndRejections (internal/process/task_queues.js:93:5)
    at async C:\Users\Administrator\Desktop\shoppingcar\server\app\middleware\isLogin.js:15:13
    at async C:\Users\Administrator\Desktop\shoppingcar\server\node_modules\_egg-development@2.4.3@egg-development\app\middleware\egg_loader_trace.js:9:50
    at async xframe (C:\Users\Administrator\Desktop\shoppingcar\server\node_modules\_egg-security@2.7.1@egg-security\lib\middlewares\xframe.js:7:5)
    at async xssProtection (C:\Users\Administrator\Desktop\shoppingcar\server\node_modules\_egg-security@2.7.1@egg-security\lib\middlewares\xssProtection.js:7:5)
    at async nosniff (C:\Users\Administrator\Desktop\shoppingcar\server\node_modules\_egg-security@2.7.1@egg-security\lib\middlewares\nosniff.js:8:5)
    at async noopen (C:\Users\Administrator\Desktop\shoppingcar\server\node_modules\_egg-security@2.7.1@egg-security\lib\middlewares\noopen.js:8:5)
    at async session (C:\Users\Administrator\Desktop\shoppingcar\server\node_modules\_koa-session@5.12.3@koa-session\index.js:41:7)
    at async bodyParser (C:\Users\Administrator\Desktop\shoppingcar\server\node_modules\_koa-bodyparser@4.2.1@koa-bodyparser\index.js:86:5)
    at async C:\Users\Administrator\Desktop\shoppingcar\server\node_modules\_koa-static-cache@5.1.2@koa-static-cache\index.js:51:63
    at async notfound (C:\Users\Administrator\Desktop\shoppingcar\server\node_modules\_egg@2.26.0@egg\app\middleware\notfound.js:5:5)
    at async meta (C:\Users\Administrator\Desktop\shoppingcar\server\node_modules\_egg@2.26.0@egg\app\middleware\meta.js:12:5)

pid: 3048
hostname: XTZ-20190626BHE

2020-01-13 10:38:05,928 ERROR 3048 [-/127.0.0.1/-/3ms POST /v1/order] nodejs.TypeError: Cannot read property 'count' of undefined
    at OperatingGoodsController.order (C:\Users\Administrator\Desktop\shoppingcar\server\app\controller\api\operatingGoods.js:197:34)
    at runMicrotasks (<anonymous>)
    at processTicksAndRejections (internal/process/task_queues.js:93:5)
    at async C:\Users\Administrator\Desktop\shoppingcar\server\app\middleware\isLogin.js:15:13
    at async C:\Users\Administrator\Desktop\shoppingcar\server\node_modules\_egg-development@2.4.3@egg-development\app\middleware\egg_loader_trace.js:9:50
    at async xframe (C:\Users\Administrator\Desktop\shoppingcar\server\node_modules\_egg-security@2.7.1@egg-security\lib\middlewares\xframe.js:7:5)
    at async xssProtection (C:\Users\Administrator\Desktop\shoppingcar\server\node_modules\_egg-security@2.7.1@egg-security\lib\middlewares\xssProtection.js:7:5)
    at async nosniff (C:\Users\Administrator\Desktop\shoppingcar\server\node_modules\_egg-security@2.7.1@egg-security\lib\middlewares\nosniff.js:8:5)
    at async noopen (C:\Users\Administrator\Desktop\shoppingcar\server\node_modules\_egg-security@2.7.1@egg-security\lib\middlewares\noopen.js:8:5)
    at async session (C:\Users\Administrator\Desktop\shoppingcar\server\node_modules\_koa-session@5.12.3@koa-session\index.js:41:7)
    at async bodyParser (C:\Users\Administrator\Desktop\shoppingcar\server\node_modules\_koa-bodyparser@4.2.1@koa-bodyparser\index.js:86:5)
    at async C:\Users\Administrator\Desktop\shoppingcar\server\node_modules\_koa-static-cache@5.1.2@koa-static-cache\index.js:51:63
    at async notfound (C:\Users\Administrator\Desktop\shoppingcar\server\node_modules\_egg@2.26.0@egg\app\middleware\notfound.js:5:5)
    at async meta (C:\Users\Administrator\Desktop\shoppingcar\server\node_modules\_egg@2.26.0@egg\app\middleware\meta.js:12:5)

pid: 3048
hostname: XTZ-20190626BHE

2020-01-13 10:38:06,240 ERROR 3048 [-/127.0.0.1/-/4ms POST /v1/order] nodejs.TypeError: Cannot read property 'count' of undefined
    at OperatingGoodsController.order (C:\Users\Administrator\Desktop\shoppingcar\server\app\controller\api\operatingGoods.js:197:34)
    at runMicrotasks (<anonymous>)
    at processTicksAndRejections (internal/process/task_queues.js:93:5)
    at async C:\Users\Administrator\Desktop\shoppingcar\server\app\middleware\isLogin.js:15:13
    at async C:\Users\Administrator\Desktop\shoppingcar\server\node_modules\_egg-development@2.4.3@egg-development\app\middleware\egg_loader_trace.js:9:50
    at async xframe (C:\Users\Administrator\Desktop\shoppingcar\server\node_modules\_egg-security@2.7.1@egg-security\lib\middlewares\xframe.js:7:5)
    at async xssProtection (C:\Users\Administrator\Desktop\shoppingcar\server\node_modules\_egg-security@2.7.1@egg-security\lib\middlewares\xssProtection.js:7:5)
    at async nosniff (C:\Users\Administrator\Desktop\shoppingcar\server\node_modules\_egg-security@2.7.1@egg-security\lib\middlewares\nosniff.js:8:5)
    at async noopen (C:\Users\Administrator\Desktop\shoppingcar\server\node_modules\_egg-security@2.7.1@egg-security\lib\middlewares\noopen.js:8:5)
    at async session (C:\Users\Administrator\Desktop\shoppingcar\server\node_modules\_koa-session@5.12.3@koa-session\index.js:41:7)
    at async bodyParser (C:\Users\Administrator\Desktop\shoppingcar\server\node_modules\_koa-bodyparser@4.2.1@koa-bodyparser\index.js:86:5)
    at async C:\Users\Administrator\Desktop\shoppingcar\server\node_modules\_koa-static-cache@5.1.2@koa-static-cache\index.js:51:63
    at async notfound (C:\Users\Administrator\Desktop\shoppingcar\server\node_modules\_egg@2.26.0@egg\app\middleware\notfound.js:5:5)
    at async meta (C:\Users\Administrator\Desktop\shoppingcar\server\node_modules\_egg@2.26.0@egg\app\middleware\meta.js:12:5)

pid: 3048
hostname: XTZ-20190626BHE

2020-01-13 10:38:06,927 ERROR 3048 [-/127.0.0.1/-/2ms POST /v1/order] nodejs.TypeError: Cannot read property 'count' of undefined
    at OperatingGoodsController.order (C:\Users\Administrator\Desktop\shoppingcar\server\app\controller\api\operatingGoods.js:197:34)
    at runMicrotasks (<anonymous>)
    at processTicksAndRejections (internal/process/task_queues.js:93:5)
    at async C:\Users\Administrator\Desktop\shoppingcar\server\app\middleware\isLogin.js:15:13
    at async C:\Users\Administrator\Desktop\shoppingcar\server\node_modules\_egg-development@2.4.3@egg-development\app\middleware\egg_loader_trace.js:9:50
    at async xframe (C:\Users\Administrator\Desktop\shoppingcar\server\node_modules\_egg-security@2.7.1@egg-security\lib\middlewares\xframe.js:7:5)
    at async xssProtection (C:\Users\Administrator\Desktop\shoppingcar\server\node_modules\_egg-security@2.7.1@egg-security\lib\middlewares\xssProtection.js:7:5)
    at async nosniff (C:\Users\Administrator\Desktop\shoppingcar\server\node_modules\_egg-security@2.7.1@egg-security\lib\middlewares\nosniff.js:8:5)
    at async noopen (C:\Users\Administrator\Desktop\shoppingcar\server\node_modules\_egg-security@2.7.1@egg-security\lib\middlewares\noopen.js:8:5)
    at async session (C:\Users\Administrator\Desktop\shoppingcar\server\node_modules\_koa-session@5.12.3@koa-session\index.js:41:7)
    at async bodyParser (C:\Users\Administrator\Desktop\shoppingcar\server\node_modules\_koa-bodyparser@4.2.1@koa-bodyparser\index.js:86:5)
    at async C:\Users\Administrator\Desktop\shoppingcar\server\node_modules\_koa-static-cache@5.1.2@koa-static-cache\index.js:51:63
    at async notfound (C:\Users\Administrator\Desktop\shoppingcar\server\node_modules\_egg@2.26.0@egg\app\middleware\notfound.js:5:5)
    at async meta (C:\Users\Administrator\Desktop\shoppingcar\server\node_modules\_egg@2.26.0@egg\app\middleware\meta.js:12:5)

pid: 3048
hostname: XTZ-20190626BHE

2020-01-13 10:38:07,151 ERROR 3048 [-/127.0.0.1/-/4ms POST /v1/order] nodejs.TypeError: Cannot read property 'count' of undefined
    at OperatingGoodsController.order (C:\Users\Administrator\Desktop\shoppingcar\server\app\controller\api\operatingGoods.js:197:34)
    at runMicrotasks (<anonymous>)
    at processTicksAndRejections (internal/process/task_queues.js:93:5)
    at async C:\Users\Administrator\Desktop\shoppingcar\server\app\middleware\isLogin.js:15:13
    at async C:\Users\Administrator\Desktop\shoppingcar\server\node_modules\_egg-development@2.4.3@egg-development\app\middleware\egg_loader_trace.js:9:50
    at async xframe (C:\Users\Administrator\Desktop\shoppingcar\server\node_modules\_egg-security@2.7.1@egg-security\lib\middlewares\xframe.js:7:5)
    at async xssProtection (C:\Users\Administrator\Desktop\shoppingcar\server\node_modules\_egg-security@2.7.1@egg-security\lib\middlewares\xssProtection.js:7:5)
    at async nosniff (C:\Users\Administrator\Desktop\shoppingcar\server\node_modules\_egg-security@2.7.1@egg-security\lib\middlewares\nosniff.js:8:5)
    at async noopen (C:\Users\Administrator\Desktop\shoppingcar\server\node_modules\_egg-security@2.7.1@egg-security\lib\middlewares\noopen.js:8:5)
    at async session (C:\Users\Administrator\Desktop\shoppingcar\server\node_modules\_koa-session@5.12.3@koa-session\index.js:41:7)
    at async bodyParser (C:\Users\Administrator\Desktop\shoppingcar\server\node_modules\_koa-bodyparser@4.2.1@koa-bodyparser\index.js:86:5)
    at async C:\Users\Administrator\Desktop\shoppingcar\server\node_modules\_koa-static-cache@5.1.2@koa-static-cache\index.js:51:63
    at async notfound (C:\Users\Administrator\Desktop\shoppingcar\server\node_modules\_egg@2.26.0@egg\app\middleware\notfound.js:5:5)
    at async meta (C:\Users\Administrator\Desktop\shoppingcar\server\node_modules\_egg@2.26.0@egg\app\middleware\meta.js:12:5)

pid: 3048
hostname: XTZ-20190626BHE

2020-01-13 10:38:07,176 ERROR 3048 [-/127.0.0.1/-/3ms POST /v1/order] nodejs.TypeError: Cannot read property 'count' of undefined
    at OperatingGoodsController.order (C:\Users\Administrator\Desktop\shoppingcar\server\app\controller\api\operatingGoods.js:197:34)
    at runMicrotasks (<anonymous>)
    at processTicksAndRejections (internal/process/task_queues.js:93:5)
    at async C:\Users\Administrator\Desktop\shoppingcar\server\app\middleware\isLogin.js:15:13
    at async C:\Users\Administrator\Desktop\shoppingcar\server\node_modules\_egg-development@2.4.3@egg-development\app\middleware\egg_loader_trace.js:9:50
    at async xframe (C:\Users\Administrator\Desktop\shoppingcar\server\node_modules\_egg-security@2.7.1@egg-security\lib\middlewares\xframe.js:7:5)
    at async xssProtection (C:\Users\Administrator\Desktop\shoppingcar\server\node_modules\_egg-security@2.7.1@egg-security\lib\middlewares\xssProtection.js:7:5)
    at async nosniff (C:\Users\Administrator\Desktop\shoppingcar\server\node_modules\_egg-security@2.7.1@egg-security\lib\middlewares\nosniff.js:8:5)
    at async noopen (C:\Users\Administrator\Desktop\shoppingcar\server\node_modules\_egg-security@2.7.1@egg-security\lib\middlewares\noopen.js:8:5)
    at async session (C:\Users\Administrator\Desktop\shoppingcar\server\node_modules\_koa-session@5.12.3@koa-session\index.js:41:7)
    at async bodyParser (C:\Users\Administrator\Desktop\shoppingcar\server\node_modules\_koa-bodyparser@4.2.1@koa-bodyparser\index.js:86:5)
    at async C:\Users\Administrator\Desktop\shoppingcar\server\node_modules\_koa-static-cache@5.1.2@koa-static-cache\index.js:51:63
    at async notfound (C:\Users\Administrator\Desktop\shoppingcar\server\node_modules\_egg@2.26.0@egg\app\middleware\notfound.js:5:5)
    at async meta (C:\Users\Administrator\Desktop\shoppingcar\server\node_modules\_egg@2.26.0@egg\app\middleware\meta.js:12:5)

pid: 3048
hostname: XTZ-20190626BHE

2020-01-13 10:38:07,349 ERROR 3048 [-/127.0.0.1/-/2ms POST /v1/order] nodejs.TypeError: Cannot read property 'count' of undefined
    at OperatingGoodsController.order (C:\Users\Administrator\Desktop\shoppingcar\server\app\controller\api\operatingGoods.js:197:34)
    at runMicrotasks (<anonymous>)
    at processTicksAndRejections (internal/process/task_queues.js:93:5)
    at async C:\Users\Administrator\Desktop\shoppingcar\server\app\middleware\isLogin.js:15:13
    at async C:\Users\Administrator\Desktop\shoppingcar\server\node_modules\_egg-development@2.4.3@egg-development\app\middleware\egg_loader_trace.js:9:50
    at async xframe (C:\Users\Administrator\Desktop\shoppingcar\server\node_modules\_egg-security@2.7.1@egg-security\lib\middlewares\xframe.js:7:5)
    at async xssProtection (C:\Users\Administrator\Desktop\shoppingcar\server\node_modules\_egg-security@2.7.1@egg-security\lib\middlewares\xssProtection.js:7:5)
    at async nosniff (C:\Users\Administrator\Desktop\shoppingcar\server\node_modules\_egg-security@2.7.1@egg-security\lib\middlewares\nosniff.js:8:5)
    at async noopen (C:\Users\Administrator\Desktop\shoppingcar\server\node_modules\_egg-security@2.7.1@egg-security\lib\middlewares\noopen.js:8:5)
    at async session (C:\Users\Administrator\Desktop\shoppingcar\server\node_modules\_koa-session@5.12.3@koa-session\index.js:41:7)
    at async bodyParser (C:\Users\Administrator\Desktop\shoppingcar\server\node_modules\_koa-bodyparser@4.2.1@koa-bodyparser\index.js:86:5)
    at async C:\Users\Administrator\Desktop\shoppingcar\server\node_modules\_koa-static-cache@5.1.2@koa-static-cache\index.js:51:63
    at async notfound (C:\Users\Administrator\Desktop\shoppingcar\server\node_modules\_egg@2.26.0@egg\app\middleware\notfound.js:5:5)
    at async meta (C:\Users\Administrator\Desktop\shoppingcar\server\node_modules\_egg@2.26.0@egg\app\middleware\meta.js:12:5)

pid: 3048
hostname: XTZ-20190626BHE

